#
# A fatal error has been detected by the Java Runtime Environment:
#
#  EXCEPTION_ACCESS_VIOLATION (0xc0000005) at pc=0x000000007110b5db, pid=12440, tid=12284
#
# JRE version: OpenJDK Runtime Environment (11.0+28) (build 11+28)
# Java VM: OpenJDK 64-Bit Server VM (11+28, mixed mode, tiered, compressed oops, g1 gc, windows-amd64)
# Problematic frame:
# C  [jSSC-2.8_x86_64.dll+0xb5db]
#
# No core dump will be written. Minidumps are not enabled by default on client versions of Windows
#
# If you would like to submit a bug report, please visit:
#   http://bugreport.java.com/bugreport/crash.jsp
# The crash happened outside the Java Virtual Machine in native code.
# See problematic frame for where to report the bug.
#

---------------  S U M M A R Y ------------

Command Line: --add-modules=javafx.controls,javafx.fxml --module-path=C:\Users\svivan54\.gradle\caches\modules-2\files-2.1\org.openjfx\javafx-fxml\13\ee55786ffd820bb7c8dd43d127a54b1141639e29\javafx-fxml-13-win.jar;C:\Users\svivan54\.gradle\caches\modules-2\files-2.1\org.openjfx\javafx-controls\13\7524fd4ab57de51637adb0e99f0220a1ae0ae4dd\javafx-controls-13-win.jar;C:\Users\svivan54\.gradle\caches\modules-2\files-2.1\org.openjfx\javafx-graphics\13\bbcbc616702a086567585183efcb0ab8eb22a66b\javafx-graphics-13-win.jar;C:\Users\svivan54\.gradle\caches\modules-2\files-2.1\org.openjfx\javafx-base\13\6386f02a2b71d8b503c6ca3cd2d2dcb382ce86b4\javafx-base-13-win.jar -agentlib:jdwp=transport=dt_socket,server=n,suspend=y,address=60561 -Dfile.encoding=windows-1251 -Duser.country=RU -Duser.language=ru -Duser.variant ru.bati4eli.pids.exchange.client.app.FxApplication

Host: Intel(R) Core(TM) i7-8650U CPU @ 1.90GHz, 8 cores, 7G,  Windows 10 , 64 bit Build 18362 (10.0.18362.959)
Time: Sun Sep 20 17:15:00 2020 RTZ 2 (ceia) elapsed time: 72 seconds (0d 0h 1m 12s)

---------------  T H R E A D  ---------------

Current thread (0x0000021ad7a40000):  JavaThread "JavaFX Application Thread" [_thread_in_native, id=12284, stack(0x000000fecc100000,0x000000fecc200000)]

Stack: [0x000000fecc100000,0x000000fecc200000],  sp=0x000000fecc1fb4d0,  free space=1005k
Native frames: (J=compiled Java code, j=interpreted, Vv=VM code, C=native code)
C  [jSSC-2.8_x86_64.dll+0xb5db]

Java frames: (J=compiled Java code, j=interpreted, Vv=VM code)
j  jssc.SerialNativeInterface.openPort(Ljava/lang/String;Z)J+0
j  jssc.SerialPort.openPort()Z+65
j  jssc.SerialPort$openPort.call(Ljava/lang/Object;[Ljava/lang/Object;)Ljava/lang/Object;+13
j  org.codehaus.groovy.runtime.callsite.CallSiteArray.defaultCall(Lorg/codehaus/groovy/runtime/callsite/CallSite;Ljava/lang/Object;[Ljava/lang/Object;)Ljava/lang/Object;+8
j  org.codehaus.groovy.runtime.callsite.AbstractCallSite.call(Ljava/lang/Object;[Ljava/lang/Object;)Ljava/lang/Object;+3
j  org.codehaus.groovy.runtime.callsite.AbstractCallSite.call(Ljava/lang/Object;)Ljava/lang/Object;+5
j  ru.bati4eli.pids.exchange.client.services.SerialPortService.connect(Ljava/lang/String;)V+54
j  ru.bati4eli.pids.exchange.client.services.SerialPortService$connect.callCurrent(Lgroovy/lang/GroovyObject;[Ljava/lang/Object;)Ljava/lang/Object;+19
j  org.codehaus.groovy.runtime.callsite.CallSiteArray.defaultCallCurrent(Lorg/codehaus/groovy/runtime/callsite/CallSite;Lgroovy/lang/GroovyObject;[Ljava/lang/Object;)Ljava/lang/Object;+17
j  org.codehaus.groovy.runtime.callsite.AbstractCallSite.callCurrent(Lgroovy/lang/GroovyObject;[Ljava/lang/Object;)Ljava/lang/Object;+3
j  org.codehaus.groovy.runtime.callsite.AbstractCallSite.callCurrent(Lgroovy/lang/GroovyObject;Ljava/lang/Object;)Ljava/lang/Object;+33
j  ru.bati4eli.pids.exchange.client.services.SerialPortService.<init>(Lru/bati4eli/pids/exchange/client/app/FxApplication;)V+121
v  ~StubRoutines::call_stub
J 2117  jdk.internal.reflect.NativeConstructorAccessorImpl.newInstance0(Ljava/lang/reflect/Constructor;[Ljava/lang/Object;)Ljava/lang/Object; java.base@11 (0 bytes) @ 0x0000021ac7064ca6 [0x0000021ac7064c40+0x0000000000000066]
J 2116 c1 jdk.internal.reflect.NativeConstructorAccessorImpl.newInstance([Ljava/lang/Object;)Ljava/lang/Object; java.base@11 (89 bytes) @ 0x0000021abfe80a0c [0x0000021abfe7fe40+0x0000000000000bcc]
J 1785 c1 jdk.internal.reflect.DelegatingConstructorAccessorImpl.newInstance([Ljava/lang/Object;)Ljava/lang/Object; java.base@11 (9 bytes) @ 0x0000021abfd9d1ec [0x0000021abfd9d0e0+0x000000000000010c]
J 1784 c1 java.lang.reflect.Constructor.newInstance([Ljava/lang/Object;)Ljava/lang/Object; java.base@11 (76 bytes) @ 0x0000021abfd9bbb4 [0x0000021abfd9b940+0x0000000000000274]
j  org.codehaus.groovy.reflection.CachedConstructor.invoke([Ljava/lang/Object;)Ljava/lang/Object;+7
j  org.codehaus.groovy.runtime.callsite.ConstructorSite$ConstructorSiteNoUnwrapNoCoerce.callConstructor(Ljava/lang/Object;[Ljava/lang/Object;)Ljava/lang/Object;+14
j  org.codehaus.groovy.runtime.callsite.CallSiteArray.defaultCallConstructor(Lorg/codehaus/groovy/runtime/callsite/CallSite;Ljava/lang/Object;[Ljava/lang/Object;)Ljava/lang/Object;+11
j  org.codehaus.groovy.runtime.callsite.AbstractCallSite.callConstructor(Ljava/lang/Object;[Ljava/lang/Object;)Ljava/lang/Object;+3
j  org.codehaus.groovy.runtime.callsite.AbstractCallSite.callConstructor(Ljava/lang/Object;Ljava/lang/Object;)Ljava/lang/Object;+33
j  ru.bati4eli.pids.exchange.client.app.FxApplication.start(Ljavafx/stage/Stage;)V+164
j  com.sun.javafx.application.LauncherImpl.lambda$launchApplication1$9(Ljava/util/concurrent/atomic/AtomicBoolean;Ljavafx/application/Application;)V+20 javafx.graphics
j  com.sun.javafx.application.LauncherImpl$$Lambda$103.run()V+8 javafx.graphics
j  com.sun.javafx.application.PlatformImpl.lambda$runAndWait$12(Ljava/lang/Runnable;Ljava/util/concurrent/CountDownLatch;)V+1 javafx.graphics
j  com.sun.javafx.application.PlatformImpl$$Lambda$82.run()V+8 javafx.graphics
j  com.sun.javafx.application.PlatformImpl.lambda$runLater$10(Ljava/lang/Runnable;)Ljava/lang/Void;+1 javafx.graphics
j  com.sun.javafx.application.PlatformImpl$$Lambda$85.run()Ljava/lang/Object;+4 javafx.graphics
v  ~StubRoutines::call_stub
j  java.security.AccessController.doPrivileged(Ljava/security/PrivilegedAction;Ljava/security/AccessControlContext;)Ljava/lang/Object;+0 java.base@11
j  com.sun.javafx.application.PlatformImpl.lambda$runLater$11(Ljava/lang/Runnable;Ljava/security/AccessControlContext;)V+7 javafx.graphics
j  com.sun.javafx.application.PlatformImpl$$Lambda$84.run()V+8 javafx.graphics
j  com.sun.glass.ui.InvokeLaterDispatcher$Future.run()V+4 javafx.graphics
v  ~StubRoutines::call_stub
j  com.sun.glass.ui.win.WinApplication._runLoop(Ljava/lang/Runnable;)V+0 javafx.graphics
j  com.sun.glass.ui.win.WinApplication.lambda$runLoop$3(ILjava/lang/Runnable;)V+8 javafx.graphics
j  com.sun.glass.ui.win.WinApplication$$Lambda$73.run()V+12 javafx.graphics
j  java.lang.Thread.run()V+11 java.base@11
v  ~StubRoutines::call_stub

siginfo: EXCEPTION_ACCESS_VIOLATION (0xc0000005), reading address 0xffffffffb696cb5a


Register to memory mapping:

RIP=0x000000007110b5db jSSC-2.8_x86_64.dll
RAX=0xffffffffb696cb5a is an unknown value
RBX=0x000000fecc1fb540 is pointing into the stack for thread: 0x0000021ad7a40000
RCX=0x00007ffce1a9c254 ntdll.dll
RDX=0x0 is NULL
RSP=0x000000fecc1fb4d0 is pointing into the stack for thread: 0x0000021ad7a40000
RBP=0x000000fecc1fb650 is pointing into the stack for thread: 0x0000021ad7a40000
RSI=0x0000021ad7a40340 points into unknown readable memory
RDI=0x0000000000000698 is an unknown value
R8 =0x000000fecc1fb3c8 is pointing into the stack for thread: 0x0000021ad7a40000
R9 =0x000000fecc1fb4c0 is pointing into the stack for thread: 0x0000021ad7a40000
R10=0x0 is NULL
R11=0x0000000000000246 is an unknown value
R12=0x000000fecc1fb710 is pointing into the stack for thread: 0x0000021ad7a40000
R13=0x0000021ad68798e0 points into unknown readable memory
R14=0x000000fecc1fb600 is pointing into the stack for thread: 0x0000021ad7a40000
R15=0x0000021ad7a40000 is a thread


Registers:
RAX=0xffffffffb696cb5a, RBX=0x000000fecc1fb540, RCX=0x00007ffce1a9c254, RDX=0x0000000000000000
RSP=0x000000fecc1fb4d0, RBP=0x000000fecc1fb650, RSI=0x0000021ad7a40340, RDI=0x0000000000000698
R8 =0x000000fecc1fb3c8, R9 =0x000000fecc1fb4c0, R10=0x0000000000000000, R11=0x0000000000000246
R12=0x000000fecc1fb710, R13=0x0000021ad68798e0, R14=0x000000fecc1fb600, R15=0x0000021ad7a40000
RIP=0x000000007110b5db, EFLAGS=0x0000000000010206

Top of Stack: (sp=0x000000fecc1fb4d0)
0x000000fecc1fb4d0:   0000021ad6fe7ad0 00000008e1a3fb91
0x000000fecc1fb4e0:   000000007110b230 0000021ad6879810
0x000000fecc1fb4f0:   000000fecc1fb650 0000000000000004
0x000000fecc1fb500:   0000021ad7a40340 0000000000000698
0x000000fecc1fb510:   000000fecc1fb650 0000000071112590
0x000000fecc1fb520:   0000021ad7a40000 000000fecc1fb600
0x000000fecc1fb530:   0000021ad68798e0 000000fecc1fb710
0x000000fecc1fb540:   0000021ad68798e0 00007ffce1a3fb91
0x000000fecc1fb550:   000000fecc1fb580 0000021ab4f80000
0x000000fecc1fb560:   000000fecc1fb650 0000000000000000
0x000000fecc1fb570:   0000000071113500 0000000071113be8
0x000000fecc1fb580:   000000fecc1fb5b0 0000000071112641
0x000000fecc1fb590:   000000fecc1fb520 0000021ad7a40340
0x000000fecc1fb5a0:   0000000000000000 0000000000000000
0x000000fecc1fb5b0:   000000fecc1fb650 0000000071101595
0x000000fecc1fb5c0:   000000000000001c 0000021a00000000 

Instructions: (pc=0x000000007110b5db)
0x000000007110b5bb:   c5 0f 1f 40 00 55 57 56 53 48 83 ec 28 48 8b 05
0x000000007110b5cb:   39 33 01 00 48 89 cb 48 85 c0 0f 84 c5 00 00 00
0x000000007110b5db:   8b 38 85 ff 0f 88 ab 00 00 00 48 8b 05 1c 33 01
0x000000007110b5eb:   00 48 85 c0 0f 84 bc 00 00 00 8b 30 85 f6 74 57 



---------------  P R O C E S S  ---------------

Threads class SMR info:
_java_thread_list=0x0000021ae12ec900, length=18, elements={
0x0000021ab7198000, 0x0000021ad5cd7800, 0x0000021ad5cf9800, 0x0000021ad5d13000,
0x0000021ad5d14000, 0x0000021ad5d15000, 0x0000021ad5d18000, 0x0000021ad5d19000,
0x0000021ad5c93000, 0x0000021ad6d94800, 0x0000021ad6e41000, 0x0000021ad6ea9800,
0x0000021ad6c5a000, 0x0000021ad7945800, 0x0000021ad6b5d800, 0x0000021ad7a40000,
0x0000021ad7fbc800, 0x0000021ad832c000
}

Java Threads: ( => current thread )
  0x0000021ab7198000 JavaThread "main" [_thread_blocked, id=14316, stack(0x000000feca900000,0x000000fecaa00000)]
  0x0000021ad5cd7800 JavaThread "Reference Handler" daemon [_thread_blocked, id=12164, stack(0x000000fecb000000,0x000000fecb100000)]
  0x0000021ad5cf9800 JavaThread "Finalizer" daemon [_thread_blocked, id=13612, stack(0x000000fecb100000,0x000000fecb200000)]
  0x0000021ad5d13000 JavaThread "Signal Dispatcher" daemon [_thread_blocked, id=15240, stack(0x000000fecb200000,0x000000fecb300000)]
  0x0000021ad5d14000 JavaThread "Attach Listener" daemon [_thread_blocked, id=9000, stack(0x000000fecb300000,0x000000fecb400000)]
  0x0000021ad5d15000 JavaThread "C2 CompilerThread0" daemon [_thread_blocked, id=9320, stack(0x000000fecb400000,0x000000fecb500000)]
  0x0000021ad5d18000 JavaThread "C1 CompilerThread0" daemon [_thread_blocked, id=10604, stack(0x000000fecb500000,0x000000fecb600000)]
  0x0000021ad5d19000 JavaThread "Sweeper thread" daemon [_thread_blocked, id=13440, stack(0x000000fecb600000,0x000000fecb700000)]
  0x0000021ad5c93000 JavaThread "Common-Cleaner" daemon [_thread_blocked, id=14148, stack(0x000000fecb700000,0x000000fecb800000)]
  0x0000021ad6d94800 JavaThread "JDWP Transport Listener: dt_socket" daemon [_thread_blocked, id=7188, stack(0x000000fecba00000,0x000000fecbb00000)]
  0x0000021ad6e41000 JavaThread "JDWP Event Helper Thread" daemon [_thread_blocked, id=16328, stack(0x000000fecbb00000,0x000000fecbc00000)]
  0x0000021ad6ea9800 JavaThread "JDWP Command Reader" daemon [_thread_in_native, id=13296, stack(0x000000fecbc00000,0x000000fecbd00000)]
  0x0000021ad6c5a000 JavaThread "Service Thread" daemon [_thread_blocked, id=10944, stack(0x000000fecbd00000,0x000000fecbe00000)]
  0x0000021ad7945800 JavaThread "QuantumRenderer-0" daemon [_thread_blocked, id=10912, stack(0x000000fecbf00000,0x000000fecc000000)]
  0x0000021ad6b5d800 JavaThread "InvokeLaterDispatcher" daemon [_thread_blocked, id=15344, stack(0x000000fecc000000,0x000000fecc100000)]
=>0x0000021ad7a40000 JavaThread "JavaFX Application Thread" [_thread_in_native, id=12284, stack(0x000000fecc100000,0x000000fecc200000)]
  0x0000021ad7fbc800 JavaThread "Thread-1" daemon [_thread_in_native, id=13356, stack(0x000000fecc500000,0x000000fecc600000)]
  0x0000021ad832c000 JavaThread "JavaFX-Launcher" [_thread_blocked, id=8416, stack(0x000000fecc900000,0x000000fecca00000)]

Other Threads:
  0x0000021ad5cd4800 VMThread "VM Thread" [stack: 0x000000fecaf00000,0x000000fecb000000] [id=12648]
  0x0000021ad6fa0800 WatcherThread [stack: 0x000000fecbe00000,0x000000fecbf00000] [id=12620]
  0x0000021ab71ae800 GCTaskThread "GC Thread#0" [stack: 0x000000fecaa00000,0x000000fecab00000] [id=13060]
  0x0000021ad8347000 GCTaskThread "GC Thread#1" [stack: 0x000000fecc600000,0x000000fecc700000] [id=5304]
  0x0000021ad8347800 GCTaskThread "GC Thread#2" [stack: 0x000000fecc700000,0x000000fecc800000] [id=436]
  0x0000021ad7ea5800 GCTaskThread "GC Thread#3" [stack: 0x000000fecc800000,0x000000fecc900000] [id=15412]
  0x0000021ad822a800 GCTaskThread "GC Thread#4" [stack: 0x000000fecca00000,0x000000feccb00000] [id=5768]
  0x0000021ae0a46800 GCTaskThread "GC Thread#5" [stack: 0x000000feccb00000,0x000000feccc00000] [id=14540]
  0x0000021ab71e0000 ConcurrentGCThread "G1 Main Marker" [stack: 0x000000fecab00000,0x000000fecac00000] [id=15456]
  0x0000021ab71e1800 ConcurrentGCThread "G1 Conc#0" [stack: 0x000000fecac00000,0x000000fecad00000] [id=11808]
  0x0000021ad84a8800 ConcurrentGCThread "G1 Conc#1" [stack: 0x000000feccc00000,0x000000feccd00000] [id=7876]
  0x0000021ad5b38800 ConcurrentGCThread "G1 Refine#0" [stack: 0x000000fecad00000,0x000000fecae00000] [id=13424]
  0x0000021ad5b39000 ConcurrentGCThread "G1 Young RemSet Sampling" [stack: 0x000000fecae00000,0x000000fecaf00000] [id=16304]

Threads with active compile tasks:

VM state:not at safepoint (normal execution)

VM Mutex/Monitor currently owned by a thread: None

Heap address: 0x0000000082200000, size: 2014 MB, Compressed Oops mode: 32-bit
Narrow klass base: 0x0000000000000000, Narrow klass shift: 3
Compressed class space size: 1073741824 Address: 0x0000000100000000

Heap:
 garbage-first heap   total 129024K, used 39864K [0x0000000082200000, 0x0000000100000000)
  region size 1024K, 40 young (40960K), 8 survivors (8192K)
 Metaspace       used 24976K, capacity 25651K, committed 25904K, reserved 1073152K
  class space    used 2866K, capacity 3160K, committed 3200K, reserved 1048576K
Heap Regions: E=young(eden), S=young(survivor), O=old, HS=humongous(starts), HC=humongous(continues), CS=collection set, F=free, A=archive, TAMS=top-at-mark-start (previous, next)
|   0|0x0000000082200000, 0x0000000082200000, 0x0000000082300000|  0%| F|  |TAMS 0x0000000082200000, 0x0000000082200000| Untracked 
|   1|0x0000000082300000, 0x0000000082300000, 0x0000000082400000|  0%| F|  |TAMS 0x0000000082300000, 0x0000000082300000| Untracked 
|   2|0x0000000082400000, 0x0000000082400000, 0x0000000082500000|  0%| F|  |TAMS 0x0000000082400000, 0x0000000082400000| Untracked 
|   3|0x0000000082500000, 0x00000000825aee00, 0x0000000082600000| 68%| O|  |TAMS 0x00000000825aee00, 0x0000000082500000| Untracked 
|   4|0x0000000082600000, 0x0000000082600000, 0x0000000082700000|  0%| F|  |TAMS 0x0000000082600000, 0x0000000082600000| Untracked 
|   5|0x0000000082700000, 0x0000000082700000, 0x0000000082800000|  0%| F|  |TAMS 0x0000000082700000, 0x0000000082700000| Untracked 
|   6|0x0000000082800000, 0x0000000082800000, 0x0000000082900000|  0%| F|  |TAMS 0x0000000082800000, 0x0000000082800000| Untracked 
|   7|0x0000000082900000, 0x0000000082900000, 0x0000000082a00000|  0%| F|  |TAMS 0x0000000082900000, 0x0000000082900000| Untracked 
|   8|0x0000000082a00000, 0x0000000082a00000, 0x0000000082b00000|  0%| F|  |TAMS 0x0000000082a00000, 0x0000000082a00000| Untracked 
|   9|0x0000000082b00000, 0x0000000082b00000, 0x0000000082c00000|  0%| F|  |TAMS 0x0000000082b00000, 0x0000000082b00000| Untracked 
|  10|0x0000000082c00000, 0x0000000082c00000, 0x0000000082d00000|  0%| F|  |TAMS 0x0000000082c00000, 0x0000000082c00000| Untracked 
|  11|0x0000000082d00000, 0x0000000082d00000, 0x0000000082e00000|  0%| F|  |TAMS 0x0000000082d00000, 0x0000000082d00000| Untracked 
|  12|0x0000000082e00000, 0x0000000082e00000, 0x0000000082f00000|  0%| F|  |TAMS 0x0000000082e00000, 0x0000000082e00000| Untracked 
|  13|0x0000000082f00000, 0x0000000082f00000, 0x0000000083000000|  0%| F|  |TAMS 0x0000000082f00000, 0x0000000082f00000| Untracked 
|  14|0x0000000083000000, 0x0000000083000000, 0x0000000083100000|  0%| F|  |TAMS 0x0000000083000000, 0x0000000083000000| Untracked 
|  15|0x0000000083100000, 0x0000000083100000, 0x0000000083200000|  0%| F|  |TAMS 0x0000000083100000, 0x0000000083100000| Untracked 
|  16|0x0000000083200000, 0x0000000083200000, 0x0000000083300000|  0%| F|  |TAMS 0x0000000083200000, 0x0000000083200000| Untracked 
|  17|0x0000000083300000, 0x0000000083300000, 0x0000000083400000|  0%| F|  |TAMS 0x0000000083300000, 0x0000000083300000| Untracked 
|  18|0x0000000083400000, 0x0000000083400000, 0x0000000083500000|  0%| F|  |TAMS 0x0000000083400000, 0x0000000083400000| Untracked 
|  19|0x0000000083500000, 0x0000000083500000, 0x0000000083600000|  0%| F|  |TAMS 0x0000000083500000, 0x0000000083500000| Untracked 
|  20|0x0000000083600000, 0x0000000083600000, 0x0000000083700000|  0%| F|  |TAMS 0x0000000083600000, 0x0000000083600000| Untracked 
|  21|0x0000000083700000, 0x0000000083700000, 0x0000000083800000|  0%| F|  |TAMS 0x0000000083700000, 0x0000000083700000| Untracked 
|  22|0x0000000083800000, 0x0000000083800000, 0x0000000083900000|  0%| F|  |TAMS 0x0000000083800000, 0x0000000083800000| Untracked 
|  23|0x0000000083900000, 0x0000000083900000, 0x0000000083a00000|  0%| F|  |TAMS 0x0000000083900000, 0x0000000083900000| Untracked 
|  24|0x0000000083a00000, 0x0000000083a00000, 0x0000000083b00000|  0%| F|  |TAMS 0x0000000083a00000, 0x0000000083a00000| Untracked 
|  25|0x0000000083b00000, 0x0000000083b00000, 0x0000000083c00000|  0%| F|  |TAMS 0x0000000083b00000, 0x0000000083b00000| Untracked 
|  26|0x0000000083c00000, 0x0000000083c00000, 0x0000000083d00000|  0%| F|  |TAMS 0x0000000083c00000, 0x0000000083c00000| Untracked 
|  27|0x0000000083d00000, 0x0000000083d00000, 0x0000000083e00000|  0%| F|  |TAMS 0x0000000083d00000, 0x0000000083d00000| Untracked 
|  28|0x0000000083e00000, 0x0000000083e00000, 0x0000000083f00000|  0%| F|  |TAMS 0x0000000083e00000, 0x0000000083e00000| Untracked 
|  29|0x0000000083f00000, 0x0000000083f00000, 0x0000000084000000|  0%| F|  |TAMS 0x0000000083f00000, 0x0000000083f00000| Untracked 
|  30|0x0000000084000000, 0x0000000084000000, 0x0000000084100000|  0%| F|  |TAMS 0x0000000084000000, 0x0000000084000000| Untracked 
|  31|0x0000000084100000, 0x0000000084100000, 0x0000000084200000|  0%| F|  |TAMS 0x0000000084100000, 0x0000000084100000| Untracked 
|  32|0x0000000084200000, 0x0000000084200000, 0x0000000084300000|  0%| F|  |TAMS 0x0000000084200000, 0x0000000084200000| Untracked 
|  33|0x0000000084300000, 0x0000000084300000, 0x0000000084400000|  0%| F|  |TAMS 0x0000000084300000, 0x0000000084300000| Untracked 
|  34|0x0000000084400000, 0x0000000084400000, 0x0000000084500000|  0%| F|  |TAMS 0x0000000084400000, 0x0000000084400000| Untracked 
|  35|0x0000000084500000, 0x0000000084500000, 0x0000000084600000|  0%| F|  |TAMS 0x0000000084500000, 0x0000000084500000| Untracked 
|  36|0x0000000084600000, 0x0000000084600000, 0x0000000084700000|  0%| F|  |TAMS 0x0000000084600000, 0x0000000084600000| Untracked 
|  37|0x0000000084700000, 0x0000000084700000, 0x0000000084800000|  0%| F|  |TAMS 0x0000000084700000, 0x0000000084700000| Untracked 
|  38|0x0000000084800000, 0x0000000084800000, 0x0000000084900000|  0%| F|  |TAMS 0x0000000084800000, 0x0000000084800000| Untracked 
|  39|0x0000000084900000, 0x0000000084900000, 0x0000000084a00000|  0%| F|  |TAMS 0x0000000084900000, 0x0000000084900000| Untracked 
|  40|0x0000000084a00000, 0x0000000084a00000, 0x0000000084b00000|  0%| F|  |TAMS 0x0000000084a00000, 0x0000000084a00000| Untracked 
|  41|0x0000000084b00000, 0x0000000084b00000, 0x0000000084c00000|  0%| F|  |TAMS 0x0000000084b00000, 0x0000000084b00000| Untracked 
|  42|0x0000000084c00000, 0x0000000084c00000, 0x0000000084d00000|  0%| F|  |TAMS 0x0000000084c00000, 0x0000000084c00000| Untracked 
|  43|0x0000000084d00000, 0x0000000084d00000, 0x0000000084e00000|  0%| F|  |TAMS 0x0000000084d00000, 0x0000000084d00000| Untracked 
|  44|0x0000000084e00000, 0x0000000084e00000, 0x0000000084f00000|  0%| F|  |TAMS 0x0000000084e00000, 0x0000000084e00000| Untracked 
|  45|0x0000000084f00000, 0x0000000084f00000, 0x0000000085000000|  0%| F|  |TAMS 0x0000000084f00000, 0x0000000084f00000| Untracked 
|  46|0x0000000085000000, 0x0000000085000000, 0x0000000085100000|  0%| F|  |TAMS 0x0000000085000000, 0x0000000085000000| Untracked 
|  47|0x0000000085100000, 0x0000000085100000, 0x0000000085200000|  0%| F|  |TAMS 0x0000000085100000, 0x0000000085100000| Untracked 
|  48|0x0000000085200000, 0x0000000085200000, 0x0000000085300000|  0%| F|  |TAMS 0x0000000085200000, 0x0000000085200000| Untracked 
|  49|0x0000000085300000, 0x0000000085300000, 0x0000000085400000|  0%| F|  |TAMS 0x0000000085300000, 0x0000000085300000| Untracked 
|  50|0x0000000085400000, 0x0000000085400000, 0x0000000085500000|  0%| F|  |TAMS 0x0000000085400000, 0x0000000085400000| Untracked 
|  51|0x0000000085500000, 0x0000000085500000, 0x0000000085600000|  0%| F|  |TAMS 0x0000000085500000, 0x0000000085500000| Untracked 
|  52|0x0000000085600000, 0x0000000085600000, 0x0000000085700000|  0%| F|  |TAMS 0x0000000085600000, 0x0000000085600000| Untracked 
|  53|0x0000000085700000, 0x0000000085700000, 0x0000000085800000|  0%| F|  |TAMS 0x0000000085700000, 0x0000000085700000| Untracked 
|  54|0x0000000085800000, 0x0000000085800000, 0x0000000085900000|  0%| F|  |TAMS 0x0000000085800000, 0x0000000085800000| Untracked 
|  55|0x0000000085900000, 0x0000000085900000, 0x0000000085a00000|  0%| F|  |TAMS 0x0000000085900000, 0x0000000085900000| Untracked 
|  56|0x0000000085a00000, 0x0000000085a00000, 0x0000000085b00000|  0%| F|  |TAMS 0x0000000085a00000, 0x0000000085a00000| Untracked 
|  57|0x0000000085b00000, 0x0000000085b00000, 0x0000000085c00000|  0%| F|  |TAMS 0x0000000085b00000, 0x0000000085b00000| Untracked 
|  58|0x0000000085c00000, 0x0000000085c00000, 0x0000000085d00000|  0%| F|  |TAMS 0x0000000085c00000, 0x0000000085c00000| Untracked 
|  59|0x0000000085d00000, 0x0000000085d00000, 0x0000000085e00000|  0%| F|  |TAMS 0x0000000085d00000, 0x0000000085d00000| Untracked 
|  60|0x0000000085e00000, 0x0000000085e00000, 0x0000000085f00000|  0%| F|  |TAMS 0x0000000085e00000, 0x0000000085e00000| Untracked 
|  61|0x0000000085f00000, 0x0000000085f00000, 0x0000000086000000|  0%| F|  |TAMS 0x0000000085f00000, 0x0000000085f00000| Untracked 
|  62|0x0000000086000000, 0x0000000086000000, 0x0000000086100000|  0%| F|  |TAMS 0x0000000086000000, 0x0000000086000000| Untracked 
|  63|0x0000000086100000, 0x0000000086100000, 0x0000000086200000|  0%| F|  |TAMS 0x0000000086100000, 0x0000000086100000| Untracked 
|  64|0x0000000086200000, 0x0000000086200000, 0x0000000086300000|  0%| F|  |TAMS 0x0000000086200000, 0x0000000086200000| Untracked 
|  65|0x0000000086300000, 0x0000000086300000, 0x0000000086400000|  0%| F|  |TAMS 0x0000000086300000, 0x0000000086300000| Untracked 
|  66|0x0000000086400000, 0x0000000086400000, 0x0000000086500000|  0%| F|  |TAMS 0x0000000086400000, 0x0000000086400000| Untracked 
|  67|0x0000000086500000, 0x0000000086500000, 0x0000000086600000|  0%| F|  |TAMS 0x0000000086500000, 0x0000000086500000| Untracked 
|  68|0x0000000086600000, 0x0000000086600000, 0x0000000086700000|  0%| F|  |TAMS 0x0000000086600000, 0x0000000086600000| Untracked 
|  69|0x0000000086700000, 0x0000000086700000, 0x0000000086800000|  0%| F|  |TAMS 0x0000000086700000, 0x0000000086700000| Untracked 
|  70|0x0000000086800000, 0x0000000086800000, 0x0000000086900000|  0%| F|  |TAMS 0x0000000086800000, 0x0000000086800000| Untracked 
|  71|0x0000000086900000, 0x0000000086900000, 0x0000000086a00000|  0%| F|  |TAMS 0x0000000086900000, 0x0000000086900000| Untracked 
|  72|0x0000000086a00000, 0x0000000086a00000, 0x0000000086b00000|  0%| F|  |TAMS 0x0000000086a00000, 0x0000000086a00000| Untracked 
|  73|0x0000000086b00000, 0x0000000086b00000, 0x0000000086c00000|  0%| F|  |TAMS 0x0000000086b00000, 0x0000000086b00000| Untracked 
|  74|0x0000000086c00000, 0x0000000086c00000, 0x0000000086d00000|  0%| F|  |TAMS 0x0000000086c00000, 0x0000000086c00000| Untracked 
|  75|0x0000000086d00000, 0x0000000086d00000, 0x0000000086e00000|  0%| F|  |TAMS 0x0000000086d00000, 0x0000000086d00000| Untracked 
|  76|0x0000000086e00000, 0x0000000086e00000, 0x0000000086f00000|  0%| F|  |TAMS 0x0000000086e00000, 0x0000000086e00000| Untracked 
|  77|0x0000000086f00000, 0x0000000086f00000, 0x0000000087000000|  0%| F|  |TAMS 0x0000000086f00000, 0x0000000086f00000| Untracked 
|  78|0x0000000087000000, 0x0000000087000000, 0x0000000087100000|  0%| F|  |TAMS 0x0000000087000000, 0x0000000087000000| Untracked 
|  79|0x0000000087100000, 0x0000000087100000, 0x0000000087200000|  0%| F|  |TAMS 0x0000000087100000, 0x0000000087100000| Untracked 
|  80|0x0000000087200000, 0x0000000087200000, 0x0000000087300000|  0%| F|  |TAMS 0x0000000087200000, 0x0000000087200000| Untracked 
|  81|0x0000000087300000, 0x0000000087300000, 0x0000000087400000|  0%| F|  |TAMS 0x0000000087300000, 0x0000000087300000| Untracked 
|  82|0x0000000087400000, 0x0000000087400000, 0x0000000087500000|  0%| F|  |TAMS 0x0000000087400000, 0x0000000087400000| Untracked 
|  83|0x0000000087500000, 0x0000000087500000, 0x0000000087600000|  0%| F|  |TAMS 0x0000000087500000, 0x0000000087500000| Untracked 
|  84|0x0000000087600000, 0x0000000087600000, 0x0000000087700000|  0%| F|  |TAMS 0x0000000087600000, 0x0000000087600000| Untracked 
|  85|0x0000000087700000, 0x0000000087700000, 0x0000000087800000|  0%| F|  |TAMS 0x0000000087700000, 0x0000000087700000| Untracked 
|  86|0x0000000087800000, 0x0000000087880800, 0x0000000087900000| 50%| E|  |TAMS 0x0000000087800000, 0x0000000087800000| Complete 
|  87|0x0000000087900000, 0x0000000087a00000, 0x0000000087a00000|100%| E|CS|TAMS 0x0000000087900000, 0x0000000087900000| Complete 
|  88|0x0000000087a00000, 0x0000000087b00000, 0x0000000087b00000|100%| E|CS|TAMS 0x0000000087a00000, 0x0000000087a00000| Complete 
|  89|0x0000000087b00000, 0x0000000087c00000, 0x0000000087c00000|100%| E|CS|TAMS 0x0000000087b00000, 0x0000000087b00000| Complete 
|  90|0x0000000087c00000, 0x0000000087d00000, 0x0000000087d00000|100%| E|CS|TAMS 0x0000000087c00000, 0x0000000087c00000| Complete 
|  91|0x0000000087d00000, 0x0000000087d3f530, 0x0000000087e00000| 24%| S|CS|TAMS 0x0000000087d00000, 0x0000000087d00000| Complete 
|  92|0x0000000087e00000, 0x0000000087f00000, 0x0000000087f00000|100%| S|CS|TAMS 0x0000000087e00000, 0x0000000087e00000| Complete 
|  93|0x0000000087f00000, 0x0000000088000000, 0x0000000088000000|100%| S|CS|TAMS 0x0000000087f00000, 0x0000000087f00000| Complete 
|  94|0x0000000088000000, 0x0000000088100000, 0x0000000088100000|100%| S|CS|TAMS 0x0000000088000000, 0x0000000088000000| Complete 
|  95|0x0000000088100000, 0x0000000088200000, 0x0000000088200000|100%| S|CS|TAMS 0x0000000088100000, 0x0000000088100000| Complete 
|  96|0x0000000088200000, 0x0000000088300000, 0x0000000088300000|100%| S|CS|TAMS 0x0000000088200000, 0x0000000088200000| Complete 
|  97|0x0000000088300000, 0x0000000088400000, 0x0000000088400000|100%| S|CS|TAMS 0x0000000088300000, 0x0000000088300000| Complete 
|  98|0x0000000088400000, 0x0000000088500000, 0x0000000088500000|100%| S|CS|TAMS 0x0000000088400000, 0x0000000088400000| Complete 
|  99|0x0000000088500000, 0x0000000088600000, 0x0000000088600000|100%| E|CS|TAMS 0x0000000088500000, 0x0000000088500000| Complete 
| 100|0x0000000088600000, 0x0000000088700000, 0x0000000088700000|100%| E|CS|TAMS 0x0000000088600000, 0x0000000088600000| Complete 
| 101|0x0000000088700000, 0x0000000088800000, 0x0000000088800000|100%| E|CS|TAMS 0x0000000088700000, 0x0000000088700000| Complete 
| 102|0x0000000088800000, 0x0000000088900000, 0x0000000088900000|100%| E|CS|TAMS 0x0000000088800000, 0x0000000088800000| Complete 
| 103|0x0000000088900000, 0x0000000088a00000, 0x0000000088a00000|100%| E|CS|TAMS 0x0000000088900000, 0x0000000088900000| Complete 
| 104|0x0000000088a00000, 0x0000000088b00000, 0x0000000088b00000|100%| E|CS|TAMS 0x0000000088a00000, 0x0000000088a00000| Complete 
| 105|0x0000000088b00000, 0x0000000088c00000, 0x0000000088c00000|100%| E|CS|TAMS 0x0000000088b00000, 0x0000000088b00000| Complete 
| 106|0x0000000088c00000, 0x0000000088d00000, 0x0000000088d00000|100%| E|CS|TAMS 0x0000000088c00000, 0x0000000088c00000| Complete 
| 107|0x0000000088d00000, 0x0000000088e00000, 0x0000000088e00000|100%| E|CS|TAMS 0x0000000088d00000, 0x0000000088d00000| Complete 
| 108|0x0000000088e00000, 0x0000000088f00000, 0x0000000088f00000|100%| E|CS|TAMS 0x0000000088e00000, 0x0000000088e00000| Complete 
| 109|0x0000000088f00000, 0x0000000089000000, 0x0000000089000000|100%| E|CS|TAMS 0x0000000088f00000, 0x0000000088f00000| Complete 
| 110|0x0000000089000000, 0x0000000089100000, 0x0000000089100000|100%| E|CS|TAMS 0x0000000089000000, 0x0000000089000000| Complete 
| 111|0x0000000089100000, 0x0000000089200000, 0x0000000089200000|100%| E|CS|TAMS 0x0000000089100000, 0x0000000089100000| Complete 
| 112|0x0000000089200000, 0x0000000089300000, 0x0000000089300000|100%| E|CS|TAMS 0x0000000089200000, 0x0000000089200000| Complete 
| 113|0x0000000089300000, 0x0000000089400000, 0x0000000089400000|100%| E|CS|TAMS 0x0000000089300000, 0x0000000089300000| Complete 
| 114|0x0000000089400000, 0x0000000089500000, 0x0000000089500000|100%| E|CS|TAMS 0x0000000089400000, 0x0000000089400000| Complete 
| 115|0x0000000089500000, 0x0000000089600000, 0x0000000089600000|100%| E|CS|TAMS 0x0000000089500000, 0x0000000089500000| Complete 
| 116|0x0000000089600000, 0x0000000089700000, 0x0000000089700000|100%| E|CS|TAMS 0x0000000089600000, 0x0000000089600000| Complete 
| 117|0x0000000089700000, 0x0000000089800000, 0x0000000089800000|100%| E|CS|TAMS 0x0000000089700000, 0x0000000089700000| Complete 
| 118|0x0000000089800000, 0x0000000089900000, 0x0000000089900000|100%| E|CS|TAMS 0x0000000089800000, 0x0000000089800000| Complete 
| 119|0x0000000089900000, 0x0000000089a00000, 0x0000000089a00000|100%| E|CS|TAMS 0x0000000089900000, 0x0000000089900000| Complete 
| 120|0x0000000089a00000, 0x0000000089b00000, 0x0000000089b00000|100%| E|CS|TAMS 0x0000000089a00000, 0x0000000089a00000| Complete 
| 121|0x0000000089b00000, 0x0000000089c00000, 0x0000000089c00000|100%| E|CS|TAMS 0x0000000089b00000, 0x0000000089b00000| Complete 
| 122|0x0000000089c00000, 0x0000000089d00000, 0x0000000089d00000|100%| E|CS|TAMS 0x0000000089c00000, 0x0000000089c00000| Complete 
| 123|0x0000000089d00000, 0x0000000089e00000, 0x0000000089e00000|100%| E|CS|TAMS 0x0000000089d00000, 0x0000000089d00000| Complete 
| 124|0x0000000089e00000, 0x0000000089f00000, 0x0000000089f00000|100%| E|CS|TAMS 0x0000000089e00000, 0x0000000089e00000| Complete 
| 125|0x0000000089f00000, 0x000000008a000000, 0x000000008a000000|100%| E|CS|TAMS 0x0000000089f00000, 0x0000000089f00000| Complete 

Card table byte_map: [0x0000021acebc0000,0x0000021acefb0000] _byte_map_base: 0x0000021ace7af000

Marking Bits (Prev, Next): (CMBitMap*) 0x0000021ab71d7530, (CMBitMap*) 0x0000021ab71d74f8
 Prev Bits: [0x0000021ad1320000, 0x0000021ad3298000)
 Next Bits: [0x0000021acf3a0000, 0x0000021ad1318000)

Polling page: 0x0000021ab6940000

Metaspace:

Usage:
  Non-class:     21.96 MB capacity,    21.59 MB ( 98%) used,   313.30 KB (  1%) free+waste,    68.25 KB ( <1%) overhead. 
      Class:      3.09 MB capacity,     2.80 MB ( 91%) used,   259.41 KB (  8%) free+waste,    33.88 KB (  1%) overhead. 
       Both:     25.05 MB capacity,    24.39 MB ( 97%) used,   572.71 KB (  2%) free+waste,   102.13 KB ( <1%) overhead. 

Virtual space:
  Non-class space:       24.00 MB reserved,      22.17 MB ( 92%) committed 
      Class space:        1.00 GB reserved,       3.13 MB ( <1%) committed 
             Both:        1.02 GB reserved,      25.30 MB (  2%) committed 

Chunk freelists:
   Non-Class:  2.63 KB
       Class:  1.00 KB
        Both:  3.63 KB

CodeHeap 'non-profiled nmethods': size=120000Kb used=1070Kb max_used=1145Kb free=118929Kb
 bounds [0x0000021ac6f70000, 0x0000021ac71e0000, 0x0000021ace4a0000]
CodeHeap 'profiled nmethods': size=120000Kb used=4425Kb max_used=4702Kb free=115575Kb
 bounds [0x0000021abfa40000, 0x0000021abfee0000, 0x0000021ac6f70000]
CodeHeap 'non-nmethods': size=5760Kb used=2340Kb max_used=2389Kb free=3419Kb
 bounds [0x0000021abf4a0000, 0x0000021abf710000, 0x0000021abfa40000]
 total_blobs=3592 nmethods=2100 adapters=769
 compilation: enabled
              stopped_count=0, restarted_count=0
 full_count=0

Compilation events (10 events):
Event: 6.394 Thread 0x0000021ad5d18000 2238       3       jdk.internal.misc.Unsafe::weakCompareAndSetInt (11 bytes)
Event: 6.394 Thread 0x0000021ad5d18000 nmethod 2238 0x0000021abfed4990 code [0x0000021abfed4b40, 0x0000021abfed4cb8]
Event: 6.395 Thread 0x0000021ad5d18000 2240       3       java.util.concurrent.atomic.AtomicBoolean::get (13 bytes)
Event: 6.395 Thread 0x0000021ad5d18000 nmethod 2240 0x0000021abfed4d90 code [0x0000021abfed4f40, 0x0000021abfed50f8]
Event: 11.857 Thread 0x0000021ad5d18000 2241       3       com.sun.javafx.tk.quantum.QuantumToolkit$$Lambda$78/0x0000000100107840::run (8 bytes)
Event: 11.859 Thread 0x0000021ad5d18000 nmethod 2241 0x0000021abfed5190 code [0x0000021abfed5380, 0x0000021abfed5770]
Event: 11.859 Thread 0x0000021ad5d18000 2242   !   3       com.sun.javafx.tk.quantum.QuantumToolkit::lambda$runToolkit$12 (16 bytes)
Event: 11.859 Thread 0x0000021ad5d18000 nmethod 2242 0x0000021abfed5990 code [0x0000021abfed5b80, 0x0000021abfed5ef0]
Event: 11.859 Thread 0x0000021ad5d18000 2243       3       com.sun.javafx.tk.quantum.QuantumToolkit::postPulse (133 bytes)
Event: 11.860 Thread 0x0000021ad5d18000 nmethod 2243 0x0000021abfed6090 code [0x0000021abfed63e0, 0x0000021abfed7670]

GC Heap History (4 events):
Event: 0.710 GC heap before
{Heap before GC invocations=0 (full 0):
 garbage-first heap   total 129024K, used 26624K [0x0000000082200000, 0x0000000100000000)
  region size 1024K, 24 young (24576K), 0 survivors (0K)
 Metaspace       used 12127K, capacity 12424K, committed 12544K, reserved 1060864K
  class space    used 1117K, capacity 1243K, committed 1280K, reserved 1048576K
}
Event: 0.713 GC heap after
{Heap after GC invocations=1 (full 0):
 garbage-first heap   total 129024K, used 3771K [0x0000000082200000, 0x0000000100000000)
  region size 1024K, 3 young (3072K), 3 survivors (3072K)
 Metaspace       used 12127K, capacity 12424K, committed 12544K, reserved 1060864K
  class space    used 1117K, capacity 1243K, committed 1280K, reserved 1048576K
}
Event: 1.184 GC heap before
{Heap before GC invocations=1 (full 0):
 garbage-first heap   total 129024K, used 26299K [0x0000000082200000, 0x0000000100000000)
  region size 1024K, 27 young (27648K), 3 survivors (3072K)
 Metaspace       used 20675K, capacity 21137K, committed 21296K, reserved 1069056K
  class space    used 2148K, capacity 2363K, committed 2432K, reserved 1048576K
}
Event: 1.196 GC heap after
{Heap after GC invocations=2 (full 0):
 garbage-first heap   total 129024K, used 8120K [0x0000000082200000, 0x0000000100000000)
  region size 1024K, 8 young (8192K), 8 survivors (8192K)
 Metaspace       used 20675K, capacity 21137K, committed 21296K, reserved 1069056K
  class space    used 2148K, capacity 2363K, committed 2432K, reserved 1048576K
}

Deoptimization events (10 events):
Event: 1.380 Thread 0x0000021ad7a40000 Uncommon trap: reason=unstable_if action=reinterpret pc=0x0000021ac6f7e0a8 method=java.lang.String.equals(Ljava/lang/Object;)Z @ 27 c2
Event: 1.493 Thread 0x0000021ad7a40000 Uncommon trap: reason=unstable_if action=reinterpret pc=0x0000021ac6ff7234 method=sun.net.www.ParseUtil.firstEncodeIndex(Ljava/lang/String;)I @ 51 c2
Event: 1.495 Thread 0x0000021ad7a40000 Uncommon trap: reason=bimorphic_or_optimized_type_check action=maybe_recompile pc=0x0000021ac7059fc0 method=org.codehaus.groovy.runtime.metaclass.MetaMethodIndex.addMethodToList(Ljava/lang/Object;Lgroovy/lang/MetaMethod;)Ljava/lang/Object; @ 283 c2
Event: 1.495 Thread 0x0000021ad7a40000 Uncommon trap: reason=bimorphic_or_optimized_type_check action=maybe_recompile pc=0x0000021ac7059fc0 method=org.codehaus.groovy.runtime.metaclass.MetaMethodIndex.addMethodToList(Ljava/lang/Object;Lgroovy/lang/MetaMethod;)Ljava/lang/Object; @ 283 c2
Event: 1.495 Thread 0x0000021ad7a40000 Uncommon trap: reason=bimorphic_or_optimized_type_check action=maybe_recompile pc=0x0000021ac7059fc0 method=org.codehaus.groovy.runtime.metaclass.MetaMethodIndex.addMethodToList(Ljava/lang/Object;Lgroovy/lang/MetaMethod;)Ljava/lang/Object; @ 283 c2
Event: 1.504 Thread 0x0000021ad7a40000 Uncommon trap: reason=bimorphic_or_optimized_type_check action=maybe_recompile pc=0x0000021ac7059fc0 method=org.codehaus.groovy.runtime.metaclass.MetaMethodIndex.addMethodToList(Ljava/lang/Object;Lgroovy/lang/MetaMethod;)Ljava/lang/Object; @ 283 c2
Event: 1.520 Thread 0x0000021ad7a40000 Uncommon trap: reason=profile_predicate action=maybe_recompile pc=0x0000021ac7062234 method=java.lang.PublicMethods$MethodList.filter([Ljava/lang/reflect/Method;Ljava/lang/String;[Ljava/lang/Class;Z)Ljava/lang/PublicMethods$MethodList; @ 21 c2
Event: 1.520 Thread 0x0000021ad7a40000 Uncommon trap: reason=profile_predicate action=maybe_recompile pc=0x0000021ac7062234 method=java.lang.PublicMethods$MethodList.filter([Ljava/lang/reflect/Method;Ljava/lang/String;[Ljava/lang/Class;Z)Ljava/lang/PublicMethods$MethodList; @ 21 c2
Event: 1.553 Thread 0x0000021ad7a40000 Uncommon trap: reason=profile_predicate action=maybe_recompile pc=0x0000021ac7062234 method=java.lang.PublicMethods$MethodList.filter([Ljava/lang/reflect/Method;Ljava/lang/String;[Ljava/lang/Class;Z)Ljava/lang/PublicMethods$MethodList; @ 21 c2
Event: 1.553 Thread 0x0000021ad7a40000 Uncommon trap: reason=profile_predicate action=maybe_recompile pc=0x0000021ac7062234 method=java.lang.PublicMethods$MethodList.filter([Ljava/lang/reflect/Method;Ljava/lang/String;[Ljava/lang/Class;Z)Ljava/lang/PublicMethods$MethodList; @ 21 c2

Classes redefined (0 events):
No events

Internal exceptions (10 events):
Event: 20.859 Thread 0x0000021ad7a40000 Exception <a 'java/lang/ClassNotFoundException'{0x000000008796a5d0}: java/util/AbstractCollectionBeanInfo> (0x000000008796a5d0) thrown at [t:/workspace/open/src/hotspot/share/classfile/systemDictionary.cpp, line 231]
Event: 20.860 Thread 0x0000021ad7a40000 Exception <a 'java/lang/ClassNotFoundException'{0x000000008796b890}: java/util/AbstractCollectionCustomizer> (0x000000008796b890) thrown at [t:/workspace/open/src/hotspot/share/classfile/systemDictionary.cpp, line 231]
Event: 20.867 Thread 0x0000021ad7a40000 Exception <a 'java/lang/ClassNotFoundException'{0x0000000087976ed0}: java/util/AbstractListCustomizer> (0x0000000087976ed0) thrown at [t:/workspace/open/src/hotspot/share/classfile/systemDictionary.cpp, line 231]
Event: 20.875 Thread 0x0000021ad7a40000 Exception <a 'java/lang/ClassNotFoundException'{0x0000000087984fc8}: javafx/collections/ObservableListBaseCustomizer> (0x0000000087984fc8) thrown at [t:/workspace/open/src/hotspot/share/classfile/systemDictionary.cpp, line 231]
Event: 20.883 Thread 0x0000021ad7a40000 Exception <a 'java/lang/ClassNotFoundException'{0x0000000087993c80}: javafx/collections/ModifiableObservableListBaseCustomizer> (0x0000000087993c80) thrown at [t:/workspace/open/src/hotspot/share/classfile/systemDictionary.cpp, line 231]
Event: 20.893 Thread 0x0000021ad7a40000 Exception <a 'java/lang/ClassNotFoundException'{0x00000000879a5880}: com/sun/javafx/collections/ObservableListWrapperCustomizer> (0x00000000879a5880) thrown at [t:/workspace/open/src/hotspot/share/classfile/systemDictionary.cpp, line 231]
Event: 20.947 Thread 0x0000021ad7a40000 Exception <a 'java/lang/ClassNotFoundException'{0x00000000879e9d90}: java/util/ArrayListBeanInfo> (0x00000000879e9d90) thrown at [t:/workspace/open/src/hotspot/share/classfile/systemDictionary.cpp, line 231]
Event: 20.947 Thread 0x0000021ad7a40000 Exception <a 'java/lang/ClassNotFoundException'{0x00000000879eaad0}: java/util/ArrayListCustomizer> (0x00000000879eaad0) thrown at [t:/workspace/open/src/hotspot/share/classfile/systemDictionary.cpp, line 231]
Event: 55.330 Thread 0x0000021ad7a40000 Exception <a 'java/lang/ClassNotFoundException'{0x0000000087843b40}: jssc/SerialPortBeanInfo> (0x0000000087843b40) thrown at [t:/workspace/open/src/hotspot/share/classfile/systemDictionary.cpp, line 231]
Event: 55.333 Thread 0x0000021ad7a40000 Exception <a 'java/lang/ClassNotFoundException'{0x0000000087847928}: jssc/SerialPortCustomizer> (0x0000000087847928) thrown at [t:/workspace/open/src/hotspot/share/classfile/systemDictionary.cpp, line 231]

Events (10 events):
Event: 72.877 Executing VM operation: SetFramePop
Event: 72.877 Executing VM operation: SetFramePop done
Event: 72.877 Executing VM operation: GetFrameLocation
Event: 72.877 Executing VM operation: GetFrameLocation done
Event: 72.877 Executing VM operation: GetCurrentLocation
Event: 72.877 Executing VM operation: GetCurrentLocation done
Event: 72.878 Executing VM operation: ChangeSingleStep
Event: 72.878 Executing VM operation: ChangeSingleStep done
Event: 72.878 Executing VM operation: ChangeSingleStep
Event: 72.878 Executing VM operation: ChangeSingleStep done


Dynamic libraries:
0x00007ff7b58d0000 - 0x00007ff7b5915000 	C:\Program Files\Java\jdk-11\bin\java.exe
0x00007ffce1a00000 - 0x00007ffce1bf0000 	C:\WINDOWS\SYSTEM32\ntdll.dll
0x00007ffce05d0000 - 0x00007ffce0682000 	C:\WINDOWS\System32\KERNEL32.DLL
0x00007ffcdec50000 - 0x00007ffcdeef4000 	C:\WINDOWS\System32\KERNELBASE.dll
0x00007ffcdfe30000 - 0x00007ffcdffc4000 	C:\WINDOWS\System32\USER32.dll
0x00007ffcdef00000 - 0x00007ffcdef21000 	C:\WINDOWS\System32\win32u.dll
0x00007ffce1950000 - 0x00007ffce1976000 	C:\WINDOWS\System32\GDI32.dll
0x00007ffcde9d0000 - 0x00007ffcdeb66000 	C:\WINDOWS\System32\gdi32full.dll
0x00007ffcdef30000 - 0x00007ffcdefce000 	C:\WINDOWS\System32\msvcp_win.dll
0x00007ffcdf170000 - 0x00007ffcdf26a000 	C:\WINDOWS\System32\ucrtbase.dll
0x00007ffcca5f0000 - 0x00007ffcca874000 	C:\WINDOWS\WinSxS\amd64_microsoft.windows.common-controls_6595b64144ccf1df_6.0.18362.959_none_e6c7bbbf130c62bb\COMCTL32.dll
0x00007ffce0fb0000 - 0x00007ffce104e000 	C:\WINDOWS\System32\msvcrt.dll
0x00007ffce0a40000 - 0x00007ffce0d75000 	C:\WINDOWS\System32\combase.dll
0x00007ffcdfbb0000 - 0x00007ffcdfcd0000 	C:\WINDOWS\System32\RPCRT4.dll
0x00007ffcde950000 - 0x00007ffcde9d0000 	C:\WINDOWS\System32\bcryptPrimitives.dll
0x00007ffce10c0000 - 0x00007ffce10ee000 	C:\WINDOWS\System32\IMM32.DLL
0x00007ffcd6d80000 - 0x00007ffcd6d96000 	C:\Program Files\Java\jdk-11\bin\vcruntime140.dll
0x00007ffcd5e40000 - 0x00007ffcd5eea000 	C:\Program Files\Java\jdk-11\bin\msvcp140.dll
0x00007ffc820e0000 - 0x00007ffc82c21000 	C:\Program Files\Java\jdk-11\bin\server\jvm.dll
0x00007ffce0520000 - 0x00007ffce05c3000 	C:\WINDOWS\System32\ADVAPI32.dll
0x00007ffcdfcd0000 - 0x00007ffcdfd67000 	C:\WINDOWS\System32\sechost.dll
0x00007ffce0510000 - 0x00007ffce0518000 	C:\WINDOWS\System32\PSAPI.DLL
0x00007ffcd9010000 - 0x00007ffcd9034000 	C:\WINDOWS\SYSTEM32\WINMM.dll
0x00007ffcc9ac0000 - 0x00007ffcc9ac9000 	C:\WINDOWS\SYSTEM32\WSOCK32.dll
0x00007ffce04a0000 - 0x00007ffce050f000 	C:\WINDOWS\System32\WS2_32.dll
0x00007ffcd5b90000 - 0x00007ffcd5b9a000 	C:\WINDOWS\SYSTEM32\VERSION.dll
0x00007ffcd84d0000 - 0x00007ffcd84fd000 	C:\WINDOWS\SYSTEM32\winmmbase.dll
0x00007ffcdf120000 - 0x00007ffcdf16a000 	C:\WINDOWS\System32\cfgmgr32.dll
0x00007ffcde8b0000 - 0x00007ffcde8c1000 	C:\WINDOWS\System32\kernel.appcore.dll
0x00007ffcd6130000 - 0x00007ffcd6141000 	C:\Program Files\Java\jdk-11\bin\verify.dll
0x00007ffcda170000 - 0x00007ffcda364000 	C:\WINDOWS\SYSTEM32\DBGHELP.DLL
0x00007ffcc9f10000 - 0x00007ffcc9f3a000 	C:\WINDOWS\SYSTEM32\dbgcore.DLL
0x00007ffcd5e10000 - 0x00007ffcd5e38000 	C:\Program Files\Java\jdk-11\bin\java.dll
0x00007ffcd6b50000 - 0x00007ffcd6b87000 	C:\Program Files\Java\jdk-11\bin\jdwp.dll
0x00007ffcd43e0000 - 0x00007ffcd43f6000 	C:\Program Files\Java\jdk-11\bin\zip.dll
0x00007ffcd7bb0000 - 0x00007ffcd7bba000 	C:\Program Files\Java\jdk-11\bin\jimage.dll
0x00007ffce1240000 - 0x00007ffce1926000 	C:\WINDOWS\System32\SHELL32.dll
0x00007ffcdfa80000 - 0x00007ffcdfb29000 	C:\WINDOWS\System32\shcore.dll
0x00007ffcdf2f0000 - 0x00007ffcdfa72000 	C:\WINDOWS\System32\windows.storage.dll
0x00007ffcde8d0000 - 0x00007ffcde8f3000 	C:\WINDOWS\System32\profapi.dll
0x00007ffcde900000 - 0x00007ffcde94a000 	C:\WINDOWS\System32\powrprof.dll
0x00007ffcde880000 - 0x00007ffcde890000 	C:\WINDOWS\System32\UMPDC.dll
0x00007ffcdfdd0000 - 0x00007ffcdfe22000 	C:\WINDOWS\System32\shlwapi.dll
0x00007ffcdf2d0000 - 0x00007ffcdf2e7000 	C:\WINDOWS\System32\cryptsp.dll
0x00007ffccd8d0000 - 0x00007ffccd8e9000 	C:\Program Files\Java\jdk-11\bin\net.dll
0x00007ffcd3fe0000 - 0x00007ffcd40d0000 	C:\WINDOWS\SYSTEM32\WINHTTP.dll
0x00007ffcde0a0000 - 0x00007ffcde107000 	C:\WINDOWS\system32\mswsock.dll
0x00007ffcccd10000 - 0x00007ffcccd23000 	C:\Program Files\Java\jdk-11\bin\nio.dll
0x00007ffcd81a0000 - 0x00007ffcd81aa000 	C:\Program Files\Java\jdk-11\bin\dt_socket.dll
0x00007ffcdde00000 - 0x00007ffcddecb000 	C:\WINDOWS\SYSTEM32\DNSAPI.dll
0x00007ffce1980000 - 0x00007ffce1988000 	C:\WINDOWS\System32\NSI.dll
0x00007ffcdddc0000 - 0x00007ffcdddfa000 	C:\WINDOWS\SYSTEM32\IPHLPAPI.DLL
0x00007ffcd7060000 - 0x00007ffcd70d7000 	C:\WINDOWS\System32\fwpuclnt.dll
0x00007ffcdec20000 - 0x00007ffcdec46000 	C:\WINDOWS\System32\bcrypt.dll
0x00007ffcd30c0000 - 0x00007ffcd30ca000 	C:\Windows\System32\rasadhlp.dll
0x0000021ab7160000 - 0x0000021ab7163000 	C:\Users\svivan54\.openjfx\cache\13\api-ms-win-core-console-l1-1-0.dll
0x0000021ad8530000 - 0x0000021ad8533000 	C:\Users\svivan54\.openjfx\cache\13\api-ms-win-core-datetime-l1-1-0.dll
0x0000021ad8540000 - 0x0000021ad8543000 	C:\Users\svivan54\.openjfx\cache\13\api-ms-win-core-debug-l1-1-0.dll
0x0000021ad8550000 - 0x0000021ad8553000 	C:\Users\svivan54\.openjfx\cache\13\api-ms-win-core-errorhandling-l1-1-0.dll
0x0000021ad8560000 - 0x0000021ad8564000 	C:\Users\svivan54\.openjfx\cache\13\api-ms-win-core-file-l1-1-0.dll
0x0000021ad8570000 - 0x0000021ad8573000 	C:\Users\svivan54\.openjfx\cache\13\api-ms-win-core-file-l1-2-0.dll
0x0000021ad8580000 - 0x0000021ad8583000 	C:\Users\svivan54\.openjfx\cache\13\api-ms-win-core-file-l2-1-0.dll
0x0000021ad8590000 - 0x0000021ad8593000 	C:\Users\svivan54\.openjfx\cache\13\api-ms-win-core-handle-l1-1-0.dll
0x0000021ad85a0000 - 0x0000021ad85a3000 	C:\Users\svivan54\.openjfx\cache\13\api-ms-win-core-heap-l1-1-0.dll
0x0000021ad85b0000 - 0x0000021ad85b3000 	C:\Users\svivan54\.openjfx\cache\13\api-ms-win-core-interlocked-l1-1-0.dll
0x0000021ad85c0000 - 0x0000021ad85c3000 	C:\Users\svivan54\.openjfx\cache\13\api-ms-win-core-libraryloader-l1-1-0.dll
0x0000021ad85d0000 - 0x0000021ad85d3000 	C:\Users\svivan54\.openjfx\cache\13\api-ms-win-core-localization-l1-2-0.dll
0x0000021ad85e0000 - 0x0000021ad85e3000 	C:\Users\svivan54\.openjfx\cache\13\api-ms-win-core-memory-l1-1-0.dll
0x0000021ad85f0000 - 0x0000021ad85f3000 	C:\Users\svivan54\.openjfx\cache\13\api-ms-win-core-namedpipe-l1-1-0.dll
0x0000021ad8600000 - 0x0000021ad8603000 	C:\Users\svivan54\.openjfx\cache\13\api-ms-win-core-processenvironment-l1-1-0.dll
0x0000021ad8610000 - 0x0000021ad8613000 	C:\Users\svivan54\.openjfx\cache\13\api-ms-win-core-processthreads-l1-1-0.dll
0x0000021ad8620000 - 0x0000021ad8623000 	C:\Users\svivan54\.openjfx\cache\13\api-ms-win-core-processthreads-l1-1-1.dll
0x0000021ad8630000 - 0x0000021ad8633000 	C:\Users\svivan54\.openjfx\cache\13\api-ms-win-core-profile-l1-1-0.dll
0x0000021ad8640000 - 0x0000021ad8643000 	C:\Users\svivan54\.openjfx\cache\13\api-ms-win-core-rtlsupport-l1-1-0.dll
0x0000021ad8650000 - 0x0000021ad8653000 	C:\Users\svivan54\.openjfx\cache\13\api-ms-win-core-string-l1-1-0.dll
0x0000021ad8660000 - 0x0000021ad8663000 	C:\Users\svivan54\.openjfx\cache\13\api-ms-win-core-synch-l1-1-0.dll
0x0000021ad8670000 - 0x0000021ad8673000 	C:\Users\svivan54\.openjfx\cache\13\api-ms-win-core-synch-l1-2-0.dll
0x0000021ad8680000 - 0x0000021ad8683000 	C:\Users\svivan54\.openjfx\cache\13\api-ms-win-core-sysinfo-l1-1-0.dll
0x0000021ad8690000 - 0x0000021ad8693000 	C:\Users\svivan54\.openjfx\cache\13\api-ms-win-core-timezone-l1-1-0.dll
0x0000021ad86a0000 - 0x0000021ad86a3000 	C:\Users\svivan54\.openjfx\cache\13\api-ms-win-core-util-l1-1-0.dll
0x0000021ad86b0000 - 0x0000021ad86b3000 	C:\Users\svivan54\.openjfx\cache\13\api-ms-win-crt-conio-l1-1-0.dll
0x0000021ad86c0000 - 0x0000021ad86c4000 	C:\Users\svivan54\.openjfx\cache\13\api-ms-win-crt-convert-l1-1-0.dll
0x0000021ad86d0000 - 0x0000021ad86d3000 	C:\Users\svivan54\.openjfx\cache\13\api-ms-win-crt-environment-l1-1-0.dll
0x0000021ad86e0000 - 0x0000021ad86e3000 	C:\Users\svivan54\.openjfx\cache\13\api-ms-win-crt-filesystem-l1-1-0.dll
0x0000021ad86f0000 - 0x0000021ad86f3000 	C:\Users\svivan54\.openjfx\cache\13\api-ms-win-crt-heap-l1-1-0.dll
0x0000021ad8700000 - 0x0000021ad8703000 	C:\Users\svivan54\.openjfx\cache\13\api-ms-win-crt-locale-l1-1-0.dll
0x0000021ad8710000 - 0x0000021ad8715000 	C:\Users\svivan54\.openjfx\cache\13\api-ms-win-crt-math-l1-1-0.dll
0x0000021ad8720000 - 0x0000021ad8725000 	C:\Users\svivan54\.openjfx\cache\13\api-ms-win-crt-multibyte-l1-1-0.dll
0x0000021ad8730000 - 0x0000021ad8740000 	C:\Users\svivan54\.openjfx\cache\13\api-ms-win-crt-private-l1-1-0.dll
0x0000021ad8740000 - 0x0000021ad8743000 	C:\Users\svivan54\.openjfx\cache\13\api-ms-win-crt-process-l1-1-0.dll
0x0000021ad8750000 - 0x0000021ad8754000 	C:\Users\svivan54\.openjfx\cache\13\api-ms-win-crt-runtime-l1-1-0.dll
0x0000021ad8760000 - 0x0000021ad8764000 	C:\Users\svivan54\.openjfx\cache\13\api-ms-win-crt-stdio-l1-1-0.dll
0x0000021ad8770000 - 0x0000021ad8774000 	C:\Users\svivan54\.openjfx\cache\13\api-ms-win-crt-string-l1-1-0.dll
0x0000021ad8780000 - 0x0000021ad8783000 	C:\Users\svivan54\.openjfx\cache\13\api-ms-win-crt-time-l1-1-0.dll
0x0000021ad8790000 - 0x0000021ad8793000 	C:\Users\svivan54\.openjfx\cache\13\api-ms-win-crt-utility-l1-1-0.dll
0x00007ffcb6b80000 - 0x00007ffcb6c7c000 	C:\Users\svivan54\.openjfx\cache\13\ucrtbase.dll
0x00007ffccd880000 - 0x00007ffccd895000 	C:\Users\svivan54\.openjfx\cache\13\vcruntime140.dll
0x00007ffcb16c0000 - 0x00007ffcb175b000 	C:\Users\svivan54\.openjfx\cache\13\msvcp140.dll
0x00007ffcb1950000 - 0x00007ffcb19a1000 	C:\Users\svivan54\.openjfx\cache\13\concrt140.dll
0x00007ffccb5c0000 - 0x00007ffccb5e3000 	C:\Users\svivan54\.openjfx\cache\13\prism_d3d.dll
0x00007ffca4f50000 - 0x00007ffca5117000 	C:\WINDOWS\system32\d3d9.dll
0x00007ffcd9d10000 - 0x00007ffcd9d3d000 	C:\WINDOWS\SYSTEM32\dwmapi.dll
0x00007ffcdd520000 - 0x00007ffcdd540000 	C:\WINDOWS\SYSTEM32\dxcore.dll
0x00007ffcd9490000 - 0x00007ffcd9529000 	C:\WINDOWS\system32\uxtheme.dll
0x00007ffc971d0000 - 0x00007ffc973bb000 	C:\WINDOWS\System32\DriverStore\FileRepository\ki 129523.inf_amd64_32947eecf8f3e231\igdumdim64.dll
0x00007ffc82c30000 - 0x00007ffc861ad000 	C:\WINDOWS\System32\DriverStore\FileRepository\ki 129523.inf_amd64_32947eecf8f3e231\igd9dxva64.dll
0x00007ffce0d80000 - 0x00007ffce0ed7000 	C:\WINDOWS\System32\ole32.dll
0x00007ffce0ee0000 - 0x00007ffce0fa5000 	C:\WINDOWS\System32\OLEAUT32.dll
0x00007ffcb5910000 - 0x00007ffcb5955000 	C:\Users\svivan54\.openjfx\cache\13\glass.dll
0x00007ffce10f0000 - 0x00007ffce11c0000 	C:\WINDOWS\System32\COMDLG32.dll
0x00007ffce06a0000 - 0x00007ffce07d5000 	C:\WINDOWS\System32\MSCTF.dll
0x00007ffcd4c60000 - 0x00007ffcd4c84000 	C:\WINDOWS\System32\DriverStore\FileRepository\ki 129523.inf_amd64_32947eecf8f3e231\igdinfo64.dll
0x00007ffcce3b0000 - 0x00007ffcd02b1000 	C:\WINDOWS\System32\DriverStore\FileRepository\ki 129523.inf_amd64_32947eecf8f3e231\igc64.dll
0x00007ffccccf0000 - 0x00007ffcccd04000 	C:\Users\svivan54\.openjfx\cache\13\javafx_font.dll
0x00007ffccbd10000 - 0x00007ffccc00e000 	C:\WINDOWS\SYSTEM32\dwrite.dll
0x0000000071100000 - 0x0000000071125000 	C:\Users\svivan54\.jssc\windows\jSSC-2.8_x86_64.dll

dbghelp: loaded successfully - version: 4.0.5 - missing functions: none
symbol engine: initialized successfully - sym options: 0x614 - pdb path: .;C:\Program Files\Java\jdk-11\bin;C:\WINDOWS\SYSTEM32;C:\WINDOWS\WinSxS\amd64_microsoft.windows.common-controls_6595b64144ccf1df_6.0.18362.959_none_e6c7bbbf130c62bb;C:\Program Files\Java\jdk-11\bin\server;C:\Users\svivan54\.openjfx\cache\13;C:\WINDOWS\System32\DriverStore\FileRepository\ki 129523.inf_amd64_32947eecf8f3e231;C:\Users\svivan54\.jssc\windows

VM Arguments:
jvm_args: --add-modules=javafx.controls,javafx.fxml --module-path=C:\Users\svivan54\.gradle\caches\modules-2\files-2.1\org.openjfx\javafx-fxml\13\ee55786ffd820bb7c8dd43d127a54b1141639e29\javafx-fxml-13-win.jar;C:\Users\svivan54\.gradle\caches\modules-2\files-2.1\org.openjfx\javafx-controls\13\7524fd4ab57de51637adb0e99f0220a1ae0ae4dd\javafx-controls-13-win.jar;C:\Users\svivan54\.gradle\caches\modules-2\files-2.1\org.openjfx\javafx-graphics\13\bbcbc616702a086567585183efcb0ab8eb22a66b\javafx-graphics-13-win.jar;C:\Users\svivan54\.gradle\caches\modules-2\files-2.1\org.openjfx\javafx-base\13\6386f02a2b71d8b503c6ca3cd2d2dcb382ce86b4\javafx-base-13-win.jar -agentlib:jdwp=transport=dt_socket,server=n,suspend=y,address=60561 -Dfile.encoding=windows-1251 -Duser.country=RU -Duser.language=ru -Duser.variant 
java_command: ru.bati4eli.pids.exchange.client.app.FxApplication
java_class_path (initial): C:\Users\svivan54\Nextcloud\PROJECTS\JAVA\ru.bati4eli.pids.exchange.client\build\classes\java\main;C:\Users\svivan54\Nextcloud\PROJECTS\JAVA\ru.bati4eli.pids.exchange.client\build\classes\groovy\main;C:\Users\svivan54\Nextcloud\PROJECTS\JAVA\ru.bati4eli.pids.exchange.client\build\resources\main;C:\Users\svivan54\.gradle\caches\modules-2\files-2.1\org.scream3r\jssc\2.8.0\7e8d93052a8743a7937a6d46854057ac1ce876c1\jssc-2.8.0.jar;C:\Users\svivan54\.gradle\caches\modules-2\files-2.1\de.jensd\fontawesomefx\8.9\84f2b42df0faaf553c847e58100840aaf4507a61\fontawesomefx-8.9.jar;C:\Users\svivan54\.gradle\caches\modules-2\files-2.1\org.codehaus.groovy\groovy-all\2.4.15\423a17aeb2f64bc6f76e8e44265a548bec80fd42\groovy-all-2.4.15.jar;C:\Users\svivan54\.gradle\caches\modules-2\files-2.1\org.openjfx\javafx-fxml\13\ee55786ffd820bb7c8dd43d127a54b1141639e29\javafx-fxml-13-win.jar;C:\Users\svivan54\.gradle\caches\modules-2\files-2.1\org.openjfx\javafx-controls\13\7524fd4ab57de51637adb0e99f0220a1ae0ae4dd\javafx-controls-13-win.jar;C:\Users\svivan54\.gradle\caches\modules-2\files-2.1\org.openjfx\javafx-controls\13\6cd7169d2a729846c35fba9dc65af23a10ca253b\javafx-controls-13.jar;C:\Users\svivan54\.gradle\caches\modules-2\files-2.1\org.openjfx\javafx-graphics\13\bbcbc616702a086567585183efcb0ab8eb22a66b\javafx-graphics-13-win.jar;C:\Users\svivan54\.gradle\caches\modules-2\files-2.1\org.openjfx\javafx-graphics\13\a9407212df2b75d557a509ec14a9e8e282494b4e\javafx-graphics-13.jar;C:\Users\svivan54\.gradle\caches\modules-2\files-2.1\org.openjfx\javafx-base\13\6386f02a2b71d8b503c6ca3cd2d2dcb382ce86b4\javafx-base-13-win.jar;C:\Users\svivan54\.gradle\caches\modules-2\files-2.1\org.openjfx\javafx-base\13\43c52e1d11b38514e9d2421ad98ca6a35de12b0\javafx-base-13.jar
Launcher Type: SUN_STANDARD

[Global flags]
     intx CICompilerCount                          = 4                                         {product} {ergonomic}
     uint ConcGCThreads                            = 2                                         {product} {ergonomic}
     uint G1ConcRefinementThreads                  = 8                                         {product} {ergonomic}
   size_t G1HeapRegionSize                         = 1048576                                   {product} {ergonomic}
    uintx GCDrainStackTargetSize                   = 64                                        {product} {ergonomic}
   size_t InitialHeapSize                          = 132120576                                 {product} {ergonomic}
   size_t MarkStackSize                            = 4194304                                   {product} {ergonomic}
   size_t MaxHeapSize                              = 2111832064                                {product} {ergonomic}
   size_t MaxNewSize                               = 1266679808                                {product} {ergonomic}
   size_t MinHeapDeltaBytes                        = 1048576                                   {product} {ergonomic}
    uintx NonNMethodCodeHeapSize                   = 5835340                                {pd product} {ergonomic}
    uintx NonProfiledCodeHeapSize                  = 122911450                              {pd product} {ergonomic}
    uintx ProfiledCodeHeapSize                     = 122911450                              {pd product} {ergonomic}
    uintx ReservedCodeCacheSize                    = 251658240                              {pd product} {ergonomic}
     bool SegmentedCodeCache                       = true                                      {product} {ergonomic}
     bool UseCompressedClassPointers               = true                                 {lp64_product} {ergonomic}
     bool UseCompressedOops                        = true                                 {lp64_product} {ergonomic}
     bool UseG1GC                                  = true                                      {product} {ergonomic}
     bool UseLargePagesIndividualAllocation        = false                                  {pd product} {ergonomic}

Logging:
Log output configuration:
 #0: stdout all=warning uptime,level,tags
 #1: stderr all=off uptime,level,tags

Environment Variables:
JAVA_HOME=C:\Program Files\Java\jdk-11
PATH=C:\Program Files\Common Files\Oracle\Java\javapath;C:\Program Files (x86)\Common Files\Oracle\Java\javapath;C:\WINDOWS\system32;C:\WINDOWS;C:\WINDOWS\System32\Wbem;C:\WINDOWS\System32\WindowsPowerShell\v1.0\;C:\WINDOWS\System32\OpenSSH\;C:\Program Files (x86)\Bitvise SSH Client;C:\Program Files\Docker\Docker\resources\bin;C:\ProgramData\DockerDesktop\version-bin;C:\Program Files\maven\apache-maven-3.6.3\bin;C:\Program Files\dotnet\;C:\Users\svivan54\AppData\Local\Microsoft\WindowsApps;C:\Users\svivan54\AppData\Local\Programs\Git\cmd;C:\Users\svivan54\.dotnet\tools
USERNAME=svivan54
OS=Windows_NT
PROCESSOR_IDENTIFIER=Intel64 Family 6 Model 142 Stepping 10, GenuineIntel



---------------  S Y S T E M  ---------------

OS: Windows 10 , 64 bit Build 18362 (10.0.18362.959)

CPU:total 8 (initial active 8) (4 cores per cpu, 2 threads per core) family 6 model 142 stepping 10, cmov, cx8, fxsr, mmx, sse, sse2, sse3, ssse3, sse4.1, sse4.2, popcnt, avx, avx2, aes, clmul, erms, rtm, 3dnowpref, lzcnt, ht, tsc, tscinvbit, bmi1, bmi2, adx, fma

Memory: 4k page, system-wide physical 8051M (1412M free)
TotalPageFile size 10874M (AvailPageFile size 2019M)
current process WorkingSet (physical memory assigned to process): 137M, peak: 186M
current process commit charge ("private bytes"): 268M, peak: 311M

vm_info: OpenJDK 64-Bit Server VM (11+28) for windows-amd64 JRE (11+28), built on Aug 23 2018 03:04:58 by "mach5one" with MS VC++ 15.5 (VS2017)

END.
