#
# A fatal error has been detected by the Java Runtime Environment:
#
#  EXCEPTION_ACCESS_VIOLATION (0xc0000005) at pc=0x000000007110b5db, pid=16316, tid=13824
#
# JRE version: Java(TM) SE Runtime Environment (15.0+36) (build 15+36-1562)
# Java VM: Java HotSpot(TM) 64-Bit Server VM (15+36-1562, mixed mode, sharing, tiered, compressed oops, g1 gc, windows-amd64)
# Problematic frame:
# C  [jSSC-2.8_x86_64.dll+0xb5db]
#
# No core dump will be written. Minidumps are not enabled by default on client versions of Windows
#
# If you would like to submit a bug report, please visit:
#   https://bugreport.java.com/bugreport/crash.jsp
# The crash happened outside the Java Virtual Machine in native code.
# See problematic frame for where to report the bug.
#

---------------  S U M M A R Y ------------

Command Line: --add-modules=javafx.controls,javafx.fxml --module-path=C:\Users\svivan54\.gradle\caches\modules-2\files-2.1\org.openjfx\javafx-fxml\13\ee55786ffd820bb7c8dd43d127a54b1141639e29\javafx-fxml-13-win.jar;C:\Users\svivan54\.gradle\caches\modules-2\files-2.1\org.openjfx\javafx-controls\13\7524fd4ab57de51637adb0e99f0220a1ae0ae4dd\javafx-controls-13-win.jar;C:\Users\svivan54\.gradle\caches\modules-2\files-2.1\org.openjfx\javafx-graphics\13\bbcbc616702a086567585183efcb0ab8eb22a66b\javafx-graphics-13-win.jar;C:\Users\svivan54\.gradle\caches\modules-2\files-2.1\org.openjfx\javafx-base\13\6386f02a2b71d8b503c6ca3cd2d2dcb382ce86b4\javafx-base-13-win.jar -Dfile.encoding=windows-1251 -Duser.country=RU -Duser.language=ru -Duser.variant ru.bati4eli.pids.exchange.client.app.FxApplication

Host: Intel(R) Core(TM) i7-8650U CPU @ 1.90GHz, 8 cores, 7G,  Windows 10 , 64 bit Build 18362 (10.0.18362.959)
Time: Sun Sep 20 17:30:30 2020 RTZ 2 (ceia) elapsed time: 1.313392 seconds (0d 0h 0m 1s)

---------------  T H R E A D  ---------------

Current thread (0x000001adb9110a30):  JavaThread "JavaFX Application Thread" [_thread_in_native, id=13824, stack(0x0000008a21700000,0x0000008a21800000)]

Stack: [0x0000008a21700000,0x0000008a21800000],  sp=0x0000008a217fd440,  free space=1013k
Native frames: (J=compiled Java code, j=interpreted, Vv=VM code, C=native code)
C  [jSSC-2.8_x86_64.dll+0xb5db]

Java frames: (J=compiled Java code, j=interpreted, Vv=VM code)
j  jssc.SerialNativeInterface.openPort(Ljava/lang/String;Z)J+0
j  jssc.SerialPort.openPort()Z+65
j  jssc.SerialPort$openPort.call(Ljava/lang/Object;[Ljava/lang/Object;)Ljava/lang/Object;+13
j  org.codehaus.groovy.runtime.callsite.CallSiteArray.defaultCall(Lorg/codehaus/groovy/runtime/callsite/CallSite;Ljava/lang/Object;[Ljava/lang/Object;)Ljava/lang/Object;+8
j  org.codehaus.groovy.runtime.callsite.AbstractCallSite.call(Ljava/lang/Object;[Ljava/lang/Object;)Ljava/lang/Object;+3
j  org.codehaus.groovy.runtime.callsite.AbstractCallSite.call(Ljava/lang/Object;)Ljava/lang/Object;+5
j  ru.bati4eli.pids.exchange.client.services.SerialPortService.connect(Ljava/lang/String;)V+104
j  ru.bati4eli.pids.exchange.client.services.SerialPortService$connect.callCurrent(Lgroovy/lang/GroovyObject;[Ljava/lang/Object;)Ljava/lang/Object;+19
j  org.codehaus.groovy.runtime.callsite.CallSiteArray.defaultCallCurrent(Lorg/codehaus/groovy/runtime/callsite/CallSite;Lgroovy/lang/GroovyObject;[Ljava/lang/Object;)Ljava/lang/Object;+17
j  org.codehaus.groovy.runtime.callsite.AbstractCallSite.callCurrent(Lgroovy/lang/GroovyObject;[Ljava/lang/Object;)Ljava/lang/Object;+3
j  org.codehaus.groovy.runtime.callsite.AbstractCallSite.callCurrent(Lgroovy/lang/GroovyObject;Ljava/lang/Object;)Ljava/lang/Object;+33
j  ru.bati4eli.pids.exchange.client.services.SerialPortService.<init>(Lru/bati4eli/pids/exchange/client/app/FxApplication;)V+121
v  ~StubRoutines::call_stub
j  jdk.internal.reflect.NativeConstructorAccessorImpl.newInstance0(Ljava/lang/reflect/Constructor;[Ljava/lang/Object;)Ljava/lang/Object;+0 java.base@15
J 2042 c1 jdk.internal.reflect.NativeConstructorAccessorImpl.newInstance([Ljava/lang/Object;)Ljava/lang/Object; java.base@15 (102 bytes) @ 0x000001ada11db47c [0x000001ada11da9a0+0x0000000000000adc]
J 1614 c1 jdk.internal.reflect.DelegatingConstructorAccessorImpl.newInstance([Ljava/lang/Object;)Ljava/lang/Object; java.base@15 (9 bytes) @ 0x000001ada10f11cc [0x000001ada10f10c0+0x000000000000010c]
J 1588 c1 java.lang.reflect.Constructor.newInstanceWithCaller([Ljava/lang/Object;ZLjava/lang/Class;)Ljava/lang/Object; java.base@15 (75 bytes) @ 0x000001ada10e5b54 [0x000001ada10e5900+0x0000000000000254]
J 1723 c1 java.lang.reflect.Constructor.newInstance([Ljava/lang/Object;)Ljava/lang/Object; java.base@15 (34 bytes) @ 0x000001ada11280ac [0x000001ada1127f40+0x000000000000016c]
j  org.codehaus.groovy.reflection.CachedConstructor.invoke([Ljava/lang/Object;)Ljava/lang/Object;+7
j  org.codehaus.groovy.runtime.callsite.ConstructorSite$ConstructorSiteNoUnwrapNoCoerce.callConstructor(Ljava/lang/Object;[Ljava/lang/Object;)Ljava/lang/Object;+14
j  org.codehaus.groovy.runtime.callsite.CallSiteArray.defaultCallConstructor(Lorg/codehaus/groovy/runtime/callsite/CallSite;Ljava/lang/Object;[Ljava/lang/Object;)Ljava/lang/Object;+11
j  org.codehaus.groovy.runtime.callsite.AbstractCallSite.callConstructor(Ljava/lang/Object;[Ljava/lang/Object;)Ljava/lang/Object;+3
j  org.codehaus.groovy.runtime.callsite.AbstractCallSite.callConstructor(Ljava/lang/Object;Ljava/lang/Object;)Ljava/lang/Object;+33
j  ru.bati4eli.pids.exchange.client.app.FxApplication.start(Ljavafx/stage/Stage;)V+164
j  com.sun.javafx.application.LauncherImpl.lambda$launchApplication1$9(Ljava/util/concurrent/atomic/AtomicBoolean;Ljavafx/application/Application;)V+20 javafx.graphics
j  com.sun.javafx.application.LauncherImpl$$Lambda$113+0x0000000800c511f8.run()V+8 javafx.graphics
j  com.sun.javafx.application.PlatformImpl.lambda$runAndWait$12(Ljava/lang/Runnable;Ljava/util/concurrent/CountDownLatch;)V+1 javafx.graphics
j  com.sun.javafx.application.PlatformImpl$$Lambda$81+0x0000000800bf2878.run()V+8 javafx.graphics
j  com.sun.javafx.application.PlatformImpl.lambda$runLater$10(Ljava/lang/Runnable;)Ljava/lang/Void;+1 javafx.graphics
j  com.sun.javafx.application.PlatformImpl$$Lambda$83+0x0000000800bf3700.run()Ljava/lang/Object;+4 javafx.graphics
J 1025 c1 java.security.AccessController.executePrivileged(Ljava/security/PrivilegedAction;Ljava/security/AccessControlContext;Ljava/lang/Class;)Ljava/lang/Object; java.base@15 (65 bytes) @ 0x000001ada0fc72c4 [0x000001ada0fc7160+0x0000000000000164]
j  java.security.AccessController.doPrivileged(Ljava/security/PrivilegedAction;Ljava/security/AccessControlContext;)Ljava/lang/Object;+13 java.base@15
j  com.sun.javafx.application.PlatformImpl.lambda$runLater$11(Ljava/lang/Runnable;Ljava/security/AccessControlContext;)V+7 javafx.graphics
j  com.sun.javafx.application.PlatformImpl$$Lambda$82+0x0000000800bf32b0.run()V+8 javafx.graphics
j  com.sun.glass.ui.InvokeLaterDispatcher$Future.run()V+4 javafx.graphics
v  ~StubRoutines::call_stub
j  com.sun.glass.ui.win.WinApplication._runLoop(Ljava/lang/Runnable;)V+0 javafx.graphics
j  com.sun.glass.ui.win.WinApplication.lambda$runLoop$3(ILjava/lang/Runnable;)V+8 javafx.graphics
j  com.sun.glass.ui.win.WinApplication$$Lambda$71+0x0000000800be2130.run()V+12 javafx.graphics
j  java.lang.Thread.run()V+11 java.base@15
v  ~StubRoutines::call_stub

siginfo: EXCEPTION_ACCESS_VIOLATION (0xc0000005), reading address 0xffffffff96f9c7bd


Register to memory mapping:

RIP=0x000000007110b5db jSSC-2.8_x86_64.dll
RAX=0xffffffff96f9c7bd is an unknown value
RBX=0x0000008a217fd4b0 is pointing into the stack for thread: 0x000001adb9110a30
RCX=0x00007ffce1a9c254 ntdll.dll
RDX=0x0 is NULL
RSP=0x0000008a217fd440 is pointing into the stack for thread: 0x000001adb9110a30
RBP=0x0000008a217fd5c0 is pointing into the stack for thread: 0x000001adb9110a30
RSI=0x000001adb9110d58 points into unknown readable memory: 0x00007ffc911dbe40 | 40 be 1d 91 fc 7f 00 00
RDI=0x0000000000000744 is an unknown value
R8 =0x0000008a217fd338 is pointing into the stack for thread: 0x000001adb9110a30
R9 =0x0000008a217fd430 is pointing into the stack for thread: 0x000001adb9110a30
R10=0x0 is NULL
R11=0x0000000000000246 is an unknown value
R12=0x0000008a217fd680 is pointing into the stack for thread: 0x000001adb9110a30
R13=0x000001adc18954e0 points into unknown readable memory: 0x76616a00344d4f43 | 43 4f 4d 34 00 6a 61 76
R14=0x0000008a217fd570 is pointing into the stack for thread: 0x000001adb9110a30
R15=0x000001adb9110a30 is a thread


Registers:
RAX=0xffffffff96f9c7bd, RBX=0x0000008a217fd4b0, RCX=0x00007ffce1a9c254, RDX=0x0000000000000000
RSP=0x0000008a217fd440, RBP=0x0000008a217fd5c0, RSI=0x000001adb9110d58, RDI=0x0000000000000744
R8 =0x0000008a217fd338, R9 =0x0000008a217fd430, R10=0x0000000000000000, R11=0x0000000000000246
R12=0x0000008a217fd680, R13=0x000001adc18954e0, R14=0x0000008a217fd570, R15=0x000001adb9110a30
RIP=0x000000007110b5db, EFLAGS=0x0000000000010206

Top of Stack: (sp=0x0000008a217fd440)
0x0000008a217fd440:   000001adb9bf2890 0000000ae1a3fb91
0x0000008a217fd450:   000000007110b230 000001adc18953f0
0x0000008a217fd460:   0000008a217fd5c0 0000000000000004
0x0000008a217fd470:   000001adb9110d58 0000000000000744
0x0000008a217fd480:   0000008a217fd5c0 0000000071112590
0x0000008a217fd490:   000001adb9110a30 0000008a217fd570
0x0000008a217fd4a0:   000001adc18954e0 0000008a217fd680
0x0000008a217fd4b0:   000001adc18954e0 00007ffce1a3fb91
0x0000008a217fd4c0:   0000008a217fd4f0 000001ad96d40000
0x0000008a217fd4d0:   0000008a217fd5c0 0000000000000000
0x0000008a217fd4e0:   0000000071113500 0000000071113be8
0x0000008a217fd4f0:   0000008a217fd520 0000000071112641
0x0000008a217fd500:   0000008a217fd490 000001adb9110d58
0x0000008a217fd510:   0000000000000000 0000000000000000
0x0000008a217fd520:   0000008a217fd5c0 0000000071101595
0x0000008a217fd530:   000000000000001c 000001ad00000000 

Instructions: (pc=0x000000007110b5db)
0x000000007110b4db:   48 85 c0 74 bf 44 8b 03 45 85 c0 0f 84 77 ff ff
0x000000007110b4eb:   ff eb 9f 66 90 e8 8b fe ff ff 48 89 05 0c 34 01
0x000000007110b4fb:   00 eb ad 66 90 e8 7b fe ff ff 48 89 05 fc 33 01
0x000000007110b50b:   00 eb 8b e8 8d fe ff ff c7 03 01 00 00 00 e9 6f
0x000000007110b51b:   ff ff ff 66 90 55 48 89 e5 56 53 48 83 ec 20 48
0x000000007110b52b:   8b 05 d7 33 01 00 48 8b 31 48 89 cb 48 85 c0 74
0x000000007110b53b:   56 44 8b 18 45 85 db 78 42 48 8b 05 bd 33 01 00
0x000000007110b54b:   48 85 c0 74 50 44 8b 10 45 85 d2 74 1d 48 89 f1
0x000000007110b55b:   e8 d0 fd ff ff 48 8b 13 48 8d 42 40 48 8b 48 08
0x000000007110b56b:   48 8b 6a 40 48 8b 60 10 ff e1 48 8b 05 9c 33 01
0x000000007110b57b:   00 48 85 c0 74 2d 48 89 30 eb da e8 b5 fe ff ff
0x000000007110b58b:   0f 1f 44 00 00 eb b2 e8 e9 fd ff ff 48 89 05 6a
0x000000007110b59b:   33 01 00 eb 9c e8 db fd ff ff 48 89 05 5c 33 01
0x000000007110b5ab:   00 eb a2 e8 3d fd ff ff 48 89 05 5e 33 01 00 eb
0x000000007110b5bb:   c5 0f 1f 40 00 55 57 56 53 48 83 ec 28 48 8b 05
0x000000007110b5cb:   39 33 01 00 48 89 cb 48 85 c0 0f 84 c5 00 00 00
0x000000007110b5db:   8b 38 85 ff 0f 88 ab 00 00 00 48 8b 05 1c 33 01
0x000000007110b5eb:   00 48 85 c0 0f 84 bc 00 00 00 8b 30 85 f6 74 57
0x000000007110b5fb:   48 8b 05 0e 33 01 00 48 85 c0 0f 84 e5 00 00 00
0x000000007110b60b:   8b 28 48 8b 35 10 5e 01 00 ff d6 89 c7 89 e9 ff
0x000000007110b61b:   15 f4 5e 01 00 89 f9 48 89 c5 ff 15 b9 5e 01 00
0x000000007110b62b:   48 8b 05 de 32 01 00 48 89 2b 48 85 c0 74 46 48
0x000000007110b63b:   89 da 8b 08 ff 15 d7 5e 01 00 85 c0 74 27 48 83
0x000000007110b64b:   c4 28 5b 5e 5f 5d c3 48 8b 05 bf 32 01 00 48 85
0x000000007110b65b:   c0 74 64 48 8b 10 48 89 13 48 89 18 48 83 c4 28
0x000000007110b66b:   5b 5e 5f 5d c3 48 89 f2 48 83 c4 28 5b 5e 5f 5d
0x000000007110b67b:   48 ff e2 66 90 e8 8b fc ff ff 48 89 05 84 32 01
0x000000007110b68b:   00 eb ac 66 90 e8 ab fd ff ff e9 4b ff ff ff 66
0x000000007110b69b:   0f 1f 44 00 00 e8 db fc ff ff 48 89 05 5c 32 01
0x000000007110b6ab:   00 e9 2a ff ff ff e8 ca fc ff ff 48 89 05 4b 32
0x000000007110b6bb:   01 00 e9 33 ff ff ff e8 29 fc ff ff 48 89 05 4a
0x000000007110b6cb:   32 01 00 48 8b 10 48 85 c0 48 89 13 75 8b e8 12 


Stack slot to memory mapping:
stack at sp + 0 slots: 0x000001adb9bf2890 points into unknown readable memory: 0x000001ad96c94e00 | 00 4e c9 96 ad 01 00 00
stack at sp + 1 slots: 0x0000000ae1a3fb91 is an unknown value
stack at sp + 2 slots: 0x000000007110b230 jSSC-2.8_x86_64.dll
stack at sp + 3 slots: 0x000001adc18953f0 points into unknown readable memory: 0x000001adb9bf2890 | 90 28 bf b9 ad 01 00 00
stack at sp + 4 slots: 0x0000008a217fd5c0 is pointing into the stack for thread: 0x000001adb9110a30
stack at sp + 5 slots: 0x0000000000000004 is an unknown value
stack at sp + 6 slots: 0x000001adb9110d58 points into unknown readable memory: 0x00007ffc911dbe40 | 40 be 1d 91 fc 7f 00 00
stack at sp + 7 slots: 0x0000000000000744 is an unknown value


---------------  P R O C E S S  ---------------

Threads class SMR info:
_java_thread_list=0x000001adb9698760, length=18, elements={
0x000001ad96e79dd0, 0x000001adb78853f0, 0x000001adb7885ed0, 0x000001adb78a0c70,
0x000001adb78a3540, 0x000001adb78a4f10, 0x000001adb78a6450, 0x000001adb78aaba0,
0x000001adb78add50, 0x000001adb786b650, 0x000001adb831e8f0, 0x000001adb831f170,
0x000001adb8908d00, 0x000001adb8d5ae90, 0x000001adb90f2a40, 0x000001adb9110a30,
0x000001adb948d150, 0x000001adb9688040
}

Java Threads: ( => current thread )
  0x000001ad96e79dd0 JavaThread "main" [_thread_blocked, id=11324, stack(0x0000008a20100000,0x0000008a20200000)]
  0x000001adb78853f0 JavaThread "Reference Handler" daemon [_thread_blocked, id=9396, stack(0x0000008a20800000,0x0000008a20900000)]
  0x000001adb7885ed0 JavaThread "Finalizer" daemon [_thread_blocked, id=14304, stack(0x0000008a20900000,0x0000008a20a00000)]
  0x000001adb78a0c70 JavaThread "Signal Dispatcher" daemon [_thread_blocked, id=6104, stack(0x0000008a20a00000,0x0000008a20b00000)]
  0x000001adb78a3540 JavaThread "Attach Listener" daemon [_thread_blocked, id=13816, stack(0x0000008a20b00000,0x0000008a20c00000)]
  0x000001adb78a4f10 JavaThread "Service Thread" daemon [_thread_blocked, id=11500, stack(0x0000008a20c00000,0x0000008a20d00000)]
  0x000001adb78a6450 JavaThread "C2 CompilerThread0" daemon [_thread_blocked, id=14472, stack(0x0000008a20d00000,0x0000008a20e00000)]
  0x000001adb78aaba0 JavaThread "C1 CompilerThread0" daemon [_thread_blocked, id=11740, stack(0x0000008a20e00000,0x0000008a20f00000)]
  0x000001adb78add50 JavaThread "Sweeper thread" daemon [_thread_blocked, id=11860, stack(0x0000008a20f00000,0x0000008a21000000)]
  0x000001adb786b650 JavaThread "Common-Cleaner" daemon [_thread_blocked, id=2864, stack(0x0000008a21000000,0x0000008a21100000)]
  0x000001adb831e8f0 JavaThread "C2 CompilerThread1" daemon [_thread_blocked, id=15936, stack(0x0000008a21100000,0x0000008a21200000)]
  0x000001adb831f170 JavaThread "C2 CompilerThread2" daemon [_thread_blocked, id=10420, stack(0x0000008a21200000,0x0000008a21300000)]
  0x000001adb8908d00 JavaThread "Notification Thread" daemon [_thread_blocked, id=14752, stack(0x0000008a21300000,0x0000008a21400000)]
  0x000001adb8d5ae90 JavaThread "QuantumRenderer-0" daemon [_thread_blocked, id=5852, stack(0x0000008a21500000,0x0000008a21600000)]
  0x000001adb90f2a40 JavaThread "InvokeLaterDispatcher" daemon [_thread_blocked, id=10344, stack(0x0000008a21600000,0x0000008a21700000)]
=>0x000001adb9110a30 JavaThread "JavaFX Application Thread" [_thread_in_native, id=13824, stack(0x0000008a21700000,0x0000008a21800000)]
  0x000001adb948d150 JavaThread "Thread-1" daemon [_thread_in_native, id=14672, stack(0x0000008a21b00000,0x0000008a21c00000)]
  0x000001adb9688040 JavaThread "JavaFX-Launcher" [_thread_blocked, id=7336, stack(0x0000008a21f00000,0x0000008a22000000)]

Other Threads:
  0x000001adb78834c0 VMThread "VM Thread" [stack: 0x0000008a20700000,0x0000008a20800000] [id=4472]
  0x000001adb8529900 WatcherThread [stack: 0x0000008a21400000,0x0000008a21500000] [id=9684]
  0x000001ad96eb79d0 GCTaskThread "GC Thread#0" [stack: 0x0000008a20200000,0x0000008a20300000] [id=3252]
  0x000001adb95be2b0 GCTaskThread "GC Thread#1" [stack: 0x0000008a21c00000,0x0000008a21d00000] [id=2340]
  0x000001adb95bbfa0 GCTaskThread "GC Thread#2" [stack: 0x0000008a21d00000,0x0000008a21e00000] [id=15340]
  0x000001adb95bd920 GCTaskThread "GC Thread#3" [stack: 0x0000008a21e00000,0x0000008a21f00000] [id=10848]
  0x000001adb95bd2c0 GCTaskThread "GC Thread#4" [stack: 0x0000008a22000000,0x0000008a22100000] [id=7620]
  0x000001adb95be910 GCTaskThread "GC Thread#5" [stack: 0x0000008a22100000,0x0000008a22200000] [id=4228]
  0x000001ad96ec9780 ConcurrentGCThread "G1 Main Marker" [stack: 0x0000008a20300000,0x0000008a20400000] [id=11868]
  0x000001ad96eca310 ConcurrentGCThread "G1 Conc#0" [stack: 0x0000008a20400000,0x0000008a20500000] [id=11244]
  0x000001ad96f34d90 ConcurrentGCThread "G1 Refine#0" [stack: 0x0000008a20500000,0x0000008a20600000] [id=14324]
  0x000001ad96f35920 ConcurrentGCThread "G1 Young RemSet Sampling" [stack: 0x0000008a20600000,0x0000008a20700000] [id=12172]

Threads with active compile tasks:

VM state: not at safepoint (normal execution)

VM Mutex/Monitor currently owned by a thread: None

Heap address: 0x0000000082200000, size: 2014 MB, Compressed Oops mode: 32-bit
CDS archive(s) mapped at: [0x0000000800000000-0x0000000800b50000-0x0000000800b50000), size 11862016, SharedBaseAddress: 0x0000000800000000, ArchiveRelocationMode: 0.
Compressed class space mapped at: 0x0000000800b50000-0x0000000840b50000, size: 1073741824
Narrow klass base: 0x0000000800000000, Narrow klass shift: 3, Narrow klass range: 0x100000000

GC Precious Log:
 CPUs: 8 total, 8 available
 Memory: 8051M
 Large Page Support: Disabled
 NUMA Support: Disabled
 Compressed Oops: Enabled (32-bit)
 Heap Region Size: 1M
 Heap Min Capacity: 8M
 Heap Initial Capacity: 126M
 Heap Max Capacity: 2014M
 Pre-touch: Disabled
 Parallel Workers: 8
 Concurrent Workers: 2
 Concurrent Refinement Workers: 8
 Periodic GC: Disabled

Heap:
 garbage-first heap   total 129024K, used 29065K [0x0000000082200000, 0x0000000100000000)
  region size 1024K, 25 young (25600K), 5 survivors (5120K)
 Metaspace       used 16496K, capacity 16758K, committed 17024K, reserved 1064960K
  class space    used 1983K, capacity 2101K, committed 2176K, reserved 1048576K

Heap Regions: E=young(eden), S=young(survivor), O=old, HS=humongous(starts), HC=humongous(continues), CS=collection set, F=free, OA=open archive, CA=closed archive, TAMS=top-at-mark-start (previous, next)
|   0|0x0000000082200000, 0x0000000082300000, 0x0000000082300000|100%| O|  |TAMS 0x0000000082200000, 0x0000000082200000| Untracked 
|   1|0x0000000082300000, 0x0000000082400000, 0x0000000082400000|100%| O|  |TAMS 0x0000000082300000, 0x0000000082300000| Untracked 
|   2|0x0000000082400000, 0x0000000082462400, 0x0000000082500000| 38%| O|  |TAMS 0x0000000082400000, 0x0000000082400000| Untracked 
|   3|0x0000000082500000, 0x0000000082600000, 0x0000000082600000|100%| O|  |TAMS 0x0000000082500000, 0x0000000082500000| Untracked 
|   4|0x0000000082600000, 0x0000000082700000, 0x0000000082700000|100%| O|  |TAMS 0x0000000082600000, 0x0000000082600000| Untracked 
|   5|0x0000000082700000, 0x0000000082700000, 0x0000000082800000|  0%| F|  |TAMS 0x0000000082700000, 0x0000000082700000| Untracked 
|   6|0x0000000082800000, 0x0000000082800000, 0x0000000082900000|  0%| F|  |TAMS 0x0000000082800000, 0x0000000082800000| Untracked 
|   7|0x0000000082900000, 0x0000000082900000, 0x0000000082a00000|  0%| F|  |TAMS 0x0000000082900000, 0x0000000082900000| Untracked 
|   8|0x0000000082a00000, 0x0000000082a00000, 0x0000000082b00000|  0%| F|  |TAMS 0x0000000082a00000, 0x0000000082a00000| Untracked 
|   9|0x0000000082b00000, 0x0000000082b00000, 0x0000000082c00000|  0%| F|  |TAMS 0x0000000082b00000, 0x0000000082b00000| Untracked 
|  10|0x0000000082c00000, 0x0000000082c00000, 0x0000000082d00000|  0%| F|  |TAMS 0x0000000082c00000, 0x0000000082c00000| Untracked 
|  11|0x0000000082d00000, 0x0000000082d00000, 0x0000000082e00000|  0%| F|  |TAMS 0x0000000082d00000, 0x0000000082d00000| Untracked 
|  12|0x0000000082e00000, 0x0000000082e00000, 0x0000000082f00000|  0%| F|  |TAMS 0x0000000082e00000, 0x0000000082e00000| Untracked 
|  13|0x0000000082f00000, 0x0000000082f00000, 0x0000000083000000|  0%| F|  |TAMS 0x0000000082f00000, 0x0000000082f00000| Untracked 
|  14|0x0000000083000000, 0x0000000083000000, 0x0000000083100000|  0%| F|  |TAMS 0x0000000083000000, 0x0000000083000000| Untracked 
|  15|0x0000000083100000, 0x0000000083100000, 0x0000000083200000|  0%| F|  |TAMS 0x0000000083100000, 0x0000000083100000| Untracked 
|  16|0x0000000083200000, 0x0000000083200000, 0x0000000083300000|  0%| F|  |TAMS 0x0000000083200000, 0x0000000083200000| Untracked 
|  17|0x0000000083300000, 0x0000000083300000, 0x0000000083400000|  0%| F|  |TAMS 0x0000000083300000, 0x0000000083300000| Untracked 
|  18|0x0000000083400000, 0x0000000083400000, 0x0000000083500000|  0%| F|  |TAMS 0x0000000083400000, 0x0000000083400000| Untracked 
|  19|0x0000000083500000, 0x0000000083500000, 0x0000000083600000|  0%| F|  |TAMS 0x0000000083500000, 0x0000000083500000| Untracked 
|  20|0x0000000083600000, 0x0000000083600000, 0x0000000083700000|  0%| F|  |TAMS 0x0000000083600000, 0x0000000083600000| Untracked 
|  21|0x0000000083700000, 0x0000000083700000, 0x0000000083800000|  0%| F|  |TAMS 0x0000000083700000, 0x0000000083700000| Untracked 
|  22|0x0000000083800000, 0x0000000083800000, 0x0000000083900000|  0%| F|  |TAMS 0x0000000083800000, 0x0000000083800000| Untracked 
|  23|0x0000000083900000, 0x0000000083900000, 0x0000000083a00000|  0%| F|  |TAMS 0x0000000083900000, 0x0000000083900000| Untracked 
|  24|0x0000000083a00000, 0x0000000083a00000, 0x0000000083b00000|  0%| F|  |TAMS 0x0000000083a00000, 0x0000000083a00000| Untracked 
|  25|0x0000000083b00000, 0x0000000083b00000, 0x0000000083c00000|  0%| F|  |TAMS 0x0000000083b00000, 0x0000000083b00000| Untracked 
|  26|0x0000000083c00000, 0x0000000083c00000, 0x0000000083d00000|  0%| F|  |TAMS 0x0000000083c00000, 0x0000000083c00000| Untracked 
|  27|0x0000000083d00000, 0x0000000083d00000, 0x0000000083e00000|  0%| F|  |TAMS 0x0000000083d00000, 0x0000000083d00000| Untracked 
|  28|0x0000000083e00000, 0x0000000083e00000, 0x0000000083f00000|  0%| F|  |TAMS 0x0000000083e00000, 0x0000000083e00000| Untracked 
|  29|0x0000000083f00000, 0x0000000083f00000, 0x0000000084000000|  0%| F|  |TAMS 0x0000000083f00000, 0x0000000083f00000| Untracked 
|  30|0x0000000084000000, 0x0000000084000000, 0x0000000084100000|  0%| F|  |TAMS 0x0000000084000000, 0x0000000084000000| Untracked 
|  31|0x0000000084100000, 0x0000000084100000, 0x0000000084200000|  0%| F|  |TAMS 0x0000000084100000, 0x0000000084100000| Untracked 
|  32|0x0000000084200000, 0x0000000084200000, 0x0000000084300000|  0%| F|  |TAMS 0x0000000084200000, 0x0000000084200000| Untracked 
|  33|0x0000000084300000, 0x0000000084300000, 0x0000000084400000|  0%| F|  |TAMS 0x0000000084300000, 0x0000000084300000| Untracked 
|  34|0x0000000084400000, 0x0000000084400000, 0x0000000084500000|  0%| F|  |TAMS 0x0000000084400000, 0x0000000084400000| Untracked 
|  35|0x0000000084500000, 0x0000000084500000, 0x0000000084600000|  0%| F|  |TAMS 0x0000000084500000, 0x0000000084500000| Untracked 
|  36|0x0000000084600000, 0x0000000084600000, 0x0000000084700000|  0%| F|  |TAMS 0x0000000084600000, 0x0000000084600000| Untracked 
|  37|0x0000000084700000, 0x0000000084700000, 0x0000000084800000|  0%| F|  |TAMS 0x0000000084700000, 0x0000000084700000| Untracked 
|  38|0x0000000084800000, 0x0000000084800000, 0x0000000084900000|  0%| F|  |TAMS 0x0000000084800000, 0x0000000084800000| Untracked 
|  39|0x0000000084900000, 0x0000000084900000, 0x0000000084a00000|  0%| F|  |TAMS 0x0000000084900000, 0x0000000084900000| Untracked 
|  40|0x0000000084a00000, 0x0000000084a00000, 0x0000000084b00000|  0%| F|  |TAMS 0x0000000084a00000, 0x0000000084a00000| Untracked 
|  41|0x0000000084b00000, 0x0000000084b00000, 0x0000000084c00000|  0%| F|  |TAMS 0x0000000084b00000, 0x0000000084b00000| Untracked 
|  42|0x0000000084c00000, 0x0000000084c00000, 0x0000000084d00000|  0%| F|  |TAMS 0x0000000084c00000, 0x0000000084c00000| Untracked 
|  43|0x0000000084d00000, 0x0000000084d00000, 0x0000000084e00000|  0%| F|  |TAMS 0x0000000084d00000, 0x0000000084d00000| Untracked 
|  44|0x0000000084e00000, 0x0000000084e00000, 0x0000000084f00000|  0%| F|  |TAMS 0x0000000084e00000, 0x0000000084e00000| Untracked 
|  45|0x0000000084f00000, 0x0000000084f00000, 0x0000000085000000|  0%| F|  |TAMS 0x0000000084f00000, 0x0000000084f00000| Untracked 
|  46|0x0000000085000000, 0x0000000085000000, 0x0000000085100000|  0%| F|  |TAMS 0x0000000085000000, 0x0000000085000000| Untracked 
|  47|0x0000000085100000, 0x0000000085100000, 0x0000000085200000|  0%| F|  |TAMS 0x0000000085100000, 0x0000000085100000| Untracked 
|  48|0x0000000085200000, 0x0000000085200000, 0x0000000085300000|  0%| F|  |TAMS 0x0000000085200000, 0x0000000085200000| Untracked 
|  49|0x0000000085300000, 0x0000000085300000, 0x0000000085400000|  0%| F|  |TAMS 0x0000000085300000, 0x0000000085300000| Untracked 
|  50|0x0000000085400000, 0x0000000085400000, 0x0000000085500000|  0%| F|  |TAMS 0x0000000085400000, 0x0000000085400000| Untracked 
|  51|0x0000000085500000, 0x0000000085500000, 0x0000000085600000|  0%| F|  |TAMS 0x0000000085500000, 0x0000000085500000| Untracked 
|  52|0x0000000085600000, 0x0000000085600000, 0x0000000085700000|  0%| F|  |TAMS 0x0000000085600000, 0x0000000085600000| Untracked 
|  53|0x0000000085700000, 0x0000000085700000, 0x0000000085800000|  0%| F|  |TAMS 0x0000000085700000, 0x0000000085700000| Untracked 
|  54|0x0000000085800000, 0x0000000085800000, 0x0000000085900000|  0%| F|  |TAMS 0x0000000085800000, 0x0000000085800000| Untracked 
|  55|0x0000000085900000, 0x0000000085900000, 0x0000000085a00000|  0%| F|  |TAMS 0x0000000085900000, 0x0000000085900000| Untracked 
|  56|0x0000000085a00000, 0x0000000085a00000, 0x0000000085b00000|  0%| F|  |TAMS 0x0000000085a00000, 0x0000000085a00000| Untracked 
|  57|0x0000000085b00000, 0x0000000085b00000, 0x0000000085c00000|  0%| F|  |TAMS 0x0000000085b00000, 0x0000000085b00000| Untracked 
|  58|0x0000000085c00000, 0x0000000085c00000, 0x0000000085d00000|  0%| F|  |TAMS 0x0000000085c00000, 0x0000000085c00000| Untracked 
|  59|0x0000000085d00000, 0x0000000085d00000, 0x0000000085e00000|  0%| F|  |TAMS 0x0000000085d00000, 0x0000000085d00000| Untracked 
|  60|0x0000000085e00000, 0x0000000085e00000, 0x0000000085f00000|  0%| F|  |TAMS 0x0000000085e00000, 0x0000000085e00000| Untracked 
|  61|0x0000000085f00000, 0x0000000085f00000, 0x0000000086000000|  0%| F|  |TAMS 0x0000000085f00000, 0x0000000085f00000| Untracked 
|  62|0x0000000086000000, 0x0000000086000000, 0x0000000086100000|  0%| F|  |TAMS 0x0000000086000000, 0x0000000086000000| Untracked 
|  63|0x0000000086100000, 0x0000000086100000, 0x0000000086200000|  0%| F|  |TAMS 0x0000000086100000, 0x0000000086100000| Untracked 
|  64|0x0000000086200000, 0x0000000086200000, 0x0000000086300000|  0%| F|  |TAMS 0x0000000086200000, 0x0000000086200000| Untracked 
|  65|0x0000000086300000, 0x0000000086300000, 0x0000000086400000|  0%| F|  |TAMS 0x0000000086300000, 0x0000000086300000| Untracked 
|  66|0x0000000086400000, 0x0000000086400000, 0x0000000086500000|  0%| F|  |TAMS 0x0000000086400000, 0x0000000086400000| Untracked 
|  67|0x0000000086500000, 0x0000000086500000, 0x0000000086600000|  0%| F|  |TAMS 0x0000000086500000, 0x0000000086500000| Untracked 
|  68|0x0000000086600000, 0x0000000086600000, 0x0000000086700000|  0%| F|  |TAMS 0x0000000086600000, 0x0000000086600000| Untracked 
|  69|0x0000000086700000, 0x0000000086700000, 0x0000000086800000|  0%| F|  |TAMS 0x0000000086700000, 0x0000000086700000| Untracked 
|  70|0x0000000086800000, 0x0000000086800000, 0x0000000086900000|  0%| F|  |TAMS 0x0000000086800000, 0x0000000086800000| Untracked 
|  71|0x0000000086900000, 0x0000000086900000, 0x0000000086a00000|  0%| F|  |TAMS 0x0000000086900000, 0x0000000086900000| Untracked 
|  72|0x0000000086a00000, 0x0000000086a00000, 0x0000000086b00000|  0%| F|  |TAMS 0x0000000086a00000, 0x0000000086a00000| Untracked 
|  73|0x0000000086b00000, 0x0000000086b00000, 0x0000000086c00000|  0%| F|  |TAMS 0x0000000086b00000, 0x0000000086b00000| Untracked 
|  74|0x0000000086c00000, 0x0000000086c00000, 0x0000000086d00000|  0%| F|  |TAMS 0x0000000086c00000, 0x0000000086c00000| Untracked 
|  75|0x0000000086d00000, 0x0000000086d00000, 0x0000000086e00000|  0%| F|  |TAMS 0x0000000086d00000, 0x0000000086d00000| Untracked 
|  76|0x0000000086e00000, 0x0000000086e00000, 0x0000000086f00000|  0%| F|  |TAMS 0x0000000086e00000, 0x0000000086e00000| Untracked 
|  77|0x0000000086f00000, 0x0000000086f00000, 0x0000000087000000|  0%| F|  |TAMS 0x0000000086f00000, 0x0000000086f00000| Untracked 
|  78|0x0000000087000000, 0x0000000087000000, 0x0000000087100000|  0%| F|  |TAMS 0x0000000087000000, 0x0000000087000000| Untracked 
|  79|0x0000000087100000, 0x0000000087100000, 0x0000000087200000|  0%| F|  |TAMS 0x0000000087100000, 0x0000000087100000| Untracked 
|  80|0x0000000087200000, 0x0000000087200000, 0x0000000087300000|  0%| F|  |TAMS 0x0000000087200000, 0x0000000087200000| Untracked 
|  81|0x0000000087300000, 0x0000000087300000, 0x0000000087400000|  0%| F|  |TAMS 0x0000000087300000, 0x0000000087300000| Untracked 
|  82|0x0000000087400000, 0x0000000087400000, 0x0000000087500000|  0%| F|  |TAMS 0x0000000087400000, 0x0000000087400000| Untracked 
|  83|0x0000000087500000, 0x0000000087500000, 0x0000000087600000|  0%| F|  |TAMS 0x0000000087500000, 0x0000000087500000| Untracked 
|  84|0x0000000087600000, 0x0000000087600000, 0x0000000087700000|  0%| F|  |TAMS 0x0000000087600000, 0x0000000087600000| Untracked 
|  85|0x0000000087700000, 0x0000000087700000, 0x0000000087800000|  0%| F|  |TAMS 0x0000000087700000, 0x0000000087700000| Untracked 
|  86|0x0000000087800000, 0x0000000087800000, 0x0000000087900000|  0%| F|  |TAMS 0x0000000087800000, 0x0000000087800000| Untracked 
|  87|0x0000000087900000, 0x0000000087900000, 0x0000000087a00000|  0%| F|  |TAMS 0x0000000087900000, 0x0000000087900000| Untracked 
|  88|0x0000000087a00000, 0x0000000087b00000, 0x0000000087b00000|100%| S|CS|TAMS 0x0000000087a00000, 0x0000000087a00000| Complete 
|  89|0x0000000087b00000, 0x0000000087c00000, 0x0000000087c00000|100%| S|CS|TAMS 0x0000000087b00000, 0x0000000087b00000| Complete 
|  90|0x0000000087c00000, 0x0000000087d00000, 0x0000000087d00000|100%| S|CS|TAMS 0x0000000087c00000, 0x0000000087c00000| Complete 
|  91|0x0000000087d00000, 0x0000000087e00000, 0x0000000087e00000|100%| S|CS|TAMS 0x0000000087d00000, 0x0000000087d00000| Complete 
|  92|0x0000000087e00000, 0x0000000087f00000, 0x0000000087f00000|100%| S|CS|TAMS 0x0000000087e00000, 0x0000000087e00000| Complete 
|  93|0x0000000087f00000, 0x0000000087f00000, 0x0000000088000000|  0%| F|  |TAMS 0x0000000087f00000, 0x0000000087f00000| Untracked 
|  94|0x0000000088000000, 0x0000000088000000, 0x0000000088100000|  0%| F|  |TAMS 0x0000000088000000, 0x0000000088000000| Untracked 
|  95|0x0000000088100000, 0x0000000088100000, 0x0000000088200000|  0%| F|  |TAMS 0x0000000088100000, 0x0000000088100000| Untracked 
|  96|0x0000000088200000, 0x0000000088200000, 0x0000000088300000|  0%| F|  |TAMS 0x0000000088200000, 0x0000000088200000| Untracked 
|  97|0x0000000088300000, 0x0000000088300000, 0x0000000088400000|  0%| F|  |TAMS 0x0000000088300000, 0x0000000088300000| Untracked 
|  98|0x0000000088400000, 0x0000000088400000, 0x0000000088500000|  0%| F|  |TAMS 0x0000000088400000, 0x0000000088400000| Untracked 
|  99|0x0000000088500000, 0x0000000088500000, 0x0000000088600000|  0%| F|  |TAMS 0x0000000088500000, 0x0000000088500000| Untracked 
| 100|0x0000000088600000, 0x0000000088600000, 0x0000000088700000|  0%| F|  |TAMS 0x0000000088600000, 0x0000000088600000| Untracked 
| 101|0x0000000088700000, 0x0000000088700000, 0x0000000088800000|  0%| F|  |TAMS 0x0000000088700000, 0x0000000088700000| Untracked 
| 102|0x0000000088800000, 0x0000000088800000, 0x0000000088900000|  0%| F|  |TAMS 0x0000000088800000, 0x0000000088800000| Untracked 
| 103|0x0000000088900000, 0x0000000088900000, 0x0000000088a00000|  0%| F|  |TAMS 0x0000000088900000, 0x0000000088900000| Untracked 
| 104|0x0000000088a00000, 0x0000000088a00000, 0x0000000088b00000|  0%| F|  |TAMS 0x0000000088a00000, 0x0000000088a00000| Untracked 
| 105|0x0000000088b00000, 0x0000000088b00000, 0x0000000088c00000|  0%| F|  |TAMS 0x0000000088b00000, 0x0000000088b00000| Untracked 
| 106|0x0000000088c00000, 0x0000000088d00000, 0x0000000088d00000|100%| E|  |TAMS 0x0000000088c00000, 0x0000000088c00000| Complete 
| 107|0x0000000088d00000, 0x0000000088e00000, 0x0000000088e00000|100%| E|CS|TAMS 0x0000000088d00000, 0x0000000088d00000| Complete 
| 108|0x0000000088e00000, 0x0000000088f00000, 0x0000000088f00000|100%| E|CS|TAMS 0x0000000088e00000, 0x0000000088e00000| Complete 
| 109|0x0000000088f00000, 0x0000000089000000, 0x0000000089000000|100%| E|CS|TAMS 0x0000000088f00000, 0x0000000088f00000| Complete 
| 110|0x0000000089000000, 0x0000000089100000, 0x0000000089100000|100%| E|CS|TAMS 0x0000000089000000, 0x0000000089000000| Complete 
| 111|0x0000000089100000, 0x0000000089200000, 0x0000000089200000|100%| E|CS|TAMS 0x0000000089100000, 0x0000000089100000| Complete 
| 112|0x0000000089200000, 0x0000000089300000, 0x0000000089300000|100%| E|CS|TAMS 0x0000000089200000, 0x0000000089200000| Complete 
| 113|0x0000000089300000, 0x0000000089400000, 0x0000000089400000|100%| E|CS|TAMS 0x0000000089300000, 0x0000000089300000| Complete 
| 114|0x0000000089400000, 0x0000000089500000, 0x0000000089500000|100%| E|CS|TAMS 0x0000000089400000, 0x0000000089400000| Complete 
| 115|0x0000000089500000, 0x0000000089600000, 0x0000000089600000|100%| E|CS|TAMS 0x0000000089500000, 0x0000000089500000| Complete 
| 116|0x0000000089600000, 0x0000000089700000, 0x0000000089700000|100%| E|CS|TAMS 0x0000000089600000, 0x0000000089600000| Complete 
| 117|0x0000000089700000, 0x0000000089800000, 0x0000000089800000|100%| E|CS|TAMS 0x0000000089700000, 0x0000000089700000| Complete 
| 118|0x0000000089800000, 0x0000000089900000, 0x0000000089900000|100%| E|CS|TAMS 0x0000000089800000, 0x0000000089800000| Complete 
| 119|0x0000000089900000, 0x0000000089a00000, 0x0000000089a00000|100%| E|CS|TAMS 0x0000000089900000, 0x0000000089900000| Complete 
| 120|0x0000000089a00000, 0x0000000089b00000, 0x0000000089b00000|100%| E|CS|TAMS 0x0000000089a00000, 0x0000000089a00000| Complete 
| 121|0x0000000089b00000, 0x0000000089c00000, 0x0000000089c00000|100%| E|CS|TAMS 0x0000000089b00000, 0x0000000089b00000| Complete 
| 122|0x0000000089c00000, 0x0000000089d00000, 0x0000000089d00000|100%| E|CS|TAMS 0x0000000089c00000, 0x0000000089c00000| Complete 
| 123|0x0000000089d00000, 0x0000000089e00000, 0x0000000089e00000|100%| E|CS|TAMS 0x0000000089d00000, 0x0000000089d00000| Complete 
| 124|0x0000000089e00000, 0x0000000089f00000, 0x0000000089f00000|100%| E|CS|TAMS 0x0000000089e00000, 0x0000000089e00000| Complete 
| 125|0x0000000089f00000, 0x000000008a000000, 0x000000008a000000|100%| E|CS|TAMS 0x0000000089f00000, 0x0000000089f00000| Complete 

Card table byte_map: [0x000001adb06f0000,0x000001adb0ae0000] _byte_map_base: 0x000001adb02df000

Marking Bits (Prev, Next): (CMBitMap*) 0x000001ad96eb9160, (CMBitMap*) 0x000001ad96eb91a0
 Prev Bits: [0x000001adb0ed0000, 0x000001adb2e48000)
 Next Bits: [0x000001adb2e50000, 0x000001adb4dc8000)

Polling page: 0x000001ad96d30000

Metaspace:

Usage:
  Non-class:     14.31 MB capacity,    14.17 MB (>99%) used,   120.92 KB ( <1%) free+waste,    23.56 KB ( <1%) overhead. 
      Class:      2.05 MB capacity,     1.94 MB ( 94%) used,   106.99 KB (  5%) free+waste,    10.31 KB ( <1%) overhead. 
       Both:     16.37 MB capacity,    16.11 MB ( 98%) used,   227.91 KB (  1%) free+waste,    33.88 KB ( <1%) overhead. 

Virtual space:
  Non-class space:       16.00 MB reserved,      14.50 MB ( 91%) committed 
      Class space:        1.00 GB reserved,       2.13 MB ( <1%) committed 
             Both:        1.02 GB reserved,      16.63 MB (  2%) committed 

Chunk freelists:
   Non-Class:  3.00 KB
       Class:  11.00 KB
        Both:  14.00 KB

MaxMetaspaceSize: 17179869184.00 GB
CompressedClassSpaceSize: 1.00 GB

CodeHeap 'non-profiled nmethods': size=120000Kb used=941Kb max_used=941Kb free=119058Kb
 bounds [0x000001ada8370000, 0x000001ada85e0000, 0x000001adaf8a0000]
CodeHeap 'profiled nmethods': size=120000Kb used=4167Kb max_used=4167Kb free=115832Kb
 bounds [0x000001ada0e40000, 0x000001ada1260000, 0x000001ada8370000]
CodeHeap 'non-nmethods': size=5760Kb used=2360Kb max_used=2447Kb free=3399Kb
 bounds [0x000001ada08a0000, 0x000001ada0b20000, 0x000001ada0e40000]
 total_blobs=3099 nmethods=2253 adapters=758
 compilation: enabled
              stopped_count=0, restarted_count=0
 full_count=0

Compilation events (20 events):
Event: 1.288 Thread 0x000001adb78aaba0 nmethod 2240 0x000001ada124b410 code [0x000001ada124b6a0, 0x000001ada124c508]
Event: 1.288 Thread 0x000001adb831e8f0 nmethod 2235 0x000001ada8456510 code [0x000001ada84566a0, 0x000001ada84569d8]
Event: 1.290 Thread 0x000001adb78aaba0 2241       1       java.util.concurrent.atomic.AtomicInteger::get (5 bytes)
Event: 1.290 Thread 0x000001adb78aaba0 nmethod 2241 0x000001ada8456a90 code [0x000001ada8456c20, 0x000001ada8456cd8]
Event: 1.290 Thread 0x000001adb78aaba0 2242       1       org.codehaus.groovy.runtime.callsite.AbstractCallSite::getArray (5 bytes)
Event: 1.290 Thread 0x000001adb78aaba0 nmethod 2242 0x000001ada8456d90 code [0x000001ada8456f20, 0x000001ada8456fd8]
Event: 1.293 Thread 0x000001adb78aaba0 2243       3       java.lang.Class::getMethods (26 bytes)
Event: 1.294 Thread 0x000001adb78aaba0 nmethod 2243 0x000001ada124c990 code [0x000001ada124cb80, 0x000001ada124ce98]
Event: 1.294 Thread 0x000001adb831e8f0 2244   !   4       java.util.WeakHashMap::expungeStaleEntries (139 bytes)
Event: 1.294 Thread 0x000001adb831f170 nmethod 2214 0x000001ada8457090 code [0x000001ada84572c0, 0x000001ada84584e0]
Event: 1.295 Thread 0x000001adb78a6450 2245       4       java.util.LinkedHashMap$LinkedHashIterator::nextNode (54 bytes)
Event: 1.295 Thread 0x000001adb78aaba0 2246       3       com.sun.beans.introspect.PropertyInfo::initialize (392 bytes)
Event: 1.296 Thread 0x000001adb78aaba0 nmethod 2246 0x000001ada124d010 code [0x000001ada124d380, 0x000001ada124ece8]
Event: 1.296 Thread 0x000001adb78aaba0 2252       3       org.codehaus.groovy.reflection.CachedField::isStatic (8 bytes)
Event: 1.296 Thread 0x000001adb78aaba0 nmethod 2252 0x000001ada124f390 code [0x000001ada124f540, 0x000001ada124f778]
Event: 1.296 Thread 0x000001adb78aaba0 2247       3       com.sun.beans.introspect.PropertyInfo::getReadMethod (19 bytes)
Event: 1.297 Thread 0x000001adb78aaba0 nmethod 2247 0x000001ada124f890 code [0x000001ada124fa20, 0x000001ada124fb98]
Event: 1.297 Thread 0x000001adb78aaba0 2248       3       com.sun.beans.introspect.PropertyInfo::getWriteMethod (19 bytes)
Event: 1.297 Thread 0x000001adb78aaba0 nmethod 2248 0x000001ada124fc90 code [0x000001ada124fe20, 0x000001ada124ff98]
Event: 1.297 Thread 0x000001adb78aaba0 2249       3       com.sun.beans.introspect.PropertyInfo::isConstrained (101 bytes)

GC Heap History (4 events):
Event: 0.587 GC heap before
{Heap before GC invocations=0 (full 0):
 garbage-first heap   total 129024K, used 25600K [0x0000000082200000, 0x0000000100000000)
  region size 1024K, 23 young (23552K), 0 survivors (0K)
 Metaspace       used 5728K, capacity 7940K, committed 8192K, reserved 1056768K
  class space    used 539K, capacity 762K, committed 768K, reserved 1048576K
}
Event: 0.590 GC heap after
{Heap after GC invocations=1 (full 0):
 garbage-first heap   total 129024K, used 4135K [0x0000000082200000, 0x0000000100000000)
  region size 1024K, 3 young (3072K), 3 survivors (3072K)
 Metaspace       used 5728K, capacity 7940K, committed 8192K, reserved 1056768K
  class space    used 539K, capacity 762K, committed 768K, reserved 1048576K
}
Event: 1.064 GC heap before
{Heap before GC invocations=1 (full 0):
 garbage-first heap   total 129024K, used 33831K [0x0000000082200000, 0x0000000100000000)
  region size 1024K, 33 young (33792K), 3 survivors (3072K)
 Metaspace       used 14473K, capacity 14739K, committed 14848K, reserved 1062912K
  class space    used 1639K, capacity 1729K, committed 1792K, reserved 1048576K
}
Event: 1.071 GC heap after
{Heap after GC invocations=2 (full 0):
 garbage-first heap   total 129024K, used 9609K [0x0000000082200000, 0x0000000100000000)
  region size 1024K, 5 young (5120K), 5 survivors (5120K)
 Metaspace       used 14473K, capacity 14739K, committed 14848K, reserved 1062912K
  class space    used 1639K, capacity 1729K, committed 1792K, reserved 1048576K
}

Deoptimization events (20 events):
Event: 1.085 Thread 0x000001adb9110a30 Uncommon trap: trap_request=0xffffff45 fr.pc=0x000001ada8376bd8 relative=0x0000000000000058
Event: 1.085 Thread 0x000001adb9110a30 Uncommon trap: reason=unstable_if action=reinterpret pc=0x000001ada8376bd8 method=java.lang.String.isLatin1()Z @ 10 c2
Event: 1.085 Thread 0x000001adb9110a30 DEOPT PACKING pc=0x000001ada8376bd8 sp=0x0000008a217fcf30
Event: 1.085 Thread 0x000001adb9110a30 DEOPT UNPACKING pc=0x000001ada08ee42f sp=0x0000008a217fcec0 mode 2
Event: 1.096 Thread 0x000001adb9110a30 Uncommon trap: trap_request=0xffffff45 fr.pc=0x000001ada837de28 relative=0x0000000000000188
Event: 1.096 Thread 0x000001adb9110a30 Uncommon trap: reason=unstable_if action=reinterpret pc=0x000001ada837de28 method=java.lang.String.equals(Ljava/lang/Object;)Z @ 33 c2
Event: 1.096 Thread 0x000001adb9110a30 DEOPT PACKING pc=0x000001ada837de28 sp=0x0000008a217fde40
Event: 1.096 Thread 0x000001adb9110a30 DEOPT UNPACKING pc=0x000001ada08ee42f sp=0x0000008a217fdde0 mode 2
Event: 1.201 Thread 0x000001adb9110a30 Uncommon trap: trap_request=0xffffff45 fr.pc=0x000001ada83d9aec relative=0x00000000000000cc
Event: 1.201 Thread 0x000001adb9110a30 Uncommon trap: reason=unstable_if action=reinterpret pc=0x000001ada83d9aec method=sun.net.www.ParseUtil.firstEncodeIndex(Ljava/lang/String;)I @ 51 c2
Event: 1.201 Thread 0x000001adb9110a30 DEOPT PACKING pc=0x000001ada83d9aec sp=0x0000008a217fd990
Event: 1.201 Thread 0x000001adb9110a30 DEOPT UNPACKING pc=0x000001ada08ee42f sp=0x0000008a217fd918 mode 2
Event: 1.280 Thread 0x000001adb9110a30 Uncommon trap: trap_request=0xffffff45 fr.pc=0x000001ada844d548 relative=0x0000000000000228
Event: 1.280 Thread 0x000001adb9110a30 Uncommon trap: reason=unstable_if action=reinterpret pc=0x000001ada844d548 method=java.lang.PublicMethods$MethodList.merge(Ljava/lang/PublicMethods$MethodList;Ljava/lang/reflect/Method;)Ljava/lang/PublicMethods$MethodList; @ 62 c2
Event: 1.280 Thread 0x000001adb9110a30 DEOPT PACKING pc=0x000001ada844d548 sp=0x0000008a217fb950
Event: 1.280 Thread 0x000001adb9110a30 DEOPT UNPACKING pc=0x000001ada08ee42f sp=0x0000008a217fb8f0 mode 2
Event: 1.280 Thread 0x000001adb9110a30 Uncommon trap: trap_request=0xffffffc6 fr.pc=0x000001ada84338ac relative=0x0000000000001a2c
Event: 1.280 Thread 0x000001adb9110a30 Uncommon trap: reason=bimorphic_or_optimized_type_check action=maybe_recompile pc=0x000001ada84338ac method=java.util.HashMap.putVal(ILjava/lang/Object;Ljava/lang/Object;ZZ)Ljava/lang/Object; @ 203 c2
Event: 1.280 Thread 0x000001adb9110a30 DEOPT PACKING pc=0x000001ada84338ac sp=0x0000008a217fb910
Event: 1.280 Thread 0x000001adb9110a30 DEOPT UNPACKING pc=0x000001ada08ee42f sp=0x0000008a217fb850 mode 2

Classes unloaded (0 events):
No events

Classes redefined (0 events):
No events

Internal exceptions (20 events):
Event: 1.269 Thread 0x000001adb9110a30 Exception <a 'java/lang/ClassNotFoundException'{0x0000000088d16638}: jssc/SerialPortListCustomizer> (0x0000000088d16638) 
thrown [./open/src/hotspot/share/classfile/systemDictionary.cpp, line 295]
Event: 1.271 Thread 0x000001adb9110a30 Exception <a 'java/lang/ClassNotFoundException'{0x0000000088d27c38}: groovy/runtime/metaclass/[Ljava/lang/String;MetaClass> (0x0000000088d27c38) 
thrown [./open/src/hotspot/share/prims/jni.cpp, line 599]
Event: 1.271 Thread 0x000001adb9110a30 Exception <a 'java/lang/ClassNotFoundException'{0x0000000088d2df40}: [Ljava/lang/String;BeanInfo> (0x0000000088d2df40) 
thrown [./open/src/hotspot/share/prims/jni.cpp, line 599]
Event: 1.271 Thread 0x000001adb9110a30 Exception <a 'java/lang/ClassNotFoundException'{0x0000000088d2e500}: [Ljava/lang/String;BeanInfo> (0x0000000088d2e500) 
thrown [./open/src/hotspot/share/prims/jni.cpp, line 599]
Event: 1.271 Thread 0x000001adb9110a30 Exception <a 'java/lang/ClassNotFoundException'{0x0000000088d2eb80}: [Ljava/lang/String;Customizer> (0x0000000088d2eb80) 
thrown [./open/src/hotspot/share/prims/jni.cpp, line 599]
Event: 1.271 Thread 0x000001adb9110a30 Exception <a 'java/lang/ClassNotFoundException'{0x0000000088d2f140}: [Ljava/lang/String;Customizer> (0x0000000088d2f140) 
thrown [./open/src/hotspot/share/prims/jni.cpp, line 599]
Event: 1.279 Thread 0x000001adb9110a30 Exception <a 'java/lang/ClassNotFoundException'{0x0000000088dc43c0}: com/sun/javafx/collections/ObservableListWrapperBeanInfo> (0x0000000088dc43c0) 
thrown [./open/src/hotspot/share/classfile/systemDictionary.cpp, line 295]
Event: 1.280 Thread 0x000001adb9110a30 Exception <a 'java/lang/ClassNotFoundException'{0x0000000088dc5ec0}: javafx/collections/ModifiableObservableListBaseBeanInfo> (0x0000000088dc5ec0) 
thrown [./open/src/hotspot/share/classfile/systemDictionary.cpp, line 295]
Event: 1.280 Thread 0x000001adb9110a30 Exception <a 'java/lang/ClassNotFoundException'{0x0000000088dc7c20}: javafx/collections/ObservableListBaseBeanInfo> (0x0000000088dc7c20) 
thrown [./open/src/hotspot/share/classfile/systemDictionary.cpp, line 295]
Event: 1.280 Thread 0x000001adb9110a30 Exception <a 'java/lang/ClassNotFoundException'{0x0000000088dc8ea0}: java/util/AbstractListBeanInfo> (0x0000000088dc8ea0) 
thrown [./open/src/hotspot/share/classfile/systemDictionary.cpp, line 295]
Event: 1.280 Thread 0x000001adb9110a30 Exception <a 'java/lang/ClassNotFoundException'{0x0000000088dca138}: java/util/AbstractCollectionBeanInfo> (0x0000000088dca138) 
thrown [./open/src/hotspot/share/classfile/systemDictionary.cpp, line 295]
Event: 1.280 Thread 0x000001adb9110a30 Exception <a 'java/lang/ClassNotFoundException'{0x0000000088dcb3a8}: java/util/AbstractCollectionCustomizer> (0x0000000088dcb3a8) 
thrown [./open/src/hotspot/share/classfile/systemDictionary.cpp, line 295]
Event: 1.280 Thread 0x000001adb9110a30 Exception <a 'java/lang/ClassNotFoundException'{0x0000000088dd6aa8}: java/util/AbstractListCustomizer> (0x0000000088dd6aa8) 
thrown [./open/src/hotspot/share/classfile/systemDictionary.cpp, line 295]
Event: 1.281 Thread 0x000001adb9110a30 Exception <a 'java/lang/ClassNotFoundException'{0x0000000088de4708}: javafx/collections/ObservableListBaseCustomizer> (0x0000000088de4708) 
thrown [./open/src/hotspot/share/classfile/systemDictionary.cpp, line 295]
Event: 1.281 Thread 0x000001adb9110a30 Exception <a 'java/lang/ClassNotFoundException'{0x0000000088df30b8}: javafx/collections/ModifiableObservableListBaseCustomizer> (0x0000000088df30b8) 
thrown [./open/src/hotspot/share/classfile/systemDictionary.cpp, line 295]
Event: 1.282 Thread 0x000001adb9110a30 Exception <a 'java/lang/ClassNotFoundException'{0x0000000088c05470}: com/sun/javafx/collections/ObservableListWrapperCustomizer> (0x0000000088c05470) 
thrown [./open/src/hotspot/share/classfile/systemDictionary.cpp, line 295]
Event: 1.287 Thread 0x000001adb9110a30 Exception <a 'java/lang/ClassNotFoundException'{0x0000000088c45968}: java/util/ArrayListBeanInfo> (0x0000000088c45968) 
thrown [./open/src/hotspot/share/classfile/systemDictionary.cpp, line 295]
Event: 1.287 Thread 0x000001adb9110a30 Exception <a 'java/lang/ClassNotFoundException'{0x0000000088c46908}: java/util/ArrayListCustomizer> (0x0000000088c46908) 
thrown [./open/src/hotspot/share/classfile/systemDictionary.cpp, line 295]
Event: 1.294 Thread 0x000001adb9110a30 Exception <a 'java/lang/ClassNotFoundException'{0x0000000088c9d6d8}: jssc/SerialPortBeanInfo> (0x0000000088c9d6d8) 
thrown [./open/src/hotspot/share/classfile/systemDictionary.cpp, line 295]
Event: 1.295 Thread 0x000001adb9110a30 Exception <a 'java/lang/ClassNotFoundException'{0x0000000088ca0ae0}: jssc/SerialPortCustomizer> (0x0000000088ca0ae0) 
thrown [./open/src/hotspot/share/classfile/systemDictionary.cpp, line 295]

Events (20 events):
Event: 1.280 loading class java/util/AbstractCollectionBeanInfo
Event: 1.280 loading class java/util/AbstractCollectionBeanInfo done
Event: 1.280 loading class java/util/AbstractCollectionBeanInfo
Event: 1.280 loading class java/util/AbstractCollectionBeanInfo done
Event: 1.280 loading class java/util/AbstractCollectionCustomizer
Event: 1.280 loading class java/util/AbstractCollectionCustomizer done
Event: 1.280 loading class java/util/AbstractCollectionCustomizer
Event: 1.280 loading class java/util/AbstractCollectionCustomizer done
Event: 1.280 loading class java/util/AbstractListCustomizer
Event: 1.280 loading class java/util/AbstractListCustomizer done
Event: 1.280 loading class java/util/AbstractListCustomizer
Event: 1.280 loading class java/util/AbstractListCustomizer done
Event: 1.286 loading class java/util/ArrayListBeanInfo
Event: 1.286 loading class java/util/ArrayListBeanInfo done
Event: 1.287 loading class java/util/ArrayListBeanInfo
Event: 1.287 loading class java/util/ArrayListBeanInfo done
Event: 1.287 loading class java/util/ArrayListCustomizer
Event: 1.287 loading class java/util/ArrayListCustomizer done
Event: 1.287 loading class java/util/ArrayListCustomizer
Event: 1.287 loading class java/util/ArrayListCustomizer done


Dynamic libraries:
0x00007ff7255b0000 - 0x00007ff7255bf000 	C:\Program Files\Java\jdk-15\bin\java.exe
0x00007ffce1a00000 - 0x00007ffce1bf0000 	C:\WINDOWS\SYSTEM32\ntdll.dll
0x00007ffce05d0000 - 0x00007ffce0682000 	C:\WINDOWS\System32\KERNEL32.DLL
0x00007ffcdec50000 - 0x00007ffcdeef4000 	C:\WINDOWS\System32\KERNELBASE.dll
0x00007ffcdf170000 - 0x00007ffcdf26a000 	C:\WINDOWS\System32\ucrtbase.dll
0x00007ffcd65e0000 - 0x00007ffcd65f9000 	C:\Program Files\Java\jdk-15\bin\VCRUNTIME140.dll
0x00007ffcd6d80000 - 0x00007ffcd6d98000 	C:\Program Files\Java\jdk-15\bin\jli.dll
0x00007ffce0520000 - 0x00007ffce05c3000 	C:\WINDOWS\System32\ADVAPI32.dll
0x00007ffce0fb0000 - 0x00007ffce104e000 	C:\WINDOWS\System32\msvcrt.dll
0x00007ffcdfcd0000 - 0x00007ffcdfd67000 	C:\WINDOWS\System32\sechost.dll
0x00007ffcdfbb0000 - 0x00007ffcdfcd0000 	C:\WINDOWS\System32\RPCRT4.dll
0x00007ffcdfe30000 - 0x00007ffcdffc4000 	C:\WINDOWS\System32\USER32.dll
0x00007ffcdef00000 - 0x00007ffcdef21000 	C:\WINDOWS\System32\win32u.dll
0x00007ffce1950000 - 0x00007ffce1976000 	C:\WINDOWS\System32\GDI32.dll
0x00007ffcde9d0000 - 0x00007ffcdeb66000 	C:\WINDOWS\System32\gdi32full.dll
0x00007ffcdef30000 - 0x00007ffcdefce000 	C:\WINDOWS\System32\msvcp_win.dll
0x00007ffcca5f0000 - 0x00007ffcca874000 	C:\WINDOWS\WinSxS\amd64_microsoft.windows.common-controls_6595b64144ccf1df_6.0.18362.959_none_e6c7bbbf130c62bb\COMCTL32.dll
0x00007ffce0a40000 - 0x00007ffce0d75000 	C:\WINDOWS\System32\combase.dll
0x00007ffcde950000 - 0x00007ffcde9d0000 	C:\WINDOWS\System32\bcryptPrimitives.dll
0x00007ffcd5b90000 - 0x00007ffcd5b9a000 	C:\WINDOWS\SYSTEM32\VERSION.dll
0x00007ffce10c0000 - 0x00007ffce10ee000 	C:\WINDOWS\System32\IMM32.DLL
0x00007ffcd8180000 - 0x00007ffcd818c000 	C:\Program Files\Java\jdk-15\bin\vcruntime140_1.dll
0x00007ffcb6300000 - 0x00007ffcb6391000 	C:\Program Files\Java\jdk-15\bin\msvcp140.dll
0x00007ffc907e0000 - 0x00007ffc9133c000 	C:\Program Files\Java\jdk-15\bin\server\jvm.dll
0x00007ffce0510000 - 0x00007ffce0518000 	C:\WINDOWS\System32\PSAPI.DLL
0x00007ffcc9ac0000 - 0x00007ffcc9ac9000 	C:\WINDOWS\SYSTEM32\WSOCK32.dll
0x00007ffcd9010000 - 0x00007ffcd9034000 	C:\WINDOWS\SYSTEM32\WINMM.dll
0x00007ffce04a0000 - 0x00007ffce050f000 	C:\WINDOWS\System32\WS2_32.dll
0x00007ffcd84d0000 - 0x00007ffcd84fd000 	C:\WINDOWS\SYSTEM32\winmmbase.dll
0x00007ffcdf120000 - 0x00007ffcdf16a000 	C:\WINDOWS\System32\cfgmgr32.dll
0x00007ffcde8b0000 - 0x00007ffcde8c1000 	C:\WINDOWS\System32\kernel.appcore.dll
0x00007ffcd7be0000 - 0x00007ffcd7bea000 	C:\Program Files\Java\jdk-15\bin\jimage.dll
0x00007ffcda170000 - 0x00007ffcda364000 	C:\WINDOWS\SYSTEM32\DBGHELP.DLL
0x00007ffcc9f10000 - 0x00007ffcc9f3a000 	C:\WINDOWS\SYSTEM32\dbgcore.DLL
0x00007ffccbab0000 - 0x00007ffccbad5000 	C:\Program Files\Java\jdk-15\bin\java.dll
0x00007ffce1240000 - 0x00007ffce1926000 	C:\WINDOWS\System32\SHELL32.dll
0x00007ffcdfa80000 - 0x00007ffcdfb29000 	C:\WINDOWS\System32\shcore.dll
0x00007ffcdf2f0000 - 0x00007ffcdfa72000 	C:\WINDOWS\System32\windows.storage.dll
0x00007ffcde8d0000 - 0x00007ffcde8f3000 	C:\WINDOWS\System32\profapi.dll
0x00007ffcde900000 - 0x00007ffcde94a000 	C:\WINDOWS\System32\powrprof.dll
0x00007ffcde880000 - 0x00007ffcde890000 	C:\WINDOWS\System32\UMPDC.dll
0x00007ffcdfdd0000 - 0x00007ffcdfe22000 	C:\WINDOWS\System32\shlwapi.dll
0x00007ffcdf2d0000 - 0x00007ffcdf2e7000 	C:\WINDOWS\System32\cryptsp.dll
0x00007ffcd5ea0000 - 0x00007ffcd5eb9000 	C:\Program Files\Java\jdk-15\bin\net.dll
0x00007ffcd3fe0000 - 0x00007ffcd40d0000 	C:\WINDOWS\SYSTEM32\WINHTTP.dll
0x00007ffcde0a0000 - 0x00007ffcde107000 	C:\WINDOWS\system32\mswsock.dll
0x00007ffccd8d0000 - 0x00007ffccd8e2000 	C:\Program Files\Java\jdk-15\bin\nio.dll
0x00007ffccd880000 - 0x00007ffccd898000 	C:\Program Files\Java\jdk-15\bin\zip.dll
0x000001ad96f70000 - 0x000001ad96f73000 	C:\Users\svivan54\.openjfx\cache\13\api-ms-win-core-console-l1-1-0.dll
0x000001ad96f80000 - 0x000001ad96f83000 	C:\Users\svivan54\.openjfx\cache\13\api-ms-win-core-datetime-l1-1-0.dll
0x000001adb9db0000 - 0x000001adb9db3000 	C:\Users\svivan54\.openjfx\cache\13\api-ms-win-core-debug-l1-1-0.dll
0x000001adb9dc0000 - 0x000001adb9dc3000 	C:\Users\svivan54\.openjfx\cache\13\api-ms-win-core-errorhandling-l1-1-0.dll
0x000001adb9dd0000 - 0x000001adb9dd4000 	C:\Users\svivan54\.openjfx\cache\13\api-ms-win-core-file-l1-1-0.dll
0x000001adb9de0000 - 0x000001adb9de3000 	C:\Users\svivan54\.openjfx\cache\13\api-ms-win-core-file-l1-2-0.dll
0x000001adb9df0000 - 0x000001adb9df3000 	C:\Users\svivan54\.openjfx\cache\13\api-ms-win-core-file-l2-1-0.dll
0x000001adb9e00000 - 0x000001adb9e03000 	C:\Users\svivan54\.openjfx\cache\13\api-ms-win-core-handle-l1-1-0.dll
0x000001adb9e10000 - 0x000001adb9e13000 	C:\Users\svivan54\.openjfx\cache\13\api-ms-win-core-heap-l1-1-0.dll
0x000001adb9e20000 - 0x000001adb9e23000 	C:\Users\svivan54\.openjfx\cache\13\api-ms-win-core-interlocked-l1-1-0.dll
0x000001adb9e30000 - 0x000001adb9e33000 	C:\Users\svivan54\.openjfx\cache\13\api-ms-win-core-libraryloader-l1-1-0.dll
0x000001adb9e40000 - 0x000001adb9e43000 	C:\Users\svivan54\.openjfx\cache\13\api-ms-win-core-localization-l1-2-0.dll
0x000001adb9e50000 - 0x000001adb9e53000 	C:\Users\svivan54\.openjfx\cache\13\api-ms-win-core-memory-l1-1-0.dll
0x000001adb9e60000 - 0x000001adb9e63000 	C:\Users\svivan54\.openjfx\cache\13\api-ms-win-core-namedpipe-l1-1-0.dll
0x000001adb9e70000 - 0x000001adb9e73000 	C:\Users\svivan54\.openjfx\cache\13\api-ms-win-core-processenvironment-l1-1-0.dll
0x000001adb9e80000 - 0x000001adb9e83000 	C:\Users\svivan54\.openjfx\cache\13\api-ms-win-core-processthreads-l1-1-0.dll
0x000001adb9e90000 - 0x000001adb9e93000 	C:\Users\svivan54\.openjfx\cache\13\api-ms-win-core-processthreads-l1-1-1.dll
0x000001adb9ea0000 - 0x000001adb9ea3000 	C:\Users\svivan54\.openjfx\cache\13\api-ms-win-core-profile-l1-1-0.dll
0x000001adb9eb0000 - 0x000001adb9eb3000 	C:\Users\svivan54\.openjfx\cache\13\api-ms-win-core-rtlsupport-l1-1-0.dll
0x000001adb9ec0000 - 0x000001adb9ec3000 	C:\Users\svivan54\.openjfx\cache\13\api-ms-win-core-string-l1-1-0.dll
0x000001adb9ed0000 - 0x000001adb9ed3000 	C:\Users\svivan54\.openjfx\cache\13\api-ms-win-core-synch-l1-1-0.dll
0x000001adb9ee0000 - 0x000001adb9ee3000 	C:\Users\svivan54\.openjfx\cache\13\api-ms-win-core-synch-l1-2-0.dll
0x000001adb9ef0000 - 0x000001adb9ef3000 	C:\Users\svivan54\.openjfx\cache\13\api-ms-win-core-sysinfo-l1-1-0.dll
0x000001adb9f00000 - 0x000001adb9f03000 	C:\Users\svivan54\.openjfx\cache\13\api-ms-win-core-timezone-l1-1-0.dll
0x000001adb9f10000 - 0x000001adb9f13000 	C:\Users\svivan54\.openjfx\cache\13\api-ms-win-core-util-l1-1-0.dll
0x000001adb9f20000 - 0x000001adb9f23000 	C:\Users\svivan54\.openjfx\cache\13\api-ms-win-crt-conio-l1-1-0.dll
0x000001adb9f30000 - 0x000001adb9f34000 	C:\Users\svivan54\.openjfx\cache\13\api-ms-win-crt-convert-l1-1-0.dll
0x000001adb9f40000 - 0x000001adb9f43000 	C:\Users\svivan54\.openjfx\cache\13\api-ms-win-crt-environment-l1-1-0.dll
0x000001adb9f50000 - 0x000001adb9f53000 	C:\Users\svivan54\.openjfx\cache\13\api-ms-win-crt-filesystem-l1-1-0.dll
0x000001adb9f60000 - 0x000001adb9f63000 	C:\Users\svivan54\.openjfx\cache\13\api-ms-win-crt-heap-l1-1-0.dll
0x000001adb9f70000 - 0x000001adb9f73000 	C:\Users\svivan54\.openjfx\cache\13\api-ms-win-crt-locale-l1-1-0.dll
0x000001adb9f80000 - 0x000001adb9f85000 	C:\Users\svivan54\.openjfx\cache\13\api-ms-win-crt-math-l1-1-0.dll
0x000001adb9f90000 - 0x000001adb9f95000 	C:\Users\svivan54\.openjfx\cache\13\api-ms-win-crt-multibyte-l1-1-0.dll
0x000001adb9fa0000 - 0x000001adb9fb0000 	C:\Users\svivan54\.openjfx\cache\13\api-ms-win-crt-private-l1-1-0.dll
0x000001adb9fb0000 - 0x000001adb9fb3000 	C:\Users\svivan54\.openjfx\cache\13\api-ms-win-crt-process-l1-1-0.dll
0x000001adb9fc0000 - 0x000001adb9fc4000 	C:\Users\svivan54\.openjfx\cache\13\api-ms-win-crt-runtime-l1-1-0.dll
0x000001adb9fd0000 - 0x000001adb9fd4000 	C:\Users\svivan54\.openjfx\cache\13\api-ms-win-crt-stdio-l1-1-0.dll
0x000001adb9fe0000 - 0x000001adb9fe4000 	C:\Users\svivan54\.openjfx\cache\13\api-ms-win-crt-string-l1-1-0.dll
0x000001adb9ff0000 - 0x000001adb9ff3000 	C:\Users\svivan54\.openjfx\cache\13\api-ms-win-crt-time-l1-1-0.dll
0x000001adba000000 - 0x000001adba003000 	C:\Users\svivan54\.openjfx\cache\13\api-ms-win-crt-utility-l1-1-0.dll
0x00007ffcaec60000 - 0x00007ffcaed5c000 	C:\Users\svivan54\.openjfx\cache\13\ucrtbase.dll
0x00007ffccb8f0000 - 0x00007ffccb905000 	C:\Users\svivan54\.openjfx\cache\13\vcruntime140.dll
0x00007ffcad610000 - 0x00007ffcad6ab000 	C:\Users\svivan54\.openjfx\cache\13\msvcp140.dll
0x00007ffcb6b00000 - 0x00007ffcb6b51000 	C:\Users\svivan54\.openjfx\cache\13\concrt140.dll
0x00007ffcb5930000 - 0x00007ffcb5953000 	C:\Users\svivan54\.openjfx\cache\13\prism_d3d.dll
0x00007ffca4f50000 - 0x00007ffca5117000 	C:\WINDOWS\system32\d3d9.dll
0x00007ffcd9d10000 - 0x00007ffcd9d3d000 	C:\WINDOWS\SYSTEM32\dwmapi.dll
0x00007ffcdd520000 - 0x00007ffcdd540000 	C:\WINDOWS\SYSTEM32\dxcore.dll
0x00007ffcd9490000 - 0x00007ffcd9529000 	C:\WINDOWS\system32\uxtheme.dll
0x00007ffc971d0000 - 0x00007ffc973bb000 	C:\WINDOWS\System32\DriverStore\FileRepository\ki 129523.inf_amd64_32947eecf8f3e231\igdumdim64.dll
0x00007ffc82c30000 - 0x00007ffc861ad000 	C:\WINDOWS\System32\DriverStore\FileRepository\ki 129523.inf_amd64_32947eecf8f3e231\igd9dxva64.dll
0x00007ffce0d80000 - 0x00007ffce0ed7000 	C:\WINDOWS\System32\ole32.dll
0x00007ffce0ee0000 - 0x00007ffce0fa5000 	C:\WINDOWS\System32\OLEAUT32.dll
0x00007ffcad830000 - 0x00007ffcad875000 	C:\Users\svivan54\.openjfx\cache\13\glass.dll
0x00007ffce10f0000 - 0x00007ffce11c0000 	C:\WINDOWS\System32\COMDLG32.dll
0x00007ffce06a0000 - 0x00007ffce07d5000 	C:\WINDOWS\System32\MSCTF.dll
0x00007ffcd4c60000 - 0x00007ffcd4c84000 	C:\WINDOWS\System32\DriverStore\FileRepository\ki 129523.inf_amd64_32947eecf8f3e231\igdinfo64.dll
0x00007ffcce3b0000 - 0x00007ffcd02b1000 	C:\WINDOWS\System32\DriverStore\FileRepository\ki 129523.inf_amd64_32947eecf8f3e231\igc64.dll
0x00007ffcd7bb0000 - 0x00007ffcd7bc0000 	C:\Program Files\Java\jdk-15\bin\verify.dll
0x00007ffcc8550000 - 0x00007ffcc8564000 	C:\Users\svivan54\.openjfx\cache\13\javafx_font.dll
0x00007ffccbd10000 - 0x00007ffccc00e000 	C:\WINDOWS\SYSTEM32\dwrite.dll
0x0000000071100000 - 0x0000000071125000 	C:\Users\svivan54\.jssc\windows\jSSC-2.8_x86_64.dll

dbghelp: loaded successfully - version: 4.0.5 - missing functions: none
symbol engine: initialized successfully - sym options: 0x614 - pdb path: .;C:\Program Files\Java\jdk-15\bin;C:\WINDOWS\SYSTEM32;C:\WINDOWS\WinSxS\amd64_microsoft.windows.common-controls_6595b64144ccf1df_6.0.18362.959_none_e6c7bbbf130c62bb;C:\Program Files\Java\jdk-15\bin\server;C:\Users\svivan54\.openjfx\cache\13;C:\WINDOWS\System32\DriverStore\FileRepository\ki 129523.inf_amd64_32947eecf8f3e231;C:\Users\svivan54\.jssc\windows

VM Arguments:
jvm_args: --add-modules=javafx.controls,javafx.fxml --module-path=C:\Users\svivan54\.gradle\caches\modules-2\files-2.1\org.openjfx\javafx-fxml\13\ee55786ffd820bb7c8dd43d127a54b1141639e29\javafx-fxml-13-win.jar;C:\Users\svivan54\.gradle\caches\modules-2\files-2.1\org.openjfx\javafx-controls\13\7524fd4ab57de51637adb0e99f0220a1ae0ae4dd\javafx-controls-13-win.jar;C:\Users\svivan54\.gradle\caches\modules-2\files-2.1\org.openjfx\javafx-graphics\13\bbcbc616702a086567585183efcb0ab8eb22a66b\javafx-graphics-13-win.jar;C:\Users\svivan54\.gradle\caches\modules-2\files-2.1\org.openjfx\javafx-base\13\6386f02a2b71d8b503c6ca3cd2d2dcb382ce86b4\javafx-base-13-win.jar -Dfile.encoding=windows-1251 -Duser.country=RU -Duser.language=ru -Duser.variant 
java_command: ru.bati4eli.pids.exchange.client.app.FxApplication
java_class_path (initial): C:\Users\svivan54\Nextcloud\PROJECTS\JAVA\ru.bati4eli.pids.exchange.client\build\classes\java\main;C:\Users\svivan54\Nextcloud\PROJECTS\JAVA\ru.bati4eli.pids.exchange.client\build\classes\groovy\main;C:\Users\svivan54\Nextcloud\PROJECTS\JAVA\ru.bati4eli.pids.exchange.client\build\resources\main;C:\Users\svivan54\.gradle\caches\modules-2\files-2.1\org.scream3r\jssc\2.8.0\7e8d93052a8743a7937a6d46854057ac1ce876c1\jssc-2.8.0.jar;C:\Users\svivan54\.gradle\caches\modules-2\files-2.1\de.jensd\fontawesomefx\8.9\84f2b42df0faaf553c847e58100840aaf4507a61\fontawesomefx-8.9.jar;C:\Users\svivan54\.gradle\caches\modules-2\files-2.1\org.codehaus.groovy\groovy-all\2.4.15\423a17aeb2f64bc6f76e8e44265a548bec80fd42\groovy-all-2.4.15.jar;C:\Users\svivan54\.gradle\caches\modules-2\files-2.1\org.openjfx\javafx-fxml\13\ee55786ffd820bb7c8dd43d127a54b1141639e29\javafx-fxml-13-win.jar;C:\Users\svivan54\.gradle\caches\modules-2\files-2.1\org.openjfx\javafx-controls\13\7524fd4ab57de51637adb0e99f0220a1ae0ae4dd\javafx-controls-13-win.jar;C:\Users\svivan54\.gradle\caches\modules-2\files-2.1\org.openjfx\javafx-controls\13\6cd7169d2a729846c35fba9dc65af23a10ca253b\javafx-controls-13.jar;C:\Users\svivan54\.gradle\caches\modules-2\files-2.1\org.openjfx\javafx-graphics\13\bbcbc616702a086567585183efcb0ab8eb22a66b\javafx-graphics-13-win.jar;C:\Users\svivan54\.gradle\caches\modules-2\files-2.1\org.openjfx\javafx-graphics\13\a9407212df2b75d557a509ec14a9e8e282494b4e\javafx-graphics-13.jar;C:\Users\svivan54\.gradle\caches\modules-2\files-2.1\org.openjfx\javafx-base\13\6386f02a2b71d8b503c6ca3cd2d2dcb382ce86b4\javafx-base-13-win.jar;C:\Users\svivan54\.gradle\caches\modules-2\files-2.1\org.openjfx\javafx-base\13\43c52e1d11b38514e9d2421ad98ca6a35de12b0\javafx-base-13.jar
Launcher Type: SUN_STANDARD

[Global flags]
     intx CICompilerCount                          = 4                                         {product} {ergonomic}
     uint ConcGCThreads                            = 2                                         {product} {ergonomic}
     uint G1ConcRefinementThreads                  = 8                                         {product} {ergonomic}
   size_t G1HeapRegionSize                         = 1048576                                   {product} {ergonomic}
    uintx GCDrainStackTargetSize                   = 64                                        {product} {ergonomic}
   size_t InitialHeapSize                          = 132120576                                 {product} {ergonomic}
   size_t MarkStackSize                            = 4194304                                   {product} {ergonomic}
   size_t MaxHeapSize                              = 2111832064                                {product} {ergonomic}
   size_t MaxNewSize                               = 1266679808                                {product} {ergonomic}
   size_t MinHeapDeltaBytes                        = 1048576                                   {product} {ergonomic}
   size_t MinHeapSize                              = 8388608                                   {product} {ergonomic}
    uintx NonNMethodCodeHeapSize                   = 5839372                                {pd product} {ergonomic}
    uintx NonProfiledCodeHeapSize                  = 122909434                              {pd product} {ergonomic}
    uintx ProfiledCodeHeapSize                     = 122909434                              {pd product} {ergonomic}
    uintx ReservedCodeCacheSize                    = 251658240                              {pd product} {ergonomic}
     bool SegmentedCodeCache                       = true                                      {product} {ergonomic}
   size_t SoftMaxHeapSize                          = 2111832064                             {manageable} {ergonomic}
     bool UseCompressedClassPointers               = true                                 {lp64_product} {ergonomic}
     bool UseCompressedOops                        = true                                 {lp64_product} {ergonomic}
     bool UseG1GC                                  = true                                      {product} {ergonomic}
     bool UseLargePagesIndividualAllocation        = false                                  {pd product} {ergonomic}

Logging:
Log output configuration:
 #0: stdout all=warning uptime,level,tags
 #1: stderr all=off uptime,level,tags

Environment Variables:
JAVA_HOME=C:\Program Files\Java\jdk-11
PATH=C:\Program Files\Common Files\Oracle\Java\javapath;C:\Program Files (x86)\Common Files\Oracle\Java\javapath;C:\WINDOWS\system32;C:\WINDOWS;C:\WINDOWS\System32\Wbem;C:\WINDOWS\System32\WindowsPowerShell\v1.0\;C:\WINDOWS\System32\OpenSSH\;C:\Program Files (x86)\Bitvise SSH Client;C:\Program Files\Docker\Docker\resources\bin;C:\ProgramData\DockerDesktop\version-bin;C:\Program Files\maven\apache-maven-3.6.3\bin;C:\Program Files\dotnet\;C:\Users\svivan54\AppData\Local\Microsoft\WindowsApps;C:\Users\svivan54\AppData\Local\Programs\Git\cmd;C:\Users\svivan54\.dotnet\tools
USERNAME=svivan54
OS=Windows_NT
PROCESSOR_IDENTIFIER=Intel64 Family 6 Model 142 Stepping 10, GenuineIntel



---------------  S Y S T E M  ---------------

OS:
 Windows 10 , 64 bit Build 18362 (10.0.18362.959)
OS uptime: 4 days 18:58 hours
HyperV virtualization detected

CPU: total 8 (initial active 8) (4 cores per cpu, 2 threads per core) family 6 model 142 stepping 10, cmov, cx8, fxsr, mmx, sse, sse2, sse3, ssse3, sse4.1, sse4.2, popcnt, vzeroupper, avx, avx2, aes, clmul, erms, rtm, 3dnowpref, lzcnt, ht, tsc, tscinvbit, bmi1, bmi2, adx, fma, clflush, clflushopt

Memory: 4k page, system-wide physical 8051M (1806M free)
TotalPageFile size 9331M (AvailPageFile size 1372M)
current process WorkingSet (physical memory assigned to process): 159M, peak: 159M
current process commit charge ("private bytes"): 288M, peak: 289M

vm_info: Java HotSpot(TM) 64-Bit Server VM (15+36-1562) for windows-amd64 JRE (15+36-1562), built on Aug 11 2020 22:38:02 by "mach5one" with unknown MS VC++:1925

END.
