#
# A fatal error has been detected by the Java Runtime Environment:
#
#  EXCEPTION_ACCESS_VIOLATION (0xc0000005) at pc=0x000000007110b5db, pid=7968, tid=10728
#
# JRE version: OpenJDK Runtime Environment (11.0+28) (build 11+28)
# Java VM: OpenJDK 64-Bit Server VM (11+28, mixed mode, tiered, compressed oops, g1 gc, windows-amd64)
# Problematic frame:
# C  [jSSC-2.8_x86_64.dll+0xb5db]
#
# No core dump will be written. Minidumps are not enabled by default on client versions of Windows
#
# If you would like to submit a bug report, please visit:
#   http://bugreport.java.com/bugreport/crash.jsp
# The crash happened outside the Java Virtual Machine in native code.
# See problematic frame for where to report the bug.
#

---------------  S U M M A R Y ------------

Command Line: --add-modules=javafx.controls,javafx.fxml --module-path=C:\Users\svivan54\.gradle\caches\modules-2\files-2.1\org.openjfx\javafx-fxml\13\ee55786ffd820bb7c8dd43d127a54b1141639e29\javafx-fxml-13-win.jar;C:\Users\svivan54\.gradle\caches\modules-2\files-2.1\org.openjfx\javafx-controls\13\7524fd4ab57de51637adb0e99f0220a1ae0ae4dd\javafx-controls-13-win.jar;C:\Users\svivan54\.gradle\caches\modules-2\files-2.1\org.openjfx\javafx-graphics\13\bbcbc616702a086567585183efcb0ab8eb22a66b\javafx-graphics-13-win.jar;C:\Users\svivan54\.gradle\caches\modules-2\files-2.1\org.openjfx\javafx-base\13\6386f02a2b71d8b503c6ca3cd2d2dcb382ce86b4\javafx-base-13-win.jar -Dfile.encoding=windows-1251 -Duser.country=RU -Duser.language=ru -Duser.variant ru.bati4eli.pids.exchange.client.app.FxApplication

Host: Intel(R) Core(TM) i7-8650U CPU @ 1.90GHz, 8 cores, 7G,  Windows 10 , 64 bit Build 18362 (10.0.18362.959)
Time: Sun Sep 20 17:08:22 2020 RTZ 2 (ceia) elapsed time: 1 seconds (0d 0h 0m 1s)

---------------  T H R E A D  ---------------

Current thread (0x000002277a653000):  JavaThread "JavaFX Application Thread" [_thread_in_native, id=10728, stack(0x000000d49b600000,0x000000d49b700000)]

Stack: [0x000000d49b600000,0x000000d49b700000],  sp=0x000000d49b6fba00,  free space=1006k
Native frames: (J=compiled Java code, j=interpreted, Vv=VM code, C=native code)
C  [jSSC-2.8_x86_64.dll+0xb5db]

Java frames: (J=compiled Java code, j=interpreted, Vv=VM code)
j  jssc.SerialNativeInterface.openPort(Ljava/lang/String;Z)J+0
j  jssc.SerialPort.openPort()Z+65
j  jssc.SerialPort$openPort.call(Ljava/lang/Object;[Ljava/lang/Object;)Ljava/lang/Object;+13
j  org.codehaus.groovy.runtime.callsite.CallSiteArray.defaultCall(Lorg/codehaus/groovy/runtime/callsite/CallSite;Ljava/lang/Object;[Ljava/lang/Object;)Ljava/lang/Object;+8
j  org.codehaus.groovy.runtime.callsite.AbstractCallSite.call(Ljava/lang/Object;[Ljava/lang/Object;)Ljava/lang/Object;+3
j  org.codehaus.groovy.runtime.callsite.AbstractCallSite.call(Ljava/lang/Object;)Ljava/lang/Object;+5
j  ru.bati4eli.pids.exchange.client.services.SerialPortService.connect(Ljava/lang/String;)V+54
j  ru.bati4eli.pids.exchange.client.services.SerialPortService$connect.callCurrent(Lgroovy/lang/GroovyObject;[Ljava/lang/Object;)Ljava/lang/Object;+19
j  org.codehaus.groovy.runtime.callsite.CallSiteArray.defaultCallCurrent(Lorg/codehaus/groovy/runtime/callsite/CallSite;Lgroovy/lang/GroovyObject;[Ljava/lang/Object;)Ljava/lang/Object;+17
j  org.codehaus.groovy.runtime.callsite.AbstractCallSite.callCurrent(Lgroovy/lang/GroovyObject;[Ljava/lang/Object;)Ljava/lang/Object;+3
j  org.codehaus.groovy.runtime.callsite.AbstractCallSite.callCurrent(Lgroovy/lang/GroovyObject;Ljava/lang/Object;)Ljava/lang/Object;+33
j  ru.bati4eli.pids.exchange.client.services.SerialPortService.<init>(Lru/bati4eli/pids/exchange/client/app/FxApplication;)V+121
v  ~StubRoutines::call_stub
J 2124  jdk.internal.reflect.NativeConstructorAccessorImpl.newInstance0(Ljava/lang/reflect/Constructor;[Ljava/lang/Object;)Ljava/lang/Object; java.base@11 (0 bytes) @ 0x000002276a0feea6 [0x000002276a0fee40+0x0000000000000066]
J 2123 c1 jdk.internal.reflect.NativeConstructorAccessorImpl.newInstance([Ljava/lang/Object;)Ljava/lang/Object; java.base@11 (89 bytes) @ 0x0000022762ef5ed4 [0x0000022762ef5340+0x0000000000000b94]
j  jdk.internal.reflect.DelegatingConstructorAccessorImpl.newInstance([Ljava/lang/Object;)Ljava/lang/Object;+5 java.base@11
J 1788 c1 java.lang.reflect.Constructor.newInstance([Ljava/lang/Object;)Ljava/lang/Object; java.base@11 (76 bytes) @ 0x0000022762e0f604 [0x0000022762e0f3a0+0x0000000000000264]
j  org.codehaus.groovy.reflection.CachedConstructor.invoke([Ljava/lang/Object;)Ljava/lang/Object;+7
j  org.codehaus.groovy.runtime.callsite.ConstructorSite$ConstructorSiteNoUnwrapNoCoerce.callConstructor(Ljava/lang/Object;[Ljava/lang/Object;)Ljava/lang/Object;+14
j  org.codehaus.groovy.runtime.callsite.CallSiteArray.defaultCallConstructor(Lorg/codehaus/groovy/runtime/callsite/CallSite;Ljava/lang/Object;[Ljava/lang/Object;)Ljava/lang/Object;+11
j  org.codehaus.groovy.runtime.callsite.AbstractCallSite.callConstructor(Ljava/lang/Object;[Ljava/lang/Object;)Ljava/lang/Object;+3
j  org.codehaus.groovy.runtime.callsite.AbstractCallSite.callConstructor(Ljava/lang/Object;Ljava/lang/Object;)Ljava/lang/Object;+33
j  ru.bati4eli.pids.exchange.client.app.FxApplication.start(Ljavafx/stage/Stage;)V+164
j  com.sun.javafx.application.LauncherImpl.lambda$launchApplication1$9(Ljava/util/concurrent/atomic/AtomicBoolean;Ljavafx/application/Application;)V+20 javafx.graphics
j  com.sun.javafx.application.LauncherImpl$$Lambda$103.run()V+8 javafx.graphics
j  com.sun.javafx.application.PlatformImpl.lambda$runAndWait$12(Ljava/lang/Runnable;Ljava/util/concurrent/CountDownLatch;)V+1 javafx.graphics
j  com.sun.javafx.application.PlatformImpl$$Lambda$83.run()V+8 javafx.graphics
j  com.sun.javafx.application.PlatformImpl.lambda$runLater$10(Ljava/lang/Runnable;)Ljava/lang/Void;+1 javafx.graphics
j  com.sun.javafx.application.PlatformImpl$$Lambda$85.run()Ljava/lang/Object;+4 javafx.graphics
v  ~StubRoutines::call_stub
j  java.security.AccessController.doPrivileged(Ljava/security/PrivilegedAction;Ljava/security/AccessControlContext;)Ljava/lang/Object;+0 java.base@11
j  com.sun.javafx.application.PlatformImpl.lambda$runLater$11(Ljava/lang/Runnable;Ljava/security/AccessControlContext;)V+7 javafx.graphics
j  com.sun.javafx.application.PlatformImpl$$Lambda$84.run()V+8 javafx.graphics
j  com.sun.glass.ui.InvokeLaterDispatcher$Future.run()V+4 javafx.graphics
v  ~StubRoutines::call_stub
j  com.sun.glass.ui.win.WinApplication._runLoop(Ljava/lang/Runnable;)V+0 javafx.graphics
j  com.sun.glass.ui.win.WinApplication.lambda$runLoop$3(ILjava/lang/Runnable;)V+8 javafx.graphics
j  com.sun.glass.ui.win.WinApplication$$Lambda$73.run()V+12 javafx.graphics
j  java.lang.Thread.run()V+11 java.base@11
v  ~StubRoutines::call_stub

siginfo: EXCEPTION_ACCESS_VIOLATION (0xc0000005), reading address 0x0000000059a2c737


Register to memory mapping:

RIP=0x000000007110b5db jSSC-2.8_x86_64.dll
RAX=0x0000000059a2c737 is an unknown value
RBX=0x000000d49b6fba70 is pointing into the stack for thread: 0x000002277a653000
RCX=0x00007ffce1a9c254 ntdll.dll
RDX=0x0 is NULL
RSP=0x000000d49b6fba00 is pointing into the stack for thread: 0x000002277a653000
RBP=0x000000d49b6fbb80 is pointing into the stack for thread: 0x000002277a653000
RSI=0x000002277a653340 points into unknown readable memory
RDI=0x000000000000077c is an unknown value
R8 =0x000000d49b6fb8f8 is pointing into the stack for thread: 0x000002277a653000
R9 =0x000000d49b6fb9f0 is pointing into the stack for thread: 0x000002277a653000
R10=0x0 is NULL
R11=0x0000000000000246 is an unknown value
R12=0x000000d49b6fbc40 is pointing into the stack for thread: 0x000002277a653000
R13=0x00000227035de8d0 points into unknown readable memory
R14=0x000000d49b6fbb30 is pointing into the stack for thread: 0x000002277a653000
R15=0x000002277a653000 is a thread


Registers:
RAX=0x0000000059a2c737, RBX=0x000000d49b6fba70, RCX=0x00007ffce1a9c254, RDX=0x0000000000000000
RSP=0x000000d49b6fba00, RBP=0x000000d49b6fbb80, RSI=0x000002277a653340, RDI=0x000000000000077c
R8 =0x000000d49b6fb8f8, R9 =0x000000d49b6fb9f0, R10=0x0000000000000000, R11=0x0000000000000246
R12=0x000000d49b6fbc40, R13=0x00000227035de8d0, R14=0x000000d49b6fbb30, R15=0x000002277a653000
RIP=0x000000007110b5db, EFLAGS=0x0000000000010202

Top of Stack: (sp=0x000000d49b6fba00)
0x000000d49b6fba00:   000002277ac2d0d0 0000006ee1a3fb91
0x000000d49b6fba10:   000000007110b230 00000227035de190
0x000000d49b6fba20:   000000d49b6fbb80 0000000000000004
0x000000d49b6fba30:   000002277a653340 000000000000077c
0x000000d49b6fba40:   000000d49b6fbb80 0000000071112590
0x000000d49b6fba50:   000002277a653000 000000d49b6fbb30
0x000000d49b6fba60:   00000227035de8d0 000000d49b6fbc40
0x000000d49b6fba70:   00000227035de8d0 00007ffce1a3fb91
0x000000d49b6fba80:   000000d49b6fbab0 00000227580e0000
0x000000d49b6fba90:   000000d49b6fbb80 0000000000000000
0x000000d49b6fbaa0:   0000000071113500 0000000071113be8
0x000000d49b6fbab0:   000000d49b6fbae0 0000000071112641
0x000000d49b6fbac0:   000000d49b6fba50 000002277a653340
0x000000d49b6fbad0:   0000000000000000 0000000000000000
0x000000d49b6fbae0:   000000d49b6fbb80 0000000071101595
0x000000d49b6fbaf0:   000000000000001c 0000022700000000 

Instructions: (pc=0x000000007110b5db)
0x000000007110b5bb:   c5 0f 1f 40 00 55 57 56 53 48 83 ec 28 48 8b 05
0x000000007110b5cb:   39 33 01 00 48 89 cb 48 85 c0 0f 84 c5 00 00 00
0x000000007110b5db:   8b 38 85 ff 0f 88 ab 00 00 00 48 8b 05 1c 33 01
0x000000007110b5eb:   00 48 85 c0 0f 84 bc 00 00 00 8b 30 85 f6 74 57 



---------------  P R O C E S S  ---------------

Threads class SMR info:
_java_thread_list=0x000002277a972f60, length=17, elements={
0x000002275a25a000, 0x0000022778dc2000, 0x0000022778dc3000, 0x0000022779602000,
0x0000022779605000, 0x0000022779606000, 0x0000022779609000, 0x000002277964c800,
0x0000022778d7c000, 0x0000022779871800, 0x00000227799dc000, 0x0000022779dc6000,
0x000002277a00c800, 0x000002277a651800, 0x000002277a653000, 0x000002277a8ca800,
0x000002277a97d800
}

Java Threads: ( => current thread )
  0x000002275a25a000 JavaThread "main" [_thread_blocked, id=10364, stack(0x000000d49a100000,0x000000d49a200000)]
  0x0000022778dc2000 JavaThread "Reference Handler" daemon [_thread_blocked, id=11684, stack(0x000000d49a800000,0x000000d49a900000)]
  0x0000022778dc3000 JavaThread "Finalizer" daemon [_thread_blocked, id=3056, stack(0x000000d49a900000,0x000000d49aa00000)]
  0x0000022779602000 JavaThread "Signal Dispatcher" daemon [_thread_blocked, id=12372, stack(0x000000d49aa00000,0x000000d49ab00000)]
  0x0000022779605000 JavaThread "Attach Listener" daemon [_thread_blocked, id=13632, stack(0x000000d49ab00000,0x000000d49ac00000)]
  0x0000022779606000 JavaThread "C2 CompilerThread0" daemon [_thread_blocked, id=9472, stack(0x000000d49ac00000,0x000000d49ad00000)]
  0x0000022779609000 JavaThread "C1 CompilerThread0" daemon [_thread_blocked, id=8028, stack(0x000000d49ad00000,0x000000d49ae00000)]
  0x000002277964c800 JavaThread "Sweeper thread" daemon [_thread_blocked, id=7956, stack(0x000000d49ae00000,0x000000d49af00000)]
  0x0000022778d7c000 JavaThread "Common-Cleaner" daemon [_thread_blocked, id=11200, stack(0x000000d49af00000,0x000000d49b000000)]
  0x0000022779871800 JavaThread "C2 CompilerThread1" daemon [_thread_blocked, id=2124, stack(0x000000d49b000000,0x000000d49b100000)]
  0x00000227799dc000 JavaThread "C2 CompilerThread2" daemon [_thread_blocked, id=7320, stack(0x000000d49b100000,0x000000d49b200000)]
  0x0000022779dc6000 JavaThread "Service Thread" daemon [_thread_blocked, id=5292, stack(0x000000d49b200000,0x000000d49b300000)]
  0x000002277a00c800 JavaThread "QuantumRenderer-0" daemon [_thread_blocked, id=6464, stack(0x000000d49b400000,0x000000d49b500000)]
  0x000002277a651800 JavaThread "InvokeLaterDispatcher" daemon [_thread_blocked, id=2580, stack(0x000000d49b500000,0x000000d49b600000)]
=>0x000002277a653000 JavaThread "JavaFX Application Thread" [_thread_in_native, id=10728, stack(0x000000d49b600000,0x000000d49b700000)]
  0x000002277a8ca800 JavaThread "Thread-1" daemon [_thread_in_native, id=16376, stack(0x000000d49ba00000,0x000000d49bb00000)]
  0x000002277a97d800 JavaThread "JavaFX-Launcher" [_thread_blocked, id=2480, stack(0x000000d49be00000,0x000000d49bf00000)]

Other Threads:
  0x0000022778dc0800 VMThread "VM Thread" [stack: 0x000000d49a700000,0x000000d49a800000] [id=2292]
  0x0000022779c0f000 WatcherThread [stack: 0x000000d49b300000,0x000000d49b400000] [id=3880]
  0x000002275a270000 GCTaskThread "GC Thread#0" [stack: 0x000000d49a200000,0x000000d49a300000] [id=5940]
  0x000002277a909800 GCTaskThread "GC Thread#1" [stack: 0x000000d49bb00000,0x000000d49bc00000] [id=5208]
  0x000002277a90a800 GCTaskThread "GC Thread#2" [stack: 0x000000d49bc00000,0x000000d49bd00000] [id=14540]
  0x000002277a923800 GCTaskThread "GC Thread#3" [stack: 0x000000d49bd00000,0x000000d49be00000] [id=10032]
  0x00000227028bc000 GCTaskThread "GC Thread#4" [stack: 0x000000d49bf00000,0x000000d49c000000] [id=9824]
  0x0000022703122800 GCTaskThread "GC Thread#5" [stack: 0x000000d49c000000,0x000000d49c100000] [id=12008]
  0x000002275a2a1000 ConcurrentGCThread "G1 Main Marker" [stack: 0x000000d49a300000,0x000000d49a400000] [id=2380]
  0x000002275a2a2800 ConcurrentGCThread "G1 Conc#0" [stack: 0x000000d49a400000,0x000000d49a500000] [id=12924]
  0x000002277af62800 ConcurrentGCThread "G1 Conc#1" [stack: 0x000000d49c100000,0x000000d49c200000] [id=8096]
  0x0000022778c1e800 ConcurrentGCThread "G1 Refine#0" [stack: 0x000000d49a500000,0x000000d49a600000] [id=11740]
  0x0000022778c21800 ConcurrentGCThread "G1 Young RemSet Sampling" [stack: 0x000000d49a600000,0x000000d49a700000] [id=7604]

Threads with active compile tasks:

VM state:not at safepoint (normal execution)

VM Mutex/Monitor currently owned by a thread: None

Heap address: 0x0000000082200000, size: 2014 MB, Compressed Oops mode: 32-bit
Narrow klass base: 0x0000000000000000, Narrow klass shift: 3
Compressed class space size: 1073741824 Address: 0x0000000100000000

Heap:
 garbage-first heap   total 129024K, used 14758K [0x0000000082200000, 0x0000000100000000)
  region size 1024K, 8 young (8192K), 5 survivors (5120K)
 Metaspace       used 24748K, capacity 25430K, committed 25648K, reserved 1071104K
  class space    used 2870K, capacity 3160K, committed 3200K, reserved 1048576K
Heap Regions: E=young(eden), S=young(survivor), O=old, HS=humongous(starts), HC=humongous(continues), CS=collection set, F=free, A=archive, TAMS=top-at-mark-start (previous, next)
|   0|0x0000000082200000, 0x0000000082300000, 0x0000000082300000|100%| O|  |TAMS 0x0000000082200000, 0x0000000082200000| Untracked 
|   1|0x0000000082300000, 0x0000000082400000, 0x0000000082400000|100%| O|  |TAMS 0x0000000082300000, 0x0000000082300000| Untracked 
|   2|0x0000000082400000, 0x0000000082500000, 0x0000000082500000|100%| O|  |TAMS 0x0000000082400000, 0x0000000082400000| Untracked 
|   3|0x0000000082500000, 0x0000000082600000, 0x0000000082600000|100%| O|  |TAMS 0x000000008257c200, 0x0000000082500000| Untracked 
|   4|0x0000000082600000, 0x0000000082700000, 0x0000000082700000|100%| O|  |TAMS 0x0000000082600000, 0x0000000082600000| Untracked 
|   5|0x0000000082700000, 0x0000000082800000, 0x0000000082800000|100%| O|  |TAMS 0x0000000082700000, 0x0000000082700000| Untracked 
|   6|0x0000000082800000, 0x0000000082900000, 0x0000000082900000|100%| O|  |TAMS 0x0000000082800000, 0x0000000082800000| Untracked 
|   7|0x0000000082900000, 0x00000000829d7a00, 0x0000000082a00000| 84%| O|  |TAMS 0x0000000082900000, 0x0000000082900000| Untracked 
|   8|0x0000000082a00000, 0x0000000082a00000, 0x0000000082b00000|  0%| F|  |TAMS 0x0000000082a00000, 0x0000000082a00000| Untracked 
|   9|0x0000000082b00000, 0x0000000082b00000, 0x0000000082c00000|  0%| F|  |TAMS 0x0000000082b00000, 0x0000000082b00000| Untracked 
|  10|0x0000000082c00000, 0x0000000082c00000, 0x0000000082d00000|  0%| F|  |TAMS 0x0000000082c00000, 0x0000000082c00000| Untracked 
|  11|0x0000000082d00000, 0x0000000082d00000, 0x0000000082e00000|  0%| F|  |TAMS 0x0000000082d00000, 0x0000000082d00000| Untracked 
|  12|0x0000000082e00000, 0x0000000082e00000, 0x0000000082f00000|  0%| F|  |TAMS 0x0000000082e00000, 0x0000000082e00000| Untracked 
|  13|0x0000000082f00000, 0x0000000082f00000, 0x0000000083000000|  0%| F|  |TAMS 0x0000000082f00000, 0x0000000082f00000| Untracked 
|  14|0x0000000083000000, 0x0000000083000000, 0x0000000083100000|  0%| F|  |TAMS 0x0000000083000000, 0x0000000083000000| Untracked 
|  15|0x0000000083100000, 0x0000000083100000, 0x0000000083200000|  0%| F|  |TAMS 0x0000000083100000, 0x0000000083100000| Untracked 
|  16|0x0000000083200000, 0x0000000083200000, 0x0000000083300000|  0%| F|  |TAMS 0x0000000083200000, 0x0000000083200000| Untracked 
|  17|0x0000000083300000, 0x0000000083300000, 0x0000000083400000|  0%| F|  |TAMS 0x0000000083300000, 0x0000000083300000| Untracked 
|  18|0x0000000083400000, 0x0000000083400000, 0x0000000083500000|  0%| F|  |TAMS 0x0000000083400000, 0x0000000083400000| Untracked 
|  19|0x0000000083500000, 0x0000000083500000, 0x0000000083600000|  0%| F|  |TAMS 0x0000000083500000, 0x0000000083500000| Untracked 
|  20|0x0000000083600000, 0x0000000083600000, 0x0000000083700000|  0%| F|  |TAMS 0x0000000083600000, 0x0000000083600000| Untracked 
|  21|0x0000000083700000, 0x0000000083700000, 0x0000000083800000|  0%| F|  |TAMS 0x0000000083700000, 0x0000000083700000| Untracked 
|  22|0x0000000083800000, 0x0000000083800000, 0x0000000083900000|  0%| F|  |TAMS 0x0000000083800000, 0x0000000083800000| Untracked 
|  23|0x0000000083900000, 0x0000000083900000, 0x0000000083a00000|  0%| F|  |TAMS 0x0000000083900000, 0x0000000083900000| Untracked 
|  24|0x0000000083a00000, 0x0000000083a00000, 0x0000000083b00000|  0%| F|  |TAMS 0x0000000083a00000, 0x0000000083a00000| Untracked 
|  25|0x0000000083b00000, 0x0000000083b00000, 0x0000000083c00000|  0%| F|  |TAMS 0x0000000083b00000, 0x0000000083b00000| Untracked 
|  26|0x0000000083c00000, 0x0000000083c00000, 0x0000000083d00000|  0%| F|  |TAMS 0x0000000083c00000, 0x0000000083c00000| Untracked 
|  27|0x0000000083d00000, 0x0000000083d00000, 0x0000000083e00000|  0%| F|  |TAMS 0x0000000083d00000, 0x0000000083d00000| Untracked 
|  28|0x0000000083e00000, 0x0000000083e00000, 0x0000000083f00000|  0%| F|  |TAMS 0x0000000083e00000, 0x0000000083e00000| Untracked 
|  29|0x0000000083f00000, 0x0000000083f00000, 0x0000000084000000|  0%| F|  |TAMS 0x0000000083f00000, 0x0000000083f00000| Untracked 
|  30|0x0000000084000000, 0x0000000084000000, 0x0000000084100000|  0%| F|  |TAMS 0x0000000084000000, 0x0000000084000000| Untracked 
|  31|0x0000000084100000, 0x0000000084100000, 0x0000000084200000|  0%| F|  |TAMS 0x0000000084100000, 0x0000000084100000| Untracked 
|  32|0x0000000084200000, 0x0000000084200000, 0x0000000084300000|  0%| F|  |TAMS 0x0000000084200000, 0x0000000084200000| Untracked 
|  33|0x0000000084300000, 0x0000000084300000, 0x0000000084400000|  0%| F|  |TAMS 0x0000000084300000, 0x0000000084300000| Untracked 
|  34|0x0000000084400000, 0x0000000084400000, 0x0000000084500000|  0%| F|  |TAMS 0x0000000084400000, 0x0000000084400000| Untracked 
|  35|0x0000000084500000, 0x0000000084500000, 0x0000000084600000|  0%| F|  |TAMS 0x0000000084500000, 0x0000000084500000| Untracked 
|  36|0x0000000084600000, 0x0000000084600000, 0x0000000084700000|  0%| F|  |TAMS 0x0000000084600000, 0x0000000084600000| Untracked 
|  37|0x0000000084700000, 0x0000000084700000, 0x0000000084800000|  0%| F|  |TAMS 0x0000000084700000, 0x0000000084700000| Untracked 
|  38|0x0000000084800000, 0x0000000084800000, 0x0000000084900000|  0%| F|  |TAMS 0x0000000084800000, 0x0000000084800000| Untracked 
|  39|0x0000000084900000, 0x0000000084900000, 0x0000000084a00000|  0%| F|  |TAMS 0x0000000084900000, 0x0000000084900000| Untracked 
|  40|0x0000000084a00000, 0x0000000084a00000, 0x0000000084b00000|  0%| F|  |TAMS 0x0000000084a00000, 0x0000000084a00000| Untracked 
|  41|0x0000000084b00000, 0x0000000084b00000, 0x0000000084c00000|  0%| F|  |TAMS 0x0000000084b00000, 0x0000000084b00000| Untracked 
|  42|0x0000000084c00000, 0x0000000084c00000, 0x0000000084d00000|  0%| F|  |TAMS 0x0000000084c00000, 0x0000000084c00000| Untracked 
|  43|0x0000000084d00000, 0x0000000084d00000, 0x0000000084e00000|  0%| F|  |TAMS 0x0000000084d00000, 0x0000000084d00000| Untracked 
|  44|0x0000000084e00000, 0x0000000084e00000, 0x0000000084f00000|  0%| F|  |TAMS 0x0000000084e00000, 0x0000000084e00000| Untracked 
|  45|0x0000000084f00000, 0x0000000084f00000, 0x0000000085000000|  0%| F|  |TAMS 0x0000000084f00000, 0x0000000084f00000| Untracked 
|  46|0x0000000085000000, 0x0000000085000000, 0x0000000085100000|  0%| F|  |TAMS 0x0000000085000000, 0x0000000085000000| Untracked 
|  47|0x0000000085100000, 0x0000000085100000, 0x0000000085200000|  0%| F|  |TAMS 0x0000000085100000, 0x0000000085100000| Untracked 
|  48|0x0000000085200000, 0x0000000085200000, 0x0000000085300000|  0%| F|  |TAMS 0x0000000085200000, 0x0000000085200000| Untracked 
|  49|0x0000000085300000, 0x0000000085300000, 0x0000000085400000|  0%| F|  |TAMS 0x0000000085300000, 0x0000000085300000| Untracked 
|  50|0x0000000085400000, 0x0000000085400000, 0x0000000085500000|  0%| F|  |TAMS 0x0000000085400000, 0x0000000085400000| Untracked 
|  51|0x0000000085500000, 0x0000000085500000, 0x0000000085600000|  0%| F|  |TAMS 0x0000000085500000, 0x0000000085500000| Untracked 
|  52|0x0000000085600000, 0x0000000085600000, 0x0000000085700000|  0%| F|  |TAMS 0x0000000085600000, 0x0000000085600000| Untracked 
|  53|0x0000000085700000, 0x0000000085700000, 0x0000000085800000|  0%| F|  |TAMS 0x0000000085700000, 0x0000000085700000| Untracked 
|  54|0x0000000085800000, 0x0000000085800000, 0x0000000085900000|  0%| F|  |TAMS 0x0000000085800000, 0x0000000085800000| Untracked 
|  55|0x0000000085900000, 0x0000000085900000, 0x0000000085a00000|  0%| F|  |TAMS 0x0000000085900000, 0x0000000085900000| Untracked 
|  56|0x0000000085a00000, 0x0000000085a00000, 0x0000000085b00000|  0%| F|  |TAMS 0x0000000085a00000, 0x0000000085a00000| Untracked 
|  57|0x0000000085b00000, 0x0000000085b00000, 0x0000000085c00000|  0%| F|  |TAMS 0x0000000085b00000, 0x0000000085b00000| Untracked 
|  58|0x0000000085c00000, 0x0000000085c00000, 0x0000000085d00000|  0%| F|  |TAMS 0x0000000085c00000, 0x0000000085c00000| Untracked 
|  59|0x0000000085d00000, 0x0000000085d00000, 0x0000000085e00000|  0%| F|  |TAMS 0x0000000085d00000, 0x0000000085d00000| Untracked 
|  60|0x0000000085e00000, 0x0000000085e00000, 0x0000000085f00000|  0%| F|  |TAMS 0x0000000085e00000, 0x0000000085e00000| Untracked 
|  61|0x0000000085f00000, 0x0000000085f00000, 0x0000000086000000|  0%| F|  |TAMS 0x0000000085f00000, 0x0000000085f00000| Untracked 
|  62|0x0000000086000000, 0x0000000086000000, 0x0000000086100000|  0%| F|  |TAMS 0x0000000086000000, 0x0000000086000000| Untracked 
|  63|0x0000000086100000, 0x0000000086100000, 0x0000000086200000|  0%| F|  |TAMS 0x0000000086100000, 0x0000000086100000| Untracked 
|  64|0x0000000086200000, 0x0000000086200000, 0x0000000086300000|  0%| F|  |TAMS 0x0000000086200000, 0x0000000086200000| Untracked 
|  65|0x0000000086300000, 0x0000000086300000, 0x0000000086400000|  0%| F|  |TAMS 0x0000000086300000, 0x0000000086300000| Untracked 
|  66|0x0000000086400000, 0x0000000086400000, 0x0000000086500000|  0%| F|  |TAMS 0x0000000086400000, 0x0000000086400000| Untracked 
|  67|0x0000000086500000, 0x0000000086500000, 0x0000000086600000|  0%| F|  |TAMS 0x0000000086500000, 0x0000000086500000| Untracked 
|  68|0x0000000086600000, 0x0000000086600000, 0x0000000086700000|  0%| F|  |TAMS 0x0000000086600000, 0x0000000086600000| Untracked 
|  69|0x0000000086700000, 0x0000000086700000, 0x0000000086800000|  0%| F|  |TAMS 0x0000000086700000, 0x0000000086700000| Untracked 
|  70|0x0000000086800000, 0x0000000086800000, 0x0000000086900000|  0%| F|  |TAMS 0x0000000086800000, 0x0000000086800000| Untracked 
|  71|0x0000000086900000, 0x0000000086900000, 0x0000000086a00000|  0%| F|  |TAMS 0x0000000086900000, 0x0000000086900000| Untracked 
|  72|0x0000000086a00000, 0x0000000086a00000, 0x0000000086b00000|  0%| F|  |TAMS 0x0000000086a00000, 0x0000000086a00000| Untracked 
|  73|0x0000000086b00000, 0x0000000086b00000, 0x0000000086c00000|  0%| F|  |TAMS 0x0000000086b00000, 0x0000000086b00000| Untracked 
|  74|0x0000000086c00000, 0x0000000086c00000, 0x0000000086d00000|  0%| F|  |TAMS 0x0000000086c00000, 0x0000000086c00000| Untracked 
|  75|0x0000000086d00000, 0x0000000086d00000, 0x0000000086e00000|  0%| F|  |TAMS 0x0000000086d00000, 0x0000000086d00000| Untracked 
|  76|0x0000000086e00000, 0x0000000086e00000, 0x0000000086f00000|  0%| F|  |TAMS 0x0000000086e00000, 0x0000000086e00000| Untracked 
|  77|0x0000000086f00000, 0x0000000086f00000, 0x0000000087000000|  0%| F|  |TAMS 0x0000000086f00000, 0x0000000086f00000| Untracked 
|  78|0x0000000087000000, 0x0000000087000000, 0x0000000087100000|  0%| F|  |TAMS 0x0000000087000000, 0x0000000087000000| Untracked 
|  79|0x0000000087100000, 0x0000000087100000, 0x0000000087200000|  0%| F|  |TAMS 0x0000000087100000, 0x0000000087100000| Untracked 
|  80|0x0000000087200000, 0x0000000087200000, 0x0000000087300000|  0%| F|  |TAMS 0x0000000087200000, 0x0000000087200000| Untracked 
|  81|0x0000000087300000, 0x0000000087300000, 0x0000000087400000|  0%| F|  |TAMS 0x0000000087300000, 0x0000000087300000| Untracked 
|  82|0x0000000087400000, 0x0000000087400000, 0x0000000087500000|  0%| F|  |TAMS 0x0000000087400000, 0x0000000087400000| Untracked 
|  83|0x0000000087500000, 0x0000000087500000, 0x0000000087600000|  0%| F|  |TAMS 0x0000000087500000, 0x0000000087500000| Untracked 
|  84|0x0000000087600000, 0x0000000087600000, 0x0000000087700000|  0%| F|  |TAMS 0x0000000087600000, 0x0000000087600000| Untracked 
|  85|0x0000000087700000, 0x0000000087700000, 0x0000000087800000|  0%| F|  |TAMS 0x0000000087700000, 0x0000000087700000| Untracked 
|  86|0x0000000087800000, 0x00000000878921e0, 0x0000000087900000| 57%| S|CS|TAMS 0x0000000087800000, 0x0000000087800000| Complete 
|  87|0x0000000087900000, 0x0000000087a00000, 0x0000000087a00000|100%| S|CS|TAMS 0x0000000087900000, 0x0000000087900000| Complete 
|  88|0x0000000087a00000, 0x0000000087b00000, 0x0000000087b00000|100%| S|CS|TAMS 0x0000000087a00000, 0x0000000087a00000| Complete 
|  89|0x0000000087b00000, 0x0000000087c00000, 0x0000000087c00000|100%| S|CS|TAMS 0x0000000087b00000, 0x0000000087b00000| Complete 
|  90|0x0000000087c00000, 0x0000000087c00000, 0x0000000087d00000|  0%| F|  |TAMS 0x0000000087c00000, 0x0000000087c00000| Untracked 
|  91|0x0000000087d00000, 0x0000000087d00000, 0x0000000087e00000|  0%| F|  |TAMS 0x0000000087d00000, 0x0000000087d00000| Untracked 
|  92|0x0000000087e00000, 0x0000000087e00000, 0x0000000087f00000|  0%| F|  |TAMS 0x0000000087e00000, 0x0000000087e00000| Untracked 
|  93|0x0000000087f00000, 0x0000000087f00000, 0x0000000088000000|  0%| F|  |TAMS 0x0000000087f00000, 0x0000000087f00000| Untracked 
|  94|0x0000000088000000, 0x0000000088000000, 0x0000000088100000|  0%| F|  |TAMS 0x0000000088000000, 0x0000000088000000| Untracked 
|  95|0x0000000088100000, 0x0000000088100000, 0x0000000088200000|  0%| F|  |TAMS 0x0000000088100000, 0x0000000088100000| Untracked 
|  96|0x0000000088200000, 0x0000000088200000, 0x0000000088300000|  0%| F|  |TAMS 0x0000000088200000, 0x0000000088200000| Untracked 
|  97|0x0000000088300000, 0x0000000088300000, 0x0000000088400000|  0%| F|  |TAMS 0x0000000088300000, 0x0000000088300000| Untracked 
|  98|0x0000000088400000, 0x0000000088500000, 0x0000000088500000|100%| S|CS|TAMS 0x0000000088400000, 0x0000000088400000| Complete 
|  99|0x0000000088500000, 0x0000000088500000, 0x0000000088600000|  0%| F|  |TAMS 0x0000000088500000, 0x0000000088500000| Untracked 
| 100|0x0000000088600000, 0x0000000088600000, 0x0000000088700000|  0%| F|  |TAMS 0x0000000088600000, 0x0000000088600000| Untracked 
| 101|0x0000000088700000, 0x0000000088700000, 0x0000000088800000|  0%| F|  |TAMS 0x0000000088700000, 0x0000000088700000| Untracked 
| 102|0x0000000088800000, 0x0000000088800000, 0x0000000088900000|  0%| F|  |TAMS 0x0000000088800000, 0x0000000088800000| Untracked 
| 103|0x0000000088900000, 0x0000000088900000, 0x0000000088a00000|  0%| F|  |TAMS 0x0000000088900000, 0x0000000088900000| Untracked 
| 104|0x0000000088a00000, 0x0000000088a00000, 0x0000000088b00000|  0%| F|  |TAMS 0x0000000088a00000, 0x0000000088a00000| Untracked 
| 105|0x0000000088b00000, 0x0000000088b00000, 0x0000000088c00000|  0%| F|  |TAMS 0x0000000088b00000, 0x0000000088b00000| Untracked 
| 106|0x0000000088c00000, 0x0000000088c00000, 0x0000000088d00000|  0%| F|  |TAMS 0x0000000088c00000, 0x0000000088c00000| Untracked 
| 107|0x0000000088d00000, 0x0000000088d00000, 0x0000000088e00000|  0%| F|  |TAMS 0x0000000088d00000, 0x0000000088d00000| Untracked 
| 108|0x0000000088e00000, 0x0000000088e00000, 0x0000000088f00000|  0%| F|  |TAMS 0x0000000088e00000, 0x0000000088e00000| Untracked 
| 109|0x0000000088f00000, 0x0000000088f00000, 0x0000000089000000|  0%| F|  |TAMS 0x0000000088f00000, 0x0000000088f00000| Untracked 
| 110|0x0000000089000000, 0x0000000089000000, 0x0000000089100000|  0%| F|  |TAMS 0x0000000089000000, 0x0000000089000000| Untracked 
| 111|0x0000000089100000, 0x0000000089100000, 0x0000000089200000|  0%| F|  |TAMS 0x0000000089100000, 0x0000000089100000| Untracked 
| 112|0x0000000089200000, 0x0000000089200000, 0x0000000089300000|  0%| F|  |TAMS 0x0000000089200000, 0x0000000089200000| Untracked 
| 113|0x0000000089300000, 0x0000000089300000, 0x0000000089400000|  0%| F|  |TAMS 0x0000000089300000, 0x0000000089300000| Untracked 
| 114|0x0000000089400000, 0x0000000089400000, 0x0000000089500000|  0%| F|  |TAMS 0x0000000089400000, 0x0000000089400000| Untracked 
| 115|0x0000000089500000, 0x0000000089500000, 0x0000000089600000|  0%| F|  |TAMS 0x0000000089500000, 0x0000000089500000| Untracked 
| 116|0x0000000089600000, 0x0000000089600000, 0x0000000089700000|  0%| F|  |TAMS 0x0000000089600000, 0x0000000089600000| Untracked 
| 117|0x0000000089700000, 0x0000000089700000, 0x0000000089800000|  0%| F|  |TAMS 0x0000000089700000, 0x0000000089700000| Untracked 
| 118|0x0000000089800000, 0x0000000089800000, 0x0000000089900000|  0%| F|  |TAMS 0x0000000089800000, 0x0000000089800000| Untracked 
| 119|0x0000000089900000, 0x0000000089900000, 0x0000000089a00000|  0%| F|  |TAMS 0x0000000089900000, 0x0000000089900000| Untracked 
| 120|0x0000000089a00000, 0x0000000089a00000, 0x0000000089b00000|  0%| F|  |TAMS 0x0000000089a00000, 0x0000000089a00000| Untracked 
| 121|0x0000000089b00000, 0x0000000089b00000, 0x0000000089c00000|  0%| F|  |TAMS 0x0000000089b00000, 0x0000000089b00000| Untracked 
| 122|0x0000000089c00000, 0x0000000089c00000, 0x0000000089d00000|  0%| F|  |TAMS 0x0000000089c00000, 0x0000000089c00000| Untracked 
| 123|0x0000000089d00000, 0x0000000089d80800, 0x0000000089e00000| 50%| E|  |TAMS 0x0000000089d00000, 0x0000000089d00000| Complete 
| 124|0x0000000089e00000, 0x0000000089f00000, 0x0000000089f00000|100%| E|CS|TAMS 0x0000000089e00000, 0x0000000089e00000| Complete 
| 125|0x0000000089f00000, 0x000000008a000000, 0x000000008a000000|100%| E|CS|TAMS 0x0000000089f00000, 0x0000000089f00000| Complete 

Card table byte_map: [0x0000022771c80000,0x0000022772070000] _byte_map_base: 0x000002277186f000

Marking Bits (Prev, Next): (CMBitMap*) 0x000002275a298490, (CMBitMap*) 0x000002275a298458
 Prev Bits: [0x00000227743e0000, 0x0000022776358000)
 Next Bits: [0x0000022772460000, 0x00000227743d8000)

Polling page: 0x00000227580c0000

Metaspace:

Usage:
  Non-class:     21.75 MB capacity,    21.37 MB ( 98%) used,   325.27 KB (  1%) free+waste,    66.63 KB ( <1%) overhead. 
      Class:      3.09 MB capacity,     2.80 MB ( 91%) used,   255.37 KB (  8%) free+waste,    33.88 KB (  1%) overhead. 
       Both:     24.83 MB capacity,    24.17 MB ( 97%) used,   580.64 KB (  2%) free+waste,   100.50 KB ( <1%) overhead. 

Virtual space:
  Non-class space:       22.00 MB reserved,      21.92 MB (>99%) committed 
      Class space:        1.00 GB reserved,       3.13 MB ( <1%) committed 
             Both:        1.02 GB reserved,      25.05 MB (  2%) committed 

Chunk freelists:
   Non-Class:  6.25 KB
       Class:  1.00 KB
        Both:  7.25 KB

CodeHeap 'non-profiled nmethods': size=120000Kb used=976Kb max_used=976Kb free=119023Kb
 bounds [0x000002276a030000, 0x000002276a2a0000, 0x0000022771560000]
CodeHeap 'profiled nmethods': size=120000Kb used=4502Kb max_used=4502Kb free=115497Kb
 bounds [0x0000022762b00000, 0x0000022762f70000, 0x000002276a030000]
CodeHeap 'non-nmethods': size=5760Kb used=2263Kb max_used=2325Kb free=3496Kb
 bounds [0x0000022762560000, 0x00000227627d0000, 0x0000022762b00000]
 total_blobs=3656 nmethods=2174 adapters=769
 compilation: enabled
              stopped_count=0, restarted_count=0
 full_count=0

Compilation events (10 events):
Event: 1.446 Thread 0x0000022779609000 nmethod 2275 0x000002276a118690 code [0x000002276a118840, 0x000002276a118958]
Event: 1.446 Thread 0x0000022779609000 2276       3       groovyjarjarasm.asm.ClassWriter::newStringishItem (68 bytes)
Event: 1.446 Thread 0x0000022779609000 nmethod 2276 0x0000022762f61a90 code [0x0000022762f61ca0, 0x0000022762f62080]
Event: 1.452 Thread 0x0000022779609000 2278       3       com.sun.beans.introspect.PropertyInfo::add (30 bytes)
Event: 1.452 Thread 0x0000022779606000 nmethod 2268 0x000002276a118f10 code [0x000002276a119100, 0x000002276a119aa8]
Event: 1.453 Thread 0x0000022779606000 2267       4       com.sun.beans.introspect.MethodInfo$MethodOrder::compare (13 bytes)
Event: 1.453 Thread 0x0000022779609000 nmethod 2278 0x0000022762f62210 code [0x0000022762f624a0, 0x0000022762f63090]
Event: 1.453 Thread 0x0000022779609000 2281       3       com.sun.beans.introspect.PropertyInfo::initialize (363 bytes)
Event: 1.453 Thread 0x0000022779606000 nmethod 2267 0x000002276a119f90 code [0x000002276a11a140, 0x000002276a11a248]
Event: 1.453 Thread 0x0000022779606000 2266       4       java.util.LinkedHashMap$LinkedHashIterator::nextNode (54 bytes)

GC Heap History (6 events):
Event: 0.655 GC heap before
{Heap before GC invocations=0 (full 0):
 garbage-first heap   total 129024K, used 26624K [0x0000000082200000, 0x0000000100000000)
  region size 1024K, 24 young (24576K), 0 survivors (0K)
 Metaspace       used 12015K, capacity 12363K, committed 12544K, reserved 1060864K
  class space    used 1120K, capacity 1275K, committed 1280K, reserved 1048576K
}
Event: 0.659 GC heap after
{Heap after GC invocations=1 (full 0):
 garbage-first heap   total 129024K, used 3568K [0x0000000082200000, 0x0000000100000000)
  region size 1024K, 3 young (3072K), 3 survivors (3072K)
 Metaspace       used 12015K, capacity 12363K, committed 12544K, reserved 1060864K
  class space    used 1120K, capacity 1275K, committed 1280K, reserved 1048576K
}
Event: 1.111 GC heap before
{Heap before GC invocations=1 (full 0):
 garbage-first heap   total 129024K, used 27120K [0x0000000082200000, 0x0000000100000000)
  region size 1024K, 28 young (28672K), 3 survivors (3072K)
 Metaspace       used 20743K, capacity 21202K, committed 21296K, reserved 1069056K
  class space    used 2201K, capacity 2395K, committed 2432K, reserved 1048576K
}
Event: 1.120 GC heap after
{Heap after GC invocations=2 (full 0):
 garbage-first heap   total 129024K, used 7910K [0x0000000082200000, 0x0000000100000000)
  region size 1024K, 8 young (8192K), 8 survivors (8192K)
 Metaspace       used 20743K, capacity 21202K, committed 21296K, reserved 1069056K
  class space    used 2201K, capacity 2395K, committed 2432K, reserved 1048576K
}
Event: 1.399 GC heap before
{Heap before GC invocations=3 (full 0):
 garbage-first heap   total 129024K, used 35558K [0x0000000082200000, 0x0000000100000000)
  region size 1024K, 35 young (35840K), 8 survivors (8192K)
 Metaspace       used 24453K, capacity 25111K, committed 25392K, reserved 1071104K
  class space    used 2832K, capacity 3119K, committed 3200K, reserved 1048576K
}
Event: 1.408 GC heap after
{Heap after GC invocations=4 (full 0):
 garbage-first heap   total 129024K, used 12710K [0x0000000082200000, 0x0000000100000000)
  region size 1024K, 5 young (5120K), 5 survivors (5120K)
 Metaspace       used 24453K, capacity 25111K, committed 25392K, reserved 1071104K
  class space    used 2832K, capacity 3119K, committed 3200K, reserved 1048576K
}

Deoptimization events (10 events):
Event: 1.197 Thread 0x000002277a653000 Uncommon trap: reason=unstable_if action=reinterpret pc=0x000002276a043560 method=java.util.HashMap.getNode(ILjava/lang/Object;)Ljava/util/HashMap$Node; @ 84 c2
Event: 1.197 Thread 0x000002277a653000 Uncommon trap: reason=unstable_if action=reinterpret pc=0x000002276a0b5fb4 method=java.util.HashMap.resize()[Ljava/util/HashMap$Node; @ 203 c2
Event: 1.226 Thread 0x000002277a653000 Uncommon trap: reason=unstable_if action=reinterpret pc=0x000002276a0922b8 method=java.lang.StringUTF16.compress([CI[BII)I @ 20 c2
Event: 1.246 Thread 0x000002277a653000 Uncommon trap: reason=unstable_if action=reinterpret pc=0x000002276a03c6e4 method=java.lang.CharacterData.of(I)Ljava/lang/CharacterData; @ 4 c2
Event: 1.247 Thread 0x000002277a653000 Uncommon trap: reason=unstable_if action=reinterpret pc=0x000002276a03d974 method=java.lang.String.isLatin1()Z @ 10 c2
Event: 1.247 Thread 0x000002277a653000 Uncommon trap: reason=unstable_if action=reinterpret pc=0x000002276a03c1f8 method=java.lang.String.isLatin1()Z @ 10 c2
Event: 1.257 Thread 0x000002277a653000 Uncommon trap: reason=unstable_if action=reinterpret pc=0x000002276a041c28 method=java.lang.String.equals(Ljava/lang/Object;)Z @ 27 c2
Event: 1.358 Thread 0x000002277a653000 Uncommon trap: reason=unstable_if action=reinterpret pc=0x000002276a0ab13c method=sun.net.www.ParseUtil.firstEncodeIndex(Ljava/lang/String;)I @ 51 c2
Event: 1.436 Thread 0x000002277a653000 Uncommon trap: reason=unstable_if action=reinterpret pc=0x000002276a110a0c method=java.lang.PublicMethods$MethodList.merge(Ljava/lang/PublicMethods$MethodList;Ljava/lang/reflect/Method;)Ljava/lang/PublicMethods$MethodList; @ 62 c2
Event: 1.436 Thread 0x000002277a653000 Uncommon trap: reason=class_check action=maybe_recompile pc=0x000002276a109c2c method=java.util.HashMap.putVal(ILjava/lang/Object;Ljava/lang/Object;ZZ)Ljava/lang/Object; @ 253 c2

Classes redefined (0 events):
No events

Internal exceptions (10 events):
Event: 1.436 Thread 0x000002277a653000 Exception <a 'java/lang/ClassNotFoundException'{0x0000000089e6ddd8}: java/util/AbstractCollectionBeanInfo> (0x0000000089e6ddd8) thrown at [t:/workspace/open/src/hotspot/share/classfile/systemDictionary.cpp, line 231]
Event: 1.436 Thread 0x000002277a653000 Exception <a 'java/lang/ClassNotFoundException'{0x0000000089e6f098}: java/util/AbstractCollectionCustomizer> (0x0000000089e6f098) thrown at [t:/workspace/open/src/hotspot/share/classfile/systemDictionary.cpp, line 231]
Event: 1.436 Thread 0x000002277a653000 Exception <a 'java/lang/ClassNotFoundException'{0x0000000089e7a6d8}: java/util/AbstractListCustomizer> (0x0000000089e7a6d8) thrown at [t:/workspace/open/src/hotspot/share/classfile/systemDictionary.cpp, line 231]
Event: 1.437 Thread 0x000002277a653000 Exception <a 'java/lang/ClassNotFoundException'{0x0000000089e887e8}: javafx/collections/ObservableListBaseCustomizer> (0x0000000089e887e8) thrown at [t:/workspace/open/src/hotspot/share/classfile/systemDictionary.cpp, line 231]
Event: 1.437 Thread 0x000002277a653000 Exception <a 'java/lang/ClassNotFoundException'{0x0000000089e974a0}: javafx/collections/ModifiableObservableListBaseCustomizer> (0x0000000089e974a0) thrown at [t:/workspace/open/src/hotspot/share/classfile/systemDictionary.cpp, line 231]
Event: 1.437 Thread 0x000002277a653000 Exception <a 'java/lang/ClassNotFoundException'{0x0000000089ea90a0}: com/sun/javafx/collections/ObservableListWrapperCustomizer> (0x0000000089ea90a0) thrown at [t:/workspace/open/src/hotspot/share/classfile/systemDictionary.cpp, line 231]
Event: 1.442 Thread 0x000002277a653000 Exception <a 'java/lang/ClassNotFoundException'{0x0000000089eed5a8}: java/util/ArrayListBeanInfo> (0x0000000089eed5a8) thrown at [t:/workspace/open/src/hotspot/share/classfile/systemDictionary.cpp, line 231]
Event: 1.442 Thread 0x000002277a653000 Exception <a 'java/lang/ClassNotFoundException'{0x0000000089eee2e8}: java/util/ArrayListCustomizer> (0x0000000089eee2e8) thrown at [t:/workspace/open/src/hotspot/share/classfile/systemDictionary.cpp, line 231]
Event: 1.451 Thread 0x000002277a653000 Exception <a 'java/lang/ClassNotFoundException'{0x0000000089d47440}: jssc/SerialPortBeanInfo> (0x0000000089d47440) thrown at [t:/workspace/open/src/hotspot/share/classfile/systemDictionary.cpp, line 231]
Event: 1.452 Thread 0x000002277a653000 Exception <a 'java/lang/ClassNotFoundException'{0x0000000089d4b228}: jssc/SerialPortCustomizer> (0x0000000089d4b228) thrown at [t:/workspace/open/src/hotspot/share/classfile/systemDictionary.cpp, line 231]

Events (10 events):
Event: 1.451 loading class jssc/SerialPortBeanInfo
Event: 1.451 loading class jssc/SerialPortBeanInfo done
Event: 1.451 loading class jssc/SerialPortBeanInfo
Event: 1.451 loading class jssc/SerialPortBeanInfo done
Event: 1.451 loading class jssc/SerialPortCustomizer
Event: 1.451 loading class jssc/SerialPortCustomizer done
Event: 1.451 loading class jssc/SerialPortCustomizer
Event: 1.451 loading class jssc/SerialPortCustomizer done
Event: 1.452 loading class jssc/SerialPortCustomizer
Event: 1.452 loading class jssc/SerialPortCustomizer done


Dynamic libraries:
0x00007ff7b58d0000 - 0x00007ff7b5915000 	C:\Program Files\Java\jdk-11\bin\java.exe
0x00007ffce1a00000 - 0x00007ffce1bf0000 	C:\WINDOWS\SYSTEM32\ntdll.dll
0x00007ffce05d0000 - 0x00007ffce0682000 	C:\WINDOWS\System32\KERNEL32.DLL
0x00007ffcdec50000 - 0x00007ffcdeef4000 	C:\WINDOWS\System32\KERNELBASE.dll
0x00007ffcdfe30000 - 0x00007ffcdffc4000 	C:\WINDOWS\System32\USER32.dll
0x00007ffcdef00000 - 0x00007ffcdef21000 	C:\WINDOWS\System32\win32u.dll
0x00007ffce1950000 - 0x00007ffce1976000 	C:\WINDOWS\System32\GDI32.dll
0x00007ffcde9d0000 - 0x00007ffcdeb66000 	C:\WINDOWS\System32\gdi32full.dll
0x00007ffcdef30000 - 0x00007ffcdefce000 	C:\WINDOWS\System32\msvcp_win.dll
0x00007ffcdf170000 - 0x00007ffcdf26a000 	C:\WINDOWS\System32\ucrtbase.dll
0x00007ffcca5f0000 - 0x00007ffcca874000 	C:\WINDOWS\WinSxS\amd64_microsoft.windows.common-controls_6595b64144ccf1df_6.0.18362.959_none_e6c7bbbf130c62bb\COMCTL32.dll
0x00007ffce0fb0000 - 0x00007ffce104e000 	C:\WINDOWS\System32\msvcrt.dll
0x00007ffce0a40000 - 0x00007ffce0d75000 	C:\WINDOWS\System32\combase.dll
0x00007ffcdfbb0000 - 0x00007ffcdfcd0000 	C:\WINDOWS\System32\RPCRT4.dll
0x00007ffcde950000 - 0x00007ffcde9d0000 	C:\WINDOWS\System32\bcryptPrimitives.dll
0x00007ffce10c0000 - 0x00007ffce10ee000 	C:\WINDOWS\System32\IMM32.DLL
0x00007ffcd6d80000 - 0x00007ffcd6d96000 	C:\Program Files\Java\jdk-11\bin\vcruntime140.dll
0x00007ffcd5e40000 - 0x00007ffcd5eea000 	C:\Program Files\Java\jdk-11\bin\msvcp140.dll
0x00007ffc820e0000 - 0x00007ffc82c21000 	C:\Program Files\Java\jdk-11\bin\server\jvm.dll
0x00007ffce0520000 - 0x00007ffce05c3000 	C:\WINDOWS\System32\ADVAPI32.dll
0x00007ffcdfcd0000 - 0x00007ffcdfd67000 	C:\WINDOWS\System32\sechost.dll
0x00007ffce0510000 - 0x00007ffce0518000 	C:\WINDOWS\System32\PSAPI.DLL
0x00007ffcc9ac0000 - 0x00007ffcc9ac9000 	C:\WINDOWS\SYSTEM32\WSOCK32.dll
0x00007ffcd9010000 - 0x00007ffcd9034000 	C:\WINDOWS\SYSTEM32\WINMM.dll
0x00007ffcd5b90000 - 0x00007ffcd5b9a000 	C:\WINDOWS\SYSTEM32\VERSION.dll
0x00007ffce04a0000 - 0x00007ffce050f000 	C:\WINDOWS\System32\WS2_32.dll
0x00007ffcd84d0000 - 0x00007ffcd84fd000 	C:\WINDOWS\SYSTEM32\winmmbase.dll
0x00007ffcdf120000 - 0x00007ffcdf16a000 	C:\WINDOWS\System32\cfgmgr32.dll
0x00007ffcde8b0000 - 0x00007ffcde8c1000 	C:\WINDOWS\System32\kernel.appcore.dll
0x00007ffcd6130000 - 0x00007ffcd6141000 	C:\Program Files\Java\jdk-11\bin\verify.dll
0x00007ffcda170000 - 0x00007ffcda364000 	C:\WINDOWS\SYSTEM32\DBGHELP.DLL
0x00007ffcc9f10000 - 0x00007ffcc9f3a000 	C:\WINDOWS\SYSTEM32\dbgcore.DLL
0x00007ffcd5e10000 - 0x00007ffcd5e38000 	C:\Program Files\Java\jdk-11\bin\java.dll
0x00007ffcd43e0000 - 0x00007ffcd43f6000 	C:\Program Files\Java\jdk-11\bin\zip.dll
0x00007ffcd7bb0000 - 0x00007ffcd7bba000 	C:\Program Files\Java\jdk-11\bin\jimage.dll
0x00007ffce1240000 - 0x00007ffce1926000 	C:\WINDOWS\System32\SHELL32.dll
0x00007ffcdfa80000 - 0x00007ffcdfb29000 	C:\WINDOWS\System32\shcore.dll
0x00007ffcdf2f0000 - 0x00007ffcdfa72000 	C:\WINDOWS\System32\windows.storage.dll
0x00007ffcde8d0000 - 0x00007ffcde8f3000 	C:\WINDOWS\System32\profapi.dll
0x00007ffcde900000 - 0x00007ffcde94a000 	C:\WINDOWS\System32\powrprof.dll
0x00007ffcde880000 - 0x00007ffcde890000 	C:\WINDOWS\System32\UMPDC.dll
0x00007ffcdfdd0000 - 0x00007ffcdfe22000 	C:\WINDOWS\System32\shlwapi.dll
0x00007ffcdf2d0000 - 0x00007ffcdf2e7000 	C:\WINDOWS\System32\cryptsp.dll
0x00007ffccd8d0000 - 0x00007ffccd8e9000 	C:\Program Files\Java\jdk-11\bin\net.dll
0x00007ffcd3fe0000 - 0x00007ffcd40d0000 	C:\WINDOWS\SYSTEM32\WINHTTP.dll
0x00007ffcde0a0000 - 0x00007ffcde107000 	C:\WINDOWS\system32\mswsock.dll
0x00007ffcccd10000 - 0x00007ffcccd23000 	C:\Program Files\Java\jdk-11\bin\nio.dll
0x000002275a170000 - 0x000002275a173000 	C:\Users\svivan54\.openjfx\cache\13\api-ms-win-core-console-l1-1-0.dll
0x000002275a180000 - 0x000002275a183000 	C:\Users\svivan54\.openjfx\cache\13\api-ms-win-core-datetime-l1-1-0.dll
0x000002275a190000 - 0x000002275a193000 	C:\Users\svivan54\.openjfx\cache\13\api-ms-win-core-debug-l1-1-0.dll
0x000002275a1a0000 - 0x000002275a1a3000 	C:\Users\svivan54\.openjfx\cache\13\api-ms-win-core-errorhandling-l1-1-0.dll
0x000002275a1b0000 - 0x000002275a1b4000 	C:\Users\svivan54\.openjfx\cache\13\api-ms-win-core-file-l1-1-0.dll
0x000002275a1c0000 - 0x000002275a1c3000 	C:\Users\svivan54\.openjfx\cache\13\api-ms-win-core-file-l1-2-0.dll
0x000002275a1d0000 - 0x000002275a1d3000 	C:\Users\svivan54\.openjfx\cache\13\api-ms-win-core-file-l2-1-0.dll
0x000002275a1e0000 - 0x000002275a1e3000 	C:\Users\svivan54\.openjfx\cache\13\api-ms-win-core-handle-l1-1-0.dll
0x000002275a1f0000 - 0x000002275a1f3000 	C:\Users\svivan54\.openjfx\cache\13\api-ms-win-core-heap-l1-1-0.dll
0x000002275a200000 - 0x000002275a203000 	C:\Users\svivan54\.openjfx\cache\13\api-ms-win-core-interlocked-l1-1-0.dll
0x000002275a210000 - 0x000002275a213000 	C:\Users\svivan54\.openjfx\cache\13\api-ms-win-core-libraryloader-l1-1-0.dll
0x000002275a220000 - 0x000002275a223000 	C:\Users\svivan54\.openjfx\cache\13\api-ms-win-core-localization-l1-2-0.dll
0x000002277b2b0000 - 0x000002277b2b3000 	C:\Users\svivan54\.openjfx\cache\13\api-ms-win-core-memory-l1-1-0.dll
0x000002277b2c0000 - 0x000002277b2c3000 	C:\Users\svivan54\.openjfx\cache\13\api-ms-win-core-namedpipe-l1-1-0.dll
0x000002277b2d0000 - 0x000002277b2d3000 	C:\Users\svivan54\.openjfx\cache\13\api-ms-win-core-processenvironment-l1-1-0.dll
0x000002277b2e0000 - 0x000002277b2e3000 	C:\Users\svivan54\.openjfx\cache\13\api-ms-win-core-processthreads-l1-1-0.dll
0x000002277b2f0000 - 0x000002277b2f3000 	C:\Users\svivan54\.openjfx\cache\13\api-ms-win-core-processthreads-l1-1-1.dll
0x000002277b300000 - 0x000002277b303000 	C:\Users\svivan54\.openjfx\cache\13\api-ms-win-core-profile-l1-1-0.dll
0x000002277b310000 - 0x000002277b313000 	C:\Users\svivan54\.openjfx\cache\13\api-ms-win-core-rtlsupport-l1-1-0.dll
0x000002277b320000 - 0x000002277b323000 	C:\Users\svivan54\.openjfx\cache\13\api-ms-win-core-string-l1-1-0.dll
0x000002277b330000 - 0x000002277b333000 	C:\Users\svivan54\.openjfx\cache\13\api-ms-win-core-synch-l1-1-0.dll
0x000002277b340000 - 0x000002277b343000 	C:\Users\svivan54\.openjfx\cache\13\api-ms-win-core-synch-l1-2-0.dll
0x000002277b350000 - 0x000002277b353000 	C:\Users\svivan54\.openjfx\cache\13\api-ms-win-core-sysinfo-l1-1-0.dll
0x000002277b360000 - 0x000002277b363000 	C:\Users\svivan54\.openjfx\cache\13\api-ms-win-core-timezone-l1-1-0.dll
0x000002277b370000 - 0x000002277b373000 	C:\Users\svivan54\.openjfx\cache\13\api-ms-win-core-util-l1-1-0.dll
0x000002277b380000 - 0x000002277b383000 	C:\Users\svivan54\.openjfx\cache\13\api-ms-win-crt-conio-l1-1-0.dll
0x000002277b390000 - 0x000002277b394000 	C:\Users\svivan54\.openjfx\cache\13\api-ms-win-crt-convert-l1-1-0.dll
0x000002277b3a0000 - 0x000002277b3a3000 	C:\Users\svivan54\.openjfx\cache\13\api-ms-win-crt-environment-l1-1-0.dll
0x000002277b3b0000 - 0x000002277b3b3000 	C:\Users\svivan54\.openjfx\cache\13\api-ms-win-crt-filesystem-l1-1-0.dll
0x000002277b3c0000 - 0x000002277b3c3000 	C:\Users\svivan54\.openjfx\cache\13\api-ms-win-crt-heap-l1-1-0.dll
0x000002277b3d0000 - 0x000002277b3d3000 	C:\Users\svivan54\.openjfx\cache\13\api-ms-win-crt-locale-l1-1-0.dll
0x000002277b3e0000 - 0x000002277b3e5000 	C:\Users\svivan54\.openjfx\cache\13\api-ms-win-crt-math-l1-1-0.dll
0x000002277b3f0000 - 0x000002277b3f5000 	C:\Users\svivan54\.openjfx\cache\13\api-ms-win-crt-multibyte-l1-1-0.dll
0x000002277b400000 - 0x000002277b410000 	C:\Users\svivan54\.openjfx\cache\13\api-ms-win-crt-private-l1-1-0.dll
0x000002277b410000 - 0x000002277b413000 	C:\Users\svivan54\.openjfx\cache\13\api-ms-win-crt-process-l1-1-0.dll
0x000002277b420000 - 0x000002277b424000 	C:\Users\svivan54\.openjfx\cache\13\api-ms-win-crt-runtime-l1-1-0.dll
0x000002277b430000 - 0x000002277b434000 	C:\Users\svivan54\.openjfx\cache\13\api-ms-win-crt-stdio-l1-1-0.dll
0x000002277b440000 - 0x000002277b444000 	C:\Users\svivan54\.openjfx\cache\13\api-ms-win-crt-string-l1-1-0.dll
0x000002277b450000 - 0x000002277b453000 	C:\Users\svivan54\.openjfx\cache\13\api-ms-win-crt-time-l1-1-0.dll
0x000002277b460000 - 0x000002277b463000 	C:\Users\svivan54\.openjfx\cache\13\api-ms-win-crt-utility-l1-1-0.dll
0x00007ffcaec60000 - 0x00007ffcaed5c000 	C:\Users\svivan54\.openjfx\cache\13\ucrtbase.dll
0x00007ffccd880000 - 0x00007ffccd895000 	C:\Users\svivan54\.openjfx\cache\13\vcruntime140.dll
0x00007ffcb1710000 - 0x00007ffcb17ab000 	C:\Users\svivan54\.openjfx\cache\13\msvcp140.dll
0x00007ffcadc60000 - 0x00007ffcadcb1000 	C:\Users\svivan54\.openjfx\cache\13\concrt140.dll
0x00007ffcc0650000 - 0x00007ffcc0673000 	C:\Users\svivan54\.openjfx\cache\13\prism_d3d.dll
0x00007ffca4f50000 - 0x00007ffca5117000 	C:\WINDOWS\system32\d3d9.dll
0x00007ffcd9d10000 - 0x00007ffcd9d3d000 	C:\WINDOWS\SYSTEM32\dwmapi.dll
0x00007ffcdd520000 - 0x00007ffcdd540000 	C:\WINDOWS\SYSTEM32\dxcore.dll
0x00007ffcd9490000 - 0x00007ffcd9529000 	C:\WINDOWS\system32\uxtheme.dll
0x00007ffc971d0000 - 0x00007ffc973bb000 	C:\WINDOWS\System32\DriverStore\FileRepository\ki 129523.inf_amd64_32947eecf8f3e231\igdumdim64.dll
0x00007ffc82c30000 - 0x00007ffc861ad000 	C:\WINDOWS\System32\DriverStore\FileRepository\ki 129523.inf_amd64_32947eecf8f3e231\igd9dxva64.dll
0x00007ffce0d80000 - 0x00007ffce0ed7000 	C:\WINDOWS\System32\ole32.dll
0x00007ffce0ee0000 - 0x00007ffce0fa5000 	C:\WINDOWS\System32\OLEAUT32.dll
0x00007ffcb5910000 - 0x00007ffcb5955000 	C:\Users\svivan54\.openjfx\cache\13\glass.dll
0x00007ffce10f0000 - 0x00007ffce11c0000 	C:\WINDOWS\System32\COMDLG32.dll
0x00007ffce06a0000 - 0x00007ffce07d5000 	C:\WINDOWS\System32\MSCTF.dll
0x00007ffcd4c60000 - 0x00007ffcd4c84000 	C:\WINDOWS\System32\DriverStore\FileRepository\ki 129523.inf_amd64_32947eecf8f3e231\igdinfo64.dll
0x00007ffcce3b0000 - 0x00007ffcd02b1000 	C:\WINDOWS\System32\DriverStore\FileRepository\ki 129523.inf_amd64_32947eecf8f3e231\igc64.dll
0x00007ffccccf0000 - 0x00007ffcccd04000 	C:\Users\svivan54\.openjfx\cache\13\javafx_font.dll
0x00007ffccbd10000 - 0x00007ffccc00e000 	C:\WINDOWS\SYSTEM32\dwrite.dll
0x0000000071100000 - 0x0000000071125000 	C:\Users\svivan54\.jssc\windows\jSSC-2.8_x86_64.dll

dbghelp: loaded successfully - version: 4.0.5 - missing functions: none
symbol engine: initialized successfully - sym options: 0x614 - pdb path: .;C:\Program Files\Java\jdk-11\bin;C:\WINDOWS\SYSTEM32;C:\WINDOWS\WinSxS\amd64_microsoft.windows.common-controls_6595b64144ccf1df_6.0.18362.959_none_e6c7bbbf130c62bb;C:\Program Files\Java\jdk-11\bin\server;C:\Users\svivan54\.openjfx\cache\13;C:\WINDOWS\System32\DriverStore\FileRepository\ki 129523.inf_amd64_32947eecf8f3e231;C:\Users\svivan54\.jssc\windows

VM Arguments:
jvm_args: --add-modules=javafx.controls,javafx.fxml --module-path=C:\Users\svivan54\.gradle\caches\modules-2\files-2.1\org.openjfx\javafx-fxml\13\ee55786ffd820bb7c8dd43d127a54b1141639e29\javafx-fxml-13-win.jar;C:\Users\svivan54\.gradle\caches\modules-2\files-2.1\org.openjfx\javafx-controls\13\7524fd4ab57de51637adb0e99f0220a1ae0ae4dd\javafx-controls-13-win.jar;C:\Users\svivan54\.gradle\caches\modules-2\files-2.1\org.openjfx\javafx-graphics\13\bbcbc616702a086567585183efcb0ab8eb22a66b\javafx-graphics-13-win.jar;C:\Users\svivan54\.gradle\caches\modules-2\files-2.1\org.openjfx\javafx-base\13\6386f02a2b71d8b503c6ca3cd2d2dcb382ce86b4\javafx-base-13-win.jar -Dfile.encoding=windows-1251 -Duser.country=RU -Duser.language=ru -Duser.variant 
java_command: ru.bati4eli.pids.exchange.client.app.FxApplication
java_class_path (initial): C:\Users\svivan54\Nextcloud\PROJECTS\JAVA\ru.bati4eli.pids.exchange.client\build\classes\java\main;C:\Users\svivan54\Nextcloud\PROJECTS\JAVA\ru.bati4eli.pids.exchange.client\build\classes\groovy\main;C:\Users\svivan54\Nextcloud\PROJECTS\JAVA\ru.bati4eli.pids.exchange.client\build\resources\main;C:\Users\svivan54\.gradle\caches\modules-2\files-2.1\org.scream3r\jssc\2.8.0\7e8d93052a8743a7937a6d46854057ac1ce876c1\jssc-2.8.0.jar;C:\Users\svivan54\.gradle\caches\modules-2\files-2.1\de.jensd\fontawesomefx\8.9\84f2b42df0faaf553c847e58100840aaf4507a61\fontawesomefx-8.9.jar;C:\Users\svivan54\.gradle\caches\modules-2\files-2.1\org.codehaus.groovy\groovy-all\2.4.15\423a17aeb2f64bc6f76e8e44265a548bec80fd42\groovy-all-2.4.15.jar;C:\Users\svivan54\.gradle\caches\modules-2\files-2.1\org.openjfx\javafx-fxml\13\ee55786ffd820bb7c8dd43d127a54b1141639e29\javafx-fxml-13-win.jar;C:\Users\svivan54\.gradle\caches\modules-2\files-2.1\org.openjfx\javafx-controls\13\7524fd4ab57de51637adb0e99f0220a1ae0ae4dd\javafx-controls-13-win.jar;C:\Users\svivan54\.gradle\caches\modules-2\files-2.1\org.openjfx\javafx-controls\13\6cd7169d2a729846c35fba9dc65af23a10ca253b\javafx-controls-13.jar;C:\Users\svivan54\.gradle\caches\modules-2\files-2.1\org.openjfx\javafx-graphics\13\bbcbc616702a086567585183efcb0ab8eb22a66b\javafx-graphics-13-win.jar;C:\Users\svivan54\.gradle\caches\modules-2\files-2.1\org.openjfx\javafx-graphics\13\a9407212df2b75d557a509ec14a9e8e282494b4e\javafx-graphics-13.jar;C:\Users\svivan54\.gradle\caches\modules-2\files-2.1\org.openjfx\javafx-base\13\6386f02a2b71d8b503c6ca3cd2d2dcb382ce86b4\javafx-base-13-win.jar;C:\Users\svivan54\.gradle\caches\modules-2\files-2.1\org.openjfx\javafx-base\13\43c52e1d11b38514e9d2421ad98ca6a35de12b0\javafx-base-13.jar
Launcher Type: SUN_STANDARD

[Global flags]
     intx CICompilerCount                          = 4                                         {product} {ergonomic}
     uint ConcGCThreads                            = 2                                         {product} {ergonomic}
     uint G1ConcRefinementThreads                  = 8                                         {product} {ergonomic}
   size_t G1HeapRegionSize                         = 1048576                                   {product} {ergonomic}
    uintx GCDrainStackTargetSize                   = 64                                        {product} {ergonomic}
   size_t InitialHeapSize                          = 132120576                                 {product} {ergonomic}
   size_t MarkStackSize                            = 4194304                                   {product} {ergonomic}
   size_t MaxHeapSize                              = 2111832064                                {product} {ergonomic}
   size_t MaxNewSize                               = 1266679808                                {product} {ergonomic}
   size_t MinHeapDeltaBytes                        = 1048576                                   {product} {ergonomic}
    uintx NonNMethodCodeHeapSize                   = 5835340                                {pd product} {ergonomic}
    uintx NonProfiledCodeHeapSize                  = 122911450                              {pd product} {ergonomic}
    uintx ProfiledCodeHeapSize                     = 122911450                              {pd product} {ergonomic}
    uintx ReservedCodeCacheSize                    = 251658240                              {pd product} {ergonomic}
     bool SegmentedCodeCache                       = true                                      {product} {ergonomic}
     bool UseCompressedClassPointers               = true                                 {lp64_product} {ergonomic}
     bool UseCompressedOops                        = true                                 {lp64_product} {ergonomic}
     bool UseG1GC                                  = true                                      {product} {ergonomic}
     bool UseLargePagesIndividualAllocation        = false                                  {pd product} {ergonomic}

Logging:
Log output configuration:
 #0: stdout all=warning uptime,level,tags
 #1: stderr all=off uptime,level,tags

Environment Variables:
JAVA_HOME=C:\Program Files\Java\jdk-11
PATH=C:\Program Files\Common Files\Oracle\Java\javapath;C:\Program Files (x86)\Common Files\Oracle\Java\javapath;C:\WINDOWS\system32;C:\WINDOWS;C:\WINDOWS\System32\Wbem;C:\WINDOWS\System32\WindowsPowerShell\v1.0\;C:\WINDOWS\System32\OpenSSH\;C:\Program Files (x86)\Bitvise SSH Client;C:\Program Files\Docker\Docker\resources\bin;C:\ProgramData\DockerDesktop\version-bin;C:\Program Files\maven\apache-maven-3.6.3\bin;C:\Program Files\dotnet\;C:\Users\svivan54\AppData\Local\Microsoft\WindowsApps;C:\Users\svivan54\AppData\Local\Programs\Git\cmd;C:\Users\svivan54\.dotnet\tools
USERNAME=svivan54
OS=Windows_NT
PROCESSOR_IDENTIFIER=Intel64 Family 6 Model 142 Stepping 10, GenuineIntel



---------------  S Y S T E M  ---------------

OS: Windows 10 , 64 bit Build 18362 (10.0.18362.959)

CPU:total 8 (initial active 8) (4 cores per cpu, 2 threads per core) family 6 model 142 stepping 10, cmov, cx8, fxsr, mmx, sse, sse2, sse3, ssse3, sse4.1, sse4.2, popcnt, avx, avx2, aes, clmul, erms, rtm, 3dnowpref, lzcnt, ht, tsc, tscinvbit, bmi1, bmi2, adx, fma

Memory: 4k page, system-wide physical 8051M (1624M free)
TotalPageFile size 9872M (AvailPageFile size 1392M)
current process WorkingSet (physical memory assigned to process): 170M, peak: 176M
current process commit charge ("private bytes"): 290M, peak: 296M

vm_info: OpenJDK 64-Bit Server VM (11+28) for windows-amd64 JRE (11+28), built on Aug 23 2018 03:04:58 by "mach5one" with MS VC++ 15.5 (VS2017)

END.
