#
# A fatal error has been detected by the Java Runtime Environment:
#
#  EXCEPTION_ACCESS_VIOLATION (0xc0000005) at pc=0x000000007110b5db, pid=9932, tid=14236
#
# JRE version: OpenJDK Runtime Environment (11.0+28) (build 11+28)
# Java VM: OpenJDK 64-Bit Server VM (11+28, mixed mode, tiered, compressed oops, g1 gc, windows-amd64)
# Problematic frame:
# C  [jSSC-2.8_x86_64.dll+0xb5db]
#
# No core dump will be written. Minidumps are not enabled by default on client versions of Windows
#
# If you would like to submit a bug report, please visit:
#   http://bugreport.java.com/bugreport/crash.jsp
# The crash happened outside the Java Virtual Machine in native code.
# See problematic frame for where to report the bug.
#

---------------  S U M M A R Y ------------

Command Line: --add-modules=javafx.controls,javafx.fxml --module-path=C:\Users\svivan54\.gradle\caches\modules-2\files-2.1\org.openjfx\javafx-fxml\13\ee55786ffd820bb7c8dd43d127a54b1141639e29\javafx-fxml-13-win.jar;C:\Users\svivan54\.gradle\caches\modules-2\files-2.1\org.openjfx\javafx-controls\13\7524fd4ab57de51637adb0e99f0220a1ae0ae4dd\javafx-controls-13-win.jar;C:\Users\svivan54\.gradle\caches\modules-2\files-2.1\org.openjfx\javafx-graphics\13\bbcbc616702a086567585183efcb0ab8eb22a66b\javafx-graphics-13-win.jar;C:\Users\svivan54\.gradle\caches\modules-2\files-2.1\org.openjfx\javafx-base\13\6386f02a2b71d8b503c6ca3cd2d2dcb382ce86b4\javafx-base-13-win.jar -Dfile.encoding=windows-1251 -Duser.country=RU -Duser.language=ru -Duser.variant ru.bati4eli.pids.exchange.client.app.FxApplication

Host: Intel(R) Core(TM) i7-8650U CPU @ 1.90GHz, 8 cores, 7G,  Windows 10 , 64 bit Build 18362 (10.0.18362.959)
Time: Sun Sep 20 17:11:06 2020 RTZ 2 (ceia) elapsed time: 1 seconds (0d 0h 0m 1s)

---------------  T H R E A D  ---------------

Current thread (0x0000020353dd1800):  JavaThread "JavaFX Application Thread" [_thread_in_native, id=14236, stack(0x0000005748b00000,0x0000005748c00000)]

Stack: [0x0000005748b00000,0x0000005748c00000],  sp=0x0000005748bfb750,  free space=1005k
Native frames: (J=compiled Java code, j=interpreted, Vv=VM code, C=native code)
C  [jSSC-2.8_x86_64.dll+0xb5db]

Java frames: (J=compiled Java code, j=interpreted, Vv=VM code)
j  jssc.SerialNativeInterface.openPort(Ljava/lang/String;Z)J+0
j  jssc.SerialPort.openPort()Z+65
j  jssc.SerialPort$openPort.call(Ljava/lang/Object;[Ljava/lang/Object;)Ljava/lang/Object;+13
j  org.codehaus.groovy.runtime.callsite.CallSiteArray.defaultCall(Lorg/codehaus/groovy/runtime/callsite/CallSite;Ljava/lang/Object;[Ljava/lang/Object;)Ljava/lang/Object;+8
j  org.codehaus.groovy.runtime.callsite.AbstractCallSite.call(Ljava/lang/Object;[Ljava/lang/Object;)Ljava/lang/Object;+3
j  org.codehaus.groovy.runtime.callsite.AbstractCallSite.call(Ljava/lang/Object;)Ljava/lang/Object;+5
j  ru.bati4eli.pids.exchange.client.services.SerialPortService.connect(Ljava/lang/String;)V+54
j  ru.bati4eli.pids.exchange.client.services.SerialPortService$connect.callCurrent(Lgroovy/lang/GroovyObject;[Ljava/lang/Object;)Ljava/lang/Object;+19
j  org.codehaus.groovy.runtime.callsite.CallSiteArray.defaultCallCurrent(Lorg/codehaus/groovy/runtime/callsite/CallSite;Lgroovy/lang/GroovyObject;[Ljava/lang/Object;)Ljava/lang/Object;+17
j  org.codehaus.groovy.runtime.callsite.AbstractCallSite.callCurrent(Lgroovy/lang/GroovyObject;[Ljava/lang/Object;)Ljava/lang/Object;+3
j  org.codehaus.groovy.runtime.callsite.AbstractCallSite.callCurrent(Lgroovy/lang/GroovyObject;Ljava/lang/Object;)Ljava/lang/Object;+33
j  ru.bati4eli.pids.exchange.client.services.SerialPortService.<init>(Lru/bati4eli/pids/exchange/client/app/FxApplication;)V+121
v  ~StubRoutines::call_stub
J 2113  jdk.internal.reflect.NativeConstructorAccessorImpl.newInstance0(Ljava/lang/reflect/Constructor;[Ljava/lang/Object;)Ljava/lang/Object; java.base@11 (0 bytes) @ 0x000002034369a726 [0x000002034369a6c0+0x0000000000000066]
J 2112 c1 jdk.internal.reflect.NativeConstructorAccessorImpl.newInstance([Ljava/lang/Object;)Ljava/lang/Object; java.base@11 (89 bytes) @ 0x000002033c4afa54 [0x000002033c4aeec0+0x0000000000000b94]
J 1779 c1 jdk.internal.reflect.DelegatingConstructorAccessorImpl.newInstance([Ljava/lang/Object;)Ljava/lang/Object; java.base@11 (9 bytes) @ 0x000002033c3cb6dc [0x000002033c3cb5e0+0x00000000000000fc]
j  java.lang.reflect.Constructor.newInstance([Ljava/lang/Object;)Ljava/lang/Object;+68 java.base@11
j  org.codehaus.groovy.reflection.CachedConstructor.invoke([Ljava/lang/Object;)Ljava/lang/Object;+7
j  org.codehaus.groovy.runtime.callsite.ConstructorSite$ConstructorSiteNoUnwrapNoCoerce.callConstructor(Ljava/lang/Object;[Ljava/lang/Object;)Ljava/lang/Object;+14
j  org.codehaus.groovy.runtime.callsite.CallSiteArray.defaultCallConstructor(Lorg/codehaus/groovy/runtime/callsite/CallSite;Ljava/lang/Object;[Ljava/lang/Object;)Ljava/lang/Object;+11
j  org.codehaus.groovy.runtime.callsite.AbstractCallSite.callConstructor(Ljava/lang/Object;[Ljava/lang/Object;)Ljava/lang/Object;+3
j  org.codehaus.groovy.runtime.callsite.AbstractCallSite.callConstructor(Ljava/lang/Object;Ljava/lang/Object;)Ljava/lang/Object;+33
j  ru.bati4eli.pids.exchange.client.app.FxApplication.start(Ljavafx/stage/Stage;)V+164
j  com.sun.javafx.application.LauncherImpl.lambda$launchApplication1$9(Ljava/util/concurrent/atomic/AtomicBoolean;Ljavafx/application/Application;)V+20 javafx.graphics
j  com.sun.javafx.application.LauncherImpl$$Lambda$103.run()V+8 javafx.graphics
j  com.sun.javafx.application.PlatformImpl.lambda$runAndWait$12(Ljava/lang/Runnable;Ljava/util/concurrent/CountDownLatch;)V+1 javafx.graphics
j  com.sun.javafx.application.PlatformImpl$$Lambda$82.run()V+8 javafx.graphics
j  com.sun.javafx.application.PlatformImpl.lambda$runLater$10(Ljava/lang/Runnable;)Ljava/lang/Void;+1 javafx.graphics
j  com.sun.javafx.application.PlatformImpl$$Lambda$85.run()Ljava/lang/Object;+4 javafx.graphics
v  ~StubRoutines::call_stub
j  java.security.AccessController.doPrivileged(Ljava/security/PrivilegedAction;Ljava/security/AccessControlContext;)Ljava/lang/Object;+0 java.base@11
j  com.sun.javafx.application.PlatformImpl.lambda$runLater$11(Ljava/lang/Runnable;Ljava/security/AccessControlContext;)V+7 javafx.graphics
j  com.sun.javafx.application.PlatformImpl$$Lambda$84.run()V+8 javafx.graphics
j  com.sun.glass.ui.InvokeLaterDispatcher$Future.run()V+4 javafx.graphics
v  ~StubRoutines::call_stub
j  com.sun.glass.ui.win.WinApplication._runLoop(Ljava/lang/Runnable;)V+0 javafx.graphics
j  com.sun.glass.ui.win.WinApplication.lambda$runLoop$3(ILjava/lang/Runnable;)V+8 javafx.graphics
j  com.sun.glass.ui.win.WinApplication$$Lambda$73.run()V+12 javafx.graphics
j  java.lang.Thread.run()V+11 java.base@11
v  ~StubRoutines::call_stub

siginfo: EXCEPTION_ACCESS_VIOLATION (0xc0000005), reading address 0x0000000032fbc733


Register to memory mapping:

RIP=0x000000007110b5db jSSC-2.8_x86_64.dll
RAX=0x0000000032fbc733 is an unknown value
RBX=0x0000005748bfb7c0 is pointing into the stack for thread: 0x0000020353dd1800
RCX=0x00007ffce1a9c254 ntdll.dll
RDX=0x0 is NULL
RSP=0x0000005748bfb750 is pointing into the stack for thread: 0x0000020353dd1800
RBP=0x0000005748bfb8d0 is pointing into the stack for thread: 0x0000020353dd1800
RSI=0x0000020353dd1b40 points into unknown readable memory
RDI=0x0000000000000684 is an unknown value
R8 =0x0000005748bfb648 is pointing into the stack for thread: 0x0000020353dd1800
R9 =0x0000005748bfb740 is pointing into the stack for thread: 0x0000020353dd1800
R10=0x0 is NULL
R11=0x0000000000000246 is an unknown value
R12=0x0000005748bfb990 is pointing into the stack for thread: 0x0000020353dd1800
R13=0x00000203542aabf0 points into unknown readable memory
R14=0x0000005748bfb880 is pointing into the stack for thread: 0x0000020353dd1800
R15=0x0000020353dd1800 is a thread


Registers:
RAX=0x0000000032fbc733, RBX=0x0000005748bfb7c0, RCX=0x00007ffce1a9c254, RDX=0x0000000000000000
RSP=0x0000005748bfb750, RBP=0x0000005748bfb8d0, RSI=0x0000020353dd1b40, RDI=0x0000000000000684
R8 =0x0000005748bfb648, R9 =0x0000005748bfb740, R10=0x0000000000000000, R11=0x0000000000000246
R12=0x0000005748bfb990, R13=0x00000203542aabf0, R14=0x0000005748bfb880, R15=0x0000020353dd1800
RIP=0x000000007110b5db, EFLAGS=0x0000000000010202

Top of Stack: (sp=0x0000005748bfb750)
0x0000005748bfb750:   00000203540ab990 0000000ce1a3fb91
0x0000005748bfb760:   000000007110b230 00000203542aaad0
0x0000005748bfb770:   0000005748bfb8d0 0000000000000004
0x0000005748bfb780:   0000020353dd1b40 0000000000000684
0x0000005748bfb790:   0000005748bfb8d0 0000000071112590
0x0000005748bfb7a0:   0000020353dd1800 0000005748bfb880
0x0000005748bfb7b0:   00000203542aabf0 0000005748bfb990
0x0000005748bfb7c0:   00000203542aabf0 00007ffce1a3fb91
0x0000005748bfb7d0:   0000005748bfb800 00000203315b0000
0x0000005748bfb7e0:   0000005748bfb8d0 0000000000000000
0x0000005748bfb7f0:   0000000071113500 0000000071113be8
0x0000005748bfb800:   0000005748bfb830 0000000071112641
0x0000005748bfb810:   0000005748bfb7a0 0000020353dd1b40
0x0000005748bfb820:   0000000000000000 0000000000000000
0x0000005748bfb830:   0000005748bfb8d0 0000000071101595
0x0000005748bfb840:   000000000000001c 0000020300000000 

Instructions: (pc=0x000000007110b5db)
0x000000007110b5bb:   c5 0f 1f 40 00 55 57 56 53 48 83 ec 28 48 8b 05
0x000000007110b5cb:   39 33 01 00 48 89 cb 48 85 c0 0f 84 c5 00 00 00
0x000000007110b5db:   8b 38 85 ff 0f 88 ab 00 00 00 48 8b 05 1c 33 01
0x000000007110b5eb:   00 48 85 c0 0f 84 bc 00 00 00 8b 30 85 f6 74 57 



---------------  P R O C E S S  ---------------

Threads class SMR info:
_java_thread_list=0x0000020354089b70, length=17, elements={
0x00000203337e8000, 0x0000020352368000, 0x0000020352369800, 0x0000020352bf0000,
0x0000020352bf3000, 0x0000020352bf4000, 0x0000020352bf5800, 0x0000020352ba7800,
0x0000020352323800, 0x0000020352e1e800, 0x0000020352e27000, 0x00000203533a4000,
0x000002035372a000, 0x00000203538ea800, 0x0000020353dd1800, 0x0000020353c58000,
0x000002035442c000
}

Java Threads: ( => current thread )
  0x00000203337e8000 JavaThread "main" [_thread_blocked, id=14304, stack(0x0000005747600000,0x0000005747700000)]
  0x0000020352368000 JavaThread "Reference Handler" daemon [_thread_blocked, id=6460, stack(0x0000005747d00000,0x0000005747e00000)]
  0x0000020352369800 JavaThread "Finalizer" daemon [_thread_blocked, id=13448, stack(0x0000005747e00000,0x0000005747f00000)]
  0x0000020352bf0000 JavaThread "Signal Dispatcher" daemon [_thread_blocked, id=6008, stack(0x0000005747f00000,0x0000005748000000)]
  0x0000020352bf3000 JavaThread "Attach Listener" daemon [_thread_blocked, id=7912, stack(0x0000005748000000,0x0000005748100000)]
  0x0000020352bf4000 JavaThread "C2 CompilerThread0" daemon [_thread_blocked, id=11716, stack(0x0000005748100000,0x0000005748200000)]
  0x0000020352bf5800 JavaThread "C1 CompilerThread0" daemon [_thread_blocked, id=10008, stack(0x0000005748200000,0x0000005748300000)]
  0x0000020352ba7800 JavaThread "Sweeper thread" daemon [_thread_blocked, id=16372, stack(0x0000005748300000,0x0000005748400000)]
  0x0000020352323800 JavaThread "Common-Cleaner" daemon [_thread_blocked, id=12484, stack(0x0000005748400000,0x0000005748500000)]
  0x0000020352e1e800 JavaThread "C2 CompilerThread1" daemon [_thread_blocked, id=10652, stack(0x0000005748500000,0x0000005748600000)]
  0x0000020352e27000 JavaThread "C2 CompilerThread2" daemon [_thread_blocked, id=5456, stack(0x0000005748600000,0x0000005748700000)]
  0x00000203533a4000 JavaThread "Service Thread" daemon [_thread_blocked, id=10368, stack(0x0000005748700000,0x0000005748800000)]
  0x000002035372a000 JavaThread "QuantumRenderer-0" daemon [_thread_blocked, id=1804, stack(0x0000005748900000,0x0000005748a00000)]
  0x00000203538ea800 JavaThread "InvokeLaterDispatcher" daemon [_thread_blocked, id=11736, stack(0x0000005748a00000,0x0000005748b00000)]
=>0x0000020353dd1800 JavaThread "JavaFX Application Thread" [_thread_in_native, id=14236, stack(0x0000005748b00000,0x0000005748c00000)]
  0x0000020353c58000 JavaThread "Thread-1" daemon [_thread_in_native, id=3396, stack(0x0000005748f00000,0x0000005749000000)]
  0x000002035442c000 JavaThread "JavaFX-Launcher" [_thread_blocked, id=8636, stack(0x0000005749300000,0x0000005749400000)]

Other Threads:
  0x0000020352366800 VMThread "VM Thread" [stack: 0x0000005747c00000,0x0000005747d00000] [id=15596]
  0x000002035319e000 WatcherThread [stack: 0x0000005748800000,0x0000005748900000] [id=3228]
  0x00000203337fe000 GCTaskThread "GC Thread#0" [stack: 0x0000005747700000,0x0000005747800000] [id=12308]
  0x00000203539ff800 GCTaskThread "GC Thread#1" [stack: 0x0000005749000000,0x0000005749100000] [id=15956]
  0x00000203540e4000 GCTaskThread "GC Thread#2" [stack: 0x0000005749100000,0x0000005749200000] [id=7652]
  0x00000203540e4800 GCTaskThread "GC Thread#3" [stack: 0x0000005749200000,0x0000005749300000] [id=14048]
  0x000002035bcc9000 GCTaskThread "GC Thread#4" [stack: 0x0000005749400000,0x0000005749500000] [id=9804]
  0x0000020354470000 GCTaskThread "GC Thread#5" [stack: 0x0000005749500000,0x0000005749600000] [id=9936]
  0x0000020333830000 ConcurrentGCThread "G1 Main Marker" [stack: 0x0000005747800000,0x0000005747900000] [id=15552]
  0x0000020333831800 ConcurrentGCThread "G1 Conc#0" [stack: 0x0000005747900000,0x0000005747a00000] [id=10488]
  0x000002035c4b0000 ConcurrentGCThread "G1 Conc#1" [stack: 0x0000005749600000,0x0000005749700000] [id=14188]
  0x00000203521c5800 ConcurrentGCThread "G1 Refine#0" [stack: 0x0000005747a00000,0x0000005747b00000] [id=15720]
  0x00000203521c8800 ConcurrentGCThread "G1 Young RemSet Sampling" [stack: 0x0000005747b00000,0x0000005747c00000] [id=2608]

Threads with active compile tasks:

VM state:not at safepoint (normal execution)

VM Mutex/Monitor currently owned by a thread: None

Heap address: 0x0000000082200000, size: 2014 MB, Compressed Oops mode: 32-bit
Narrow klass base: 0x0000000000000000, Narrow klass shift: 3
Compressed class space size: 1073741824 Address: 0x0000000100000000

Heap:
 garbage-first heap   total 129024K, used 14673K [0x0000000082200000, 0x0000000100000000)
  region size 1024K, 8 young (8192K), 5 survivors (5120K)
 Metaspace       used 24765K, capacity 25433K, committed 25648K, reserved 1071104K
  class space    used 2863K, capacity 3160K, committed 3200K, reserved 1048576K
Heap Regions: E=young(eden), S=young(survivor), O=old, HS=humongous(starts), HC=humongous(continues), CS=collection set, F=free, A=archive, TAMS=top-at-mark-start (previous, next)
|   0|0x0000000082200000, 0x0000000082300000, 0x0000000082300000|100%| O|  |TAMS 0x0000000082200000, 0x0000000082200000| Untracked 
|   1|0x0000000082300000, 0x0000000082400000, 0x0000000082400000|100%| O|  |TAMS 0x0000000082300000, 0x0000000082300000| Untracked 
|   2|0x0000000082400000, 0x0000000082500000, 0x0000000082500000|100%| O|  |TAMS 0x0000000082400000, 0x0000000082400000| Untracked 
|   3|0x0000000082500000, 0x0000000082600000, 0x0000000082600000|100%| O|  |TAMS 0x00000000825bf200, 0x0000000082500000| Untracked 
|   4|0x0000000082600000, 0x0000000082700000, 0x0000000082700000|100%| O|  |TAMS 0x0000000082600000, 0x0000000082600000| Untracked 
|   5|0x0000000082700000, 0x0000000082800000, 0x0000000082800000|100%| O|  |TAMS 0x0000000082700000, 0x0000000082700000| Untracked 
|   6|0x0000000082800000, 0x0000000082900000, 0x0000000082900000|100%| O|  |TAMS 0x0000000082800000, 0x0000000082800000| Untracked 
|   7|0x0000000082900000, 0x0000000082986400, 0x0000000082a00000| 52%| O|  |TAMS 0x0000000082900000, 0x0000000082900000| Untracked 
|   8|0x0000000082a00000, 0x0000000082a00000, 0x0000000082b00000|  0%| F|  |TAMS 0x0000000082a00000, 0x0000000082a00000| Untracked 
|   9|0x0000000082b00000, 0x0000000082b00000, 0x0000000082c00000|  0%| F|  |TAMS 0x0000000082b00000, 0x0000000082b00000| Untracked 
|  10|0x0000000082c00000, 0x0000000082c00000, 0x0000000082d00000|  0%| F|  |TAMS 0x0000000082c00000, 0x0000000082c00000| Untracked 
|  11|0x0000000082d00000, 0x0000000082d00000, 0x0000000082e00000|  0%| F|  |TAMS 0x0000000082d00000, 0x0000000082d00000| Untracked 
|  12|0x0000000082e00000, 0x0000000082e00000, 0x0000000082f00000|  0%| F|  |TAMS 0x0000000082e00000, 0x0000000082e00000| Untracked 
|  13|0x0000000082f00000, 0x0000000082f00000, 0x0000000083000000|  0%| F|  |TAMS 0x0000000082f00000, 0x0000000082f00000| Untracked 
|  14|0x0000000083000000, 0x0000000083000000, 0x0000000083100000|  0%| F|  |TAMS 0x0000000083000000, 0x0000000083000000| Untracked 
|  15|0x0000000083100000, 0x0000000083100000, 0x0000000083200000|  0%| F|  |TAMS 0x0000000083100000, 0x0000000083100000| Untracked 
|  16|0x0000000083200000, 0x0000000083200000, 0x0000000083300000|  0%| F|  |TAMS 0x0000000083200000, 0x0000000083200000| Untracked 
|  17|0x0000000083300000, 0x0000000083300000, 0x0000000083400000|  0%| F|  |TAMS 0x0000000083300000, 0x0000000083300000| Untracked 
|  18|0x0000000083400000, 0x0000000083400000, 0x0000000083500000|  0%| F|  |TAMS 0x0000000083400000, 0x0000000083400000| Untracked 
|  19|0x0000000083500000, 0x0000000083500000, 0x0000000083600000|  0%| F|  |TAMS 0x0000000083500000, 0x0000000083500000| Untracked 
|  20|0x0000000083600000, 0x0000000083600000, 0x0000000083700000|  0%| F|  |TAMS 0x0000000083600000, 0x0000000083600000| Untracked 
|  21|0x0000000083700000, 0x0000000083700000, 0x0000000083800000|  0%| F|  |TAMS 0x0000000083700000, 0x0000000083700000| Untracked 
|  22|0x0000000083800000, 0x0000000083800000, 0x0000000083900000|  0%| F|  |TAMS 0x0000000083800000, 0x0000000083800000| Untracked 
|  23|0x0000000083900000, 0x0000000083900000, 0x0000000083a00000|  0%| F|  |TAMS 0x0000000083900000, 0x0000000083900000| Untracked 
|  24|0x0000000083a00000, 0x0000000083a00000, 0x0000000083b00000|  0%| F|  |TAMS 0x0000000083a00000, 0x0000000083a00000| Untracked 
|  25|0x0000000083b00000, 0x0000000083b00000, 0x0000000083c00000|  0%| F|  |TAMS 0x0000000083b00000, 0x0000000083b00000| Untracked 
|  26|0x0000000083c00000, 0x0000000083c00000, 0x0000000083d00000|  0%| F|  |TAMS 0x0000000083c00000, 0x0000000083c00000| Untracked 
|  27|0x0000000083d00000, 0x0000000083d00000, 0x0000000083e00000|  0%| F|  |TAMS 0x0000000083d00000, 0x0000000083d00000| Untracked 
|  28|0x0000000083e00000, 0x0000000083e00000, 0x0000000083f00000|  0%| F|  |TAMS 0x0000000083e00000, 0x0000000083e00000| Untracked 
|  29|0x0000000083f00000, 0x0000000083f00000, 0x0000000084000000|  0%| F|  |TAMS 0x0000000083f00000, 0x0000000083f00000| Untracked 
|  30|0x0000000084000000, 0x0000000084000000, 0x0000000084100000|  0%| F|  |TAMS 0x0000000084000000, 0x0000000084000000| Untracked 
|  31|0x0000000084100000, 0x0000000084100000, 0x0000000084200000|  0%| F|  |TAMS 0x0000000084100000, 0x0000000084100000| Untracked 
|  32|0x0000000084200000, 0x0000000084200000, 0x0000000084300000|  0%| F|  |TAMS 0x0000000084200000, 0x0000000084200000| Untracked 
|  33|0x0000000084300000, 0x0000000084300000, 0x0000000084400000|  0%| F|  |TAMS 0x0000000084300000, 0x0000000084300000| Untracked 
|  34|0x0000000084400000, 0x0000000084400000, 0x0000000084500000|  0%| F|  |TAMS 0x0000000084400000, 0x0000000084400000| Untracked 
|  35|0x0000000084500000, 0x0000000084500000, 0x0000000084600000|  0%| F|  |TAMS 0x0000000084500000, 0x0000000084500000| Untracked 
|  36|0x0000000084600000, 0x0000000084600000, 0x0000000084700000|  0%| F|  |TAMS 0x0000000084600000, 0x0000000084600000| Untracked 
|  37|0x0000000084700000, 0x0000000084700000, 0x0000000084800000|  0%| F|  |TAMS 0x0000000084700000, 0x0000000084700000| Untracked 
|  38|0x0000000084800000, 0x0000000084800000, 0x0000000084900000|  0%| F|  |TAMS 0x0000000084800000, 0x0000000084800000| Untracked 
|  39|0x0000000084900000, 0x0000000084900000, 0x0000000084a00000|  0%| F|  |TAMS 0x0000000084900000, 0x0000000084900000| Untracked 
|  40|0x0000000084a00000, 0x0000000084a00000, 0x0000000084b00000|  0%| F|  |TAMS 0x0000000084a00000, 0x0000000084a00000| Untracked 
|  41|0x0000000084b00000, 0x0000000084b00000, 0x0000000084c00000|  0%| F|  |TAMS 0x0000000084b00000, 0x0000000084b00000| Untracked 
|  42|0x0000000084c00000, 0x0000000084c00000, 0x0000000084d00000|  0%| F|  |TAMS 0x0000000084c00000, 0x0000000084c00000| Untracked 
|  43|0x0000000084d00000, 0x0000000084d00000, 0x0000000084e00000|  0%| F|  |TAMS 0x0000000084d00000, 0x0000000084d00000| Untracked 
|  44|0x0000000084e00000, 0x0000000084e00000, 0x0000000084f00000|  0%| F|  |TAMS 0x0000000084e00000, 0x0000000084e00000| Untracked 
|  45|0x0000000084f00000, 0x0000000084f00000, 0x0000000085000000|  0%| F|  |TAMS 0x0000000084f00000, 0x0000000084f00000| Untracked 
|  46|0x0000000085000000, 0x0000000085000000, 0x0000000085100000|  0%| F|  |TAMS 0x0000000085000000, 0x0000000085000000| Untracked 
|  47|0x0000000085100000, 0x0000000085100000, 0x0000000085200000|  0%| F|  |TAMS 0x0000000085100000, 0x0000000085100000| Untracked 
|  48|0x0000000085200000, 0x0000000085200000, 0x0000000085300000|  0%| F|  |TAMS 0x0000000085200000, 0x0000000085200000| Untracked 
|  49|0x0000000085300000, 0x0000000085300000, 0x0000000085400000|  0%| F|  |TAMS 0x0000000085300000, 0x0000000085300000| Untracked 
|  50|0x0000000085400000, 0x0000000085400000, 0x0000000085500000|  0%| F|  |TAMS 0x0000000085400000, 0x0000000085400000| Untracked 
|  51|0x0000000085500000, 0x0000000085500000, 0x0000000085600000|  0%| F|  |TAMS 0x0000000085500000, 0x0000000085500000| Untracked 
|  52|0x0000000085600000, 0x0000000085600000, 0x0000000085700000|  0%| F|  |TAMS 0x0000000085600000, 0x0000000085600000| Untracked 
|  53|0x0000000085700000, 0x0000000085700000, 0x0000000085800000|  0%| F|  |TAMS 0x0000000085700000, 0x0000000085700000| Untracked 
|  54|0x0000000085800000, 0x0000000085800000, 0x0000000085900000|  0%| F|  |TAMS 0x0000000085800000, 0x0000000085800000| Untracked 
|  55|0x0000000085900000, 0x0000000085900000, 0x0000000085a00000|  0%| F|  |TAMS 0x0000000085900000, 0x0000000085900000| Untracked 
|  56|0x0000000085a00000, 0x0000000085a00000, 0x0000000085b00000|  0%| F|  |TAMS 0x0000000085a00000, 0x0000000085a00000| Untracked 
|  57|0x0000000085b00000, 0x0000000085b00000, 0x0000000085c00000|  0%| F|  |TAMS 0x0000000085b00000, 0x0000000085b00000| Untracked 
|  58|0x0000000085c00000, 0x0000000085c00000, 0x0000000085d00000|  0%| F|  |TAMS 0x0000000085c00000, 0x0000000085c00000| Untracked 
|  59|0x0000000085d00000, 0x0000000085d00000, 0x0000000085e00000|  0%| F|  |TAMS 0x0000000085d00000, 0x0000000085d00000| Untracked 
|  60|0x0000000085e00000, 0x0000000085e00000, 0x0000000085f00000|  0%| F|  |TAMS 0x0000000085e00000, 0x0000000085e00000| Untracked 
|  61|0x0000000085f00000, 0x0000000085f00000, 0x0000000086000000|  0%| F|  |TAMS 0x0000000085f00000, 0x0000000085f00000| Untracked 
|  62|0x0000000086000000, 0x0000000086000000, 0x0000000086100000|  0%| F|  |TAMS 0x0000000086000000, 0x0000000086000000| Untracked 
|  63|0x0000000086100000, 0x0000000086100000, 0x0000000086200000|  0%| F|  |TAMS 0x0000000086100000, 0x0000000086100000| Untracked 
|  64|0x0000000086200000, 0x0000000086200000, 0x0000000086300000|  0%| F|  |TAMS 0x0000000086200000, 0x0000000086200000| Untracked 
|  65|0x0000000086300000, 0x0000000086300000, 0x0000000086400000|  0%| F|  |TAMS 0x0000000086300000, 0x0000000086300000| Untracked 
|  66|0x0000000086400000, 0x0000000086400000, 0x0000000086500000|  0%| F|  |TAMS 0x0000000086400000, 0x0000000086400000| Untracked 
|  67|0x0000000086500000, 0x0000000086500000, 0x0000000086600000|  0%| F|  |TAMS 0x0000000086500000, 0x0000000086500000| Untracked 
|  68|0x0000000086600000, 0x0000000086600000, 0x0000000086700000|  0%| F|  |TAMS 0x0000000086600000, 0x0000000086600000| Untracked 
|  69|0x0000000086700000, 0x0000000086700000, 0x0000000086800000|  0%| F|  |TAMS 0x0000000086700000, 0x0000000086700000| Untracked 
|  70|0x0000000086800000, 0x0000000086800000, 0x0000000086900000|  0%| F|  |TAMS 0x0000000086800000, 0x0000000086800000| Untracked 
|  71|0x0000000086900000, 0x0000000086900000, 0x0000000086a00000|  0%| F|  |TAMS 0x0000000086900000, 0x0000000086900000| Untracked 
|  72|0x0000000086a00000, 0x0000000086a00000, 0x0000000086b00000|  0%| F|  |TAMS 0x0000000086a00000, 0x0000000086a00000| Untracked 
|  73|0x0000000086b00000, 0x0000000086b00000, 0x0000000086c00000|  0%| F|  |TAMS 0x0000000086b00000, 0x0000000086b00000| Untracked 
|  74|0x0000000086c00000, 0x0000000086c00000, 0x0000000086d00000|  0%| F|  |TAMS 0x0000000086c00000, 0x0000000086c00000| Untracked 
|  75|0x0000000086d00000, 0x0000000086d00000, 0x0000000086e00000|  0%| F|  |TAMS 0x0000000086d00000, 0x0000000086d00000| Untracked 
|  76|0x0000000086e00000, 0x0000000086e00000, 0x0000000086f00000|  0%| F|  |TAMS 0x0000000086e00000, 0x0000000086e00000| Untracked 
|  77|0x0000000086f00000, 0x0000000086f00000, 0x0000000087000000|  0%| F|  |TAMS 0x0000000086f00000, 0x0000000086f00000| Untracked 
|  78|0x0000000087000000, 0x0000000087000000, 0x0000000087100000|  0%| F|  |TAMS 0x0000000087000000, 0x0000000087000000| Untracked 
|  79|0x0000000087100000, 0x0000000087100000, 0x0000000087200000|  0%| F|  |TAMS 0x0000000087100000, 0x0000000087100000| Untracked 
|  80|0x0000000087200000, 0x0000000087200000, 0x0000000087300000|  0%| F|  |TAMS 0x0000000087200000, 0x0000000087200000| Untracked 
|  81|0x0000000087300000, 0x0000000087300000, 0x0000000087400000|  0%| F|  |TAMS 0x0000000087300000, 0x0000000087300000| Untracked 
|  82|0x0000000087400000, 0x0000000087400000, 0x0000000087500000|  0%| F|  |TAMS 0x0000000087400000, 0x0000000087400000| Untracked 
|  83|0x0000000087500000, 0x0000000087500000, 0x0000000087600000|  0%| F|  |TAMS 0x0000000087500000, 0x0000000087500000| Untracked 
|  84|0x0000000087600000, 0x0000000087600000, 0x0000000087700000|  0%| F|  |TAMS 0x0000000087600000, 0x0000000087600000| Untracked 
|  85|0x0000000087700000, 0x0000000087700000, 0x0000000087800000|  0%| F|  |TAMS 0x0000000087700000, 0x0000000087700000| Untracked 
|  86|0x0000000087800000, 0x0000000087800000, 0x0000000087900000|  0%| F|  |TAMS 0x0000000087800000, 0x0000000087800000| Untracked 
|  87|0x0000000087900000, 0x00000000879ce160, 0x0000000087a00000| 80%| S|CS|TAMS 0x0000000087900000, 0x0000000087900000| Complete 
|  88|0x0000000087a00000, 0x0000000087b00000, 0x0000000087b00000|100%| S|CS|TAMS 0x0000000087a00000, 0x0000000087a00000| Complete 
|  89|0x0000000087b00000, 0x0000000087c00000, 0x0000000087c00000|100%| S|CS|TAMS 0x0000000087b00000, 0x0000000087b00000| Complete 
|  90|0x0000000087c00000, 0x0000000087d00000, 0x0000000087d00000|100%| S|CS|TAMS 0x0000000087c00000, 0x0000000087c00000| Complete 
|  91|0x0000000087d00000, 0x0000000087d00000, 0x0000000087e00000|  0%| F|  |TAMS 0x0000000087d00000, 0x0000000087d00000| Untracked 
|  92|0x0000000087e00000, 0x0000000087e00000, 0x0000000087f00000|  0%| F|  |TAMS 0x0000000087e00000, 0x0000000087e00000| Untracked 
|  93|0x0000000087f00000, 0x0000000087f00000, 0x0000000088000000|  0%| F|  |TAMS 0x0000000087f00000, 0x0000000087f00000| Untracked 
|  94|0x0000000088000000, 0x0000000088000000, 0x0000000088100000|  0%| F|  |TAMS 0x0000000088000000, 0x0000000088000000| Untracked 
|  95|0x0000000088100000, 0x0000000088100000, 0x0000000088200000|  0%| F|  |TAMS 0x0000000088100000, 0x0000000088100000| Untracked 
|  96|0x0000000088200000, 0x0000000088200000, 0x0000000088300000|  0%| F|  |TAMS 0x0000000088200000, 0x0000000088200000| Untracked 
|  97|0x0000000088300000, 0x0000000088300000, 0x0000000088400000|  0%| F|  |TAMS 0x0000000088300000, 0x0000000088300000| Untracked 
|  98|0x0000000088400000, 0x0000000088500000, 0x0000000088500000|100%| S|CS|TAMS 0x0000000088400000, 0x0000000088400000| Complete 
|  99|0x0000000088500000, 0x0000000088500000, 0x0000000088600000|  0%| F|  |TAMS 0x0000000088500000, 0x0000000088500000| Untracked 
| 100|0x0000000088600000, 0x0000000088600000, 0x0000000088700000|  0%| F|  |TAMS 0x0000000088600000, 0x0000000088600000| Untracked 
| 101|0x0000000088700000, 0x0000000088700000, 0x0000000088800000|  0%| F|  |TAMS 0x0000000088700000, 0x0000000088700000| Untracked 
| 102|0x0000000088800000, 0x0000000088800000, 0x0000000088900000|  0%| F|  |TAMS 0x0000000088800000, 0x0000000088800000| Untracked 
| 103|0x0000000088900000, 0x0000000088900000, 0x0000000088a00000|  0%| F|  |TAMS 0x0000000088900000, 0x0000000088900000| Untracked 
| 104|0x0000000088a00000, 0x0000000088a00000, 0x0000000088b00000|  0%| F|  |TAMS 0x0000000088a00000, 0x0000000088a00000| Untracked 
| 105|0x0000000088b00000, 0x0000000088b00000, 0x0000000088c00000|  0%| F|  |TAMS 0x0000000088b00000, 0x0000000088b00000| Untracked 
| 106|0x0000000088c00000, 0x0000000088c00000, 0x0000000088d00000|  0%| F|  |TAMS 0x0000000088c00000, 0x0000000088c00000| Untracked 
| 107|0x0000000088d00000, 0x0000000088d00000, 0x0000000088e00000|  0%| F|  |TAMS 0x0000000088d00000, 0x0000000088d00000| Untracked 
| 108|0x0000000088e00000, 0x0000000088e00000, 0x0000000088f00000|  0%| F|  |TAMS 0x0000000088e00000, 0x0000000088e00000| Untracked 
| 109|0x0000000088f00000, 0x0000000088f00000, 0x0000000089000000|  0%| F|  |TAMS 0x0000000088f00000, 0x0000000088f00000| Untracked 
| 110|0x0000000089000000, 0x0000000089000000, 0x0000000089100000|  0%| F|  |TAMS 0x0000000089000000, 0x0000000089000000| Untracked 
| 111|0x0000000089100000, 0x0000000089100000, 0x0000000089200000|  0%| F|  |TAMS 0x0000000089100000, 0x0000000089100000| Untracked 
| 112|0x0000000089200000, 0x0000000089200000, 0x0000000089300000|  0%| F|  |TAMS 0x0000000089200000, 0x0000000089200000| Untracked 
| 113|0x0000000089300000, 0x0000000089300000, 0x0000000089400000|  0%| F|  |TAMS 0x0000000089300000, 0x0000000089300000| Untracked 
| 114|0x0000000089400000, 0x0000000089400000, 0x0000000089500000|  0%| F|  |TAMS 0x0000000089400000, 0x0000000089400000| Untracked 
| 115|0x0000000089500000, 0x0000000089500000, 0x0000000089600000|  0%| F|  |TAMS 0x0000000089500000, 0x0000000089500000| Untracked 
| 116|0x0000000089600000, 0x0000000089600000, 0x0000000089700000|  0%| F|  |TAMS 0x0000000089600000, 0x0000000089600000| Untracked 
| 117|0x0000000089700000, 0x0000000089700000, 0x0000000089800000|  0%| F|  |TAMS 0x0000000089700000, 0x0000000089700000| Untracked 
| 118|0x0000000089800000, 0x0000000089800000, 0x0000000089900000|  0%| F|  |TAMS 0x0000000089800000, 0x0000000089800000| Untracked 
| 119|0x0000000089900000, 0x0000000089900000, 0x0000000089a00000|  0%| F|  |TAMS 0x0000000089900000, 0x0000000089900000| Untracked 
| 120|0x0000000089a00000, 0x0000000089a00000, 0x0000000089b00000|  0%| F|  |TAMS 0x0000000089a00000, 0x0000000089a00000| Untracked 
| 121|0x0000000089b00000, 0x0000000089b00000, 0x0000000089c00000|  0%| F|  |TAMS 0x0000000089b00000, 0x0000000089b00000| Untracked 
| 122|0x0000000089c00000, 0x0000000089c00000, 0x0000000089d00000|  0%| F|  |TAMS 0x0000000089c00000, 0x0000000089c00000| Untracked 
| 123|0x0000000089d00000, 0x0000000089e00000, 0x0000000089e00000|100%| E|  |TAMS 0x0000000089d00000, 0x0000000089d00000| Complete 
| 124|0x0000000089e00000, 0x0000000089f00000, 0x0000000089f00000|100%| E|CS|TAMS 0x0000000089e00000, 0x0000000089e00000| Complete 
| 125|0x0000000089f00000, 0x000000008a000000, 0x000000008a000000|100%| E|CS|TAMS 0x0000000089f00000, 0x0000000089f00000| Complete 

Card table byte_map: [0x000002034b210000,0x000002034b600000] _byte_map_base: 0x000002034adff000

Marking Bits (Prev, Next): (CMBitMap*) 0x0000020333827770, (CMBitMap*) 0x0000020333827738
 Prev Bits: [0x000002034d970000, 0x000002034f8e8000)
 Next Bits: [0x000002034b9f0000, 0x000002034d968000)

Polling page: 0x00000203315a0000

Metaspace:

Usage:
  Non-class:     21.75 MB capacity,    21.39 MB ( 98%) used,   304.08 KB (  1%) free+waste,    66.81 KB ( <1%) overhead. 
      Class:      3.09 MB capacity,     2.80 MB ( 91%) used,   262.65 KB (  8%) free+waste,    33.88 KB (  1%) overhead. 
       Both:     24.84 MB capacity,    24.19 MB ( 97%) used,   566.73 KB (  2%) free+waste,   100.69 KB ( <1%) overhead. 

Virtual space:
  Non-class space:       22.00 MB reserved,      21.92 MB (>99%) committed 
      Class space:        1.00 GB reserved,       3.13 MB ( <1%) committed 
             Both:        1.02 GB reserved,      25.05 MB (  2%) committed 

Chunk freelists:
   Non-Class:  5.88 KB
       Class:  1.00 KB
        Both:  6.88 KB

CodeHeap 'non-profiled nmethods': size=120000Kb used=1003Kb max_used=1003Kb free=118996Kb
 bounds [0x00000203435c0000, 0x0000020343830000, 0x000002034aaf0000]
CodeHeap 'profiled nmethods': size=120000Kb used=4704Kb max_used=4704Kb free=115295Kb
 bounds [0x000002033c090000, 0x000002033c530000, 0x00000203435c0000]
CodeHeap 'non-nmethods': size=5760Kb used=2265Kb max_used=2305Kb free=3495Kb
 bounds [0x000002033baf0000, 0x000002033bd60000, 0x000002033c090000]
 total_blobs=3682 nmethods=2253 adapters=769
 compilation: enabled
              stopped_count=0, restarted_count=0
 full_count=0

Compilation events (10 events):
Event: 1.376 Thread 0x0000020352bf5800 nmethod 2289 0x000002033c526e10 code [0x000002033c527060, 0x000002033c527860]
Event: 1.376 Thread 0x0000020352bf5800 2291       3       com.sun.beans.introspect.PropertyInfo::getReadMethod (19 bytes)
Event: 1.376 Thread 0x0000020352bf5800 nmethod 2291 0x000002033c527b90 code [0x000002033c527d40, 0x000002033c527f18]
Event: 1.376 Thread 0x0000020352bf5800 2292       3       com.sun.beans.introspect.PropertyInfo::getWriteMethod (19 bytes)
Event: 1.377 Thread 0x0000020352bf5800 nmethod 2292 0x000002033c528010 code [0x000002033c5281c0, 0x000002033c528398]
Event: 1.377 Thread 0x0000020352bf5800 2293       3       com.sun.beans.introspect.PropertyInfo::isConstrained (101 bytes)
Event: 1.377 Thread 0x0000020352bf5800 nmethod 2293 0x000002033c528490 code [0x000002033c528660, 0x000002033c528980]
Event: 1.377 Thread 0x0000020352bf5800 2296       1       org.codehaus.groovy.runtime.callsite.AbstractCallSite::getIndex (5 bytes)
Event: 1.377 Thread 0x0000020352bf5800 nmethod 2296 0x00000203436b6510 code [0x00000203436b66c0, 0x00000203436b67d8]
Event: 1.400 Thread 0x0000020352e27000 nmethod 2274 0x00000203436b6890 code [0x00000203436b6bc0, 0x00000203436b96d0]

GC Heap History (6 events):
Event: 0.605 GC heap before
{Heap before GC invocations=0 (full 0):
 garbage-first heap   total 129024K, used 26624K [0x0000000082200000, 0x0000000100000000)
  region size 1024K, 24 young (24576K), 0 survivors (0K)
 Metaspace       used 12027K, capacity 12366K, committed 12544K, reserved 1060864K
  class space    used 1118K, capacity 1275K, committed 1280K, reserved 1048576K
}
Event: 0.608 GC heap after
{Heap after GC invocations=1 (full 0):
 garbage-first heap   total 129024K, used 3836K [0x0000000082200000, 0x0000000100000000)
  region size 1024K, 3 young (3072K), 3 survivors (3072K)
 Metaspace       used 12027K, capacity 12366K, committed 12544K, reserved 1060864K
  class space    used 1118K, capacity 1275K, committed 1280K, reserved 1048576K
}
Event: 1.034 GC heap before
{Heap before GC invocations=1 (full 0):
 garbage-first heap   total 129024K, used 27388K [0x0000000082200000, 0x0000000100000000)
  region size 1024K, 28 young (28672K), 3 survivors (3072K)
 Metaspace       used 20728K, capacity 21204K, committed 21296K, reserved 1069056K
  class space    used 2190K, capacity 2395K, committed 2432K, reserved 1048576K
}
Event: 1.044 GC heap after
{Heap after GC invocations=2 (full 0):
 garbage-first heap   total 129024K, used 7864K [0x0000000082200000, 0x0000000100000000)
  region size 1024K, 7 young (7168K), 7 survivors (7168K)
 Metaspace       used 20728K, capacity 21204K, committed 21296K, reserved 1069056K
  class space    used 2190K, capacity 2395K, committed 2432K, reserved 1048576K
}
Event: 1.325 GC heap before
{Heap before GC invocations=3 (full 0):
 garbage-first heap   total 129024K, used 35512K [0x0000000082200000, 0x0000000100000000)
  region size 1024K, 34 young (34816K), 7 survivors (7168K)
 Metaspace       used 24491K, capacity 25114K, committed 25392K, reserved 1071104K
  class space    used 2830K, capacity 3119K, committed 3200K, reserved 1048576K
}
Event: 1.332 GC heap after
{Heap after GC invocations=4 (full 0):
 garbage-first heap   total 129024K, used 12625K [0x0000000082200000, 0x0000000100000000)
  region size 1024K, 5 young (5120K), 5 survivors (5120K)
 Metaspace       used 24491K, capacity 25114K, committed 25392K, reserved 1071104K
  class space    used 2830K, capacity 3119K, committed 3200K, reserved 1048576K
}

Deoptimization events (10 events):
Event: 1.176 Thread 0x0000020353dd1800 Uncommon trap: reason=unstable_if action=reinterpret pc=0x00000203435cbd78 method=java.lang.String.isLatin1()Z @ 10 c2
Event: 1.186 Thread 0x0000020353dd1800 Uncommon trap: reason=unstable_if action=reinterpret pc=0x00000203435cd5a8 method=java.lang.String.equals(Ljava/lang/Object;)Z @ 27 c2
Event: 1.283 Thread 0x0000020353dd1800 Uncommon trap: reason=unstable_if action=reinterpret pc=0x000002034363833c method=sun.net.www.ParseUtil.firstEncodeIndex(Ljava/lang/String;)I @ 51 c2
Event: 1.297 Thread 0x0000020353dd1800 Uncommon trap: reason=profile_predicate action=maybe_recompile pc=0x00000203436990d4 method=java.lang.PublicMethods$MethodList.filter([Ljava/lang/reflect/Method;Ljava/lang/String;[Ljava/lang/Class;Z)Ljava/lang/PublicMethods$MethodList; @ 21 c2
Event: 1.297 Thread 0x0000020353dd1800 Uncommon trap: reason=profile_predicate action=maybe_recompile pc=0x00000203436990d4 method=java.lang.PublicMethods$MethodList.filter([Ljava/lang/reflect/Method;Ljava/lang/String;[Ljava/lang/Class;Z)Ljava/lang/PublicMethods$MethodList; @ 21 c2
Event: 1.316 Thread 0x0000020353dd1800 Uncommon trap: reason=profile_predicate action=maybe_recompile pc=0x00000203436990d4 method=java.lang.PublicMethods$MethodList.filter([Ljava/lang/reflect/Method;Ljava/lang/String;[Ljava/lang/Class;Z)Ljava/lang/PublicMethods$MethodList; @ 21 c2
Event: 1.316 Thread 0x0000020353dd1800 Uncommon trap: reason=profile_predicate action=maybe_recompile pc=0x00000203436990d4 method=java.lang.PublicMethods$MethodList.filter([Ljava/lang/reflect/Method;Ljava/lang/String;[Ljava/lang/Class;Z)Ljava/lang/PublicMethods$MethodList; @ 21 c2
Event: 1.337 Thread 0x0000020353dd1800 Uncommon trap: reason=bimorphic_or_optimized_type_check action=maybe_recompile pc=0x0000020343688d24 method=java.util.HashMap.putVal(ILjava/lang/Object;Ljava/lang/Object;ZZ)Ljava/lang/Object; @ 203 c2
Event: 1.359 Thread 0x0000020353dd1800 Uncommon trap: reason=unstable_if action=reinterpret pc=0x00000203436aa8c0 method=java.lang.PublicMethods$MethodList.merge(Ljava/lang/PublicMethods$MethodList;Ljava/lang/reflect/Method;)Ljava/lang/PublicMethods$MethodList; @ 62 c2
Event: 1.360 Thread 0x0000020353dd1800 Uncommon trap: reason=class_check action=maybe_recompile pc=0x0000020343688bdc method=java.util.HashMap.putVal(ILjava/lang/Object;Ljava/lang/Object;ZZ)Ljava/lang/Object; @ 253 c2

Classes redefined (0 events):
No events

Internal exceptions (10 events):
Event: 1.359 Thread 0x0000020353dd1800 Exception <a 'java/lang/ClassNotFoundException'{0x0000000089e7f878}: java/util/AbstractCollectionBeanInfo> (0x0000000089e7f878) thrown at [t:/workspace/open/src/hotspot/share/classfile/systemDictionary.cpp, line 231]
Event: 1.359 Thread 0x0000020353dd1800 Exception <a 'java/lang/ClassNotFoundException'{0x0000000089e80d78}: java/util/AbstractCollectionCustomizer> (0x0000000089e80d78) thrown at [t:/workspace/open/src/hotspot/share/classfile/systemDictionary.cpp, line 231]
Event: 1.359 Thread 0x0000020353dd1800 Exception <a 'java/lang/ClassNotFoundException'{0x0000000089e8c3b8}: java/util/AbstractListCustomizer> (0x0000000089e8c3b8) thrown at [t:/workspace/open/src/hotspot/share/classfile/systemDictionary.cpp, line 231]
Event: 1.360 Thread 0x0000020353dd1800 Exception <a 'java/lang/ClassNotFoundException'{0x0000000089e9a270}: javafx/collections/ObservableListBaseCustomizer> (0x0000000089e9a270) thrown at [t:/workspace/open/src/hotspot/share/classfile/systemDictionary.cpp, line 231]
Event: 1.361 Thread 0x0000020353dd1800 Exception <a 'java/lang/ClassNotFoundException'{0x0000000089ea8f28}: javafx/collections/ModifiableObservableListBaseCustomizer> (0x0000000089ea8f28) thrown at [t:/workspace/open/src/hotspot/share/classfile/systemDictionary.cpp, line 231]
Event: 1.361 Thread 0x0000020353dd1800 Exception <a 'java/lang/ClassNotFoundException'{0x0000000089ebab28}: com/sun/javafx/collections/ObservableListWrapperCustomizer> (0x0000000089ebab28) thrown at [t:/workspace/open/src/hotspot/share/classfile/systemDictionary.cpp, line 231]
Event: 1.366 Thread 0x0000020353dd1800 Exception <a 'java/lang/ClassNotFoundException'{0x0000000089eff018}: java/util/ArrayListBeanInfo> (0x0000000089eff018) thrown at [t:/workspace/open/src/hotspot/share/classfile/systemDictionary.cpp, line 231]
Event: 1.366 Thread 0x0000020353dd1800 Exception <a 'java/lang/ClassNotFoundException'{0x0000000089effd58}: java/util/ArrayListCustomizer> (0x0000000089effd58) thrown at [t:/workspace/open/src/hotspot/share/classfile/systemDictionary.cpp, line 231]
Event: 1.374 Thread 0x0000020353dd1800 Exception <a 'java/lang/ClassNotFoundException'{0x0000000089d58d58}: jssc/SerialPortBeanInfo> (0x0000000089d58d58) thrown at [t:/workspace/open/src/hotspot/share/classfile/systemDictionary.cpp, line 231]
Event: 1.374 Thread 0x0000020353dd1800 Exception <a 'java/lang/ClassNotFoundException'{0x0000000089d5cb40}: jssc/SerialPortCustomizer> (0x0000000089d5cb40) thrown at [t:/workspace/open/src/hotspot/share/classfile/systemDictionary.cpp, line 231]

Events (10 events):
Event: 1.374 loading class jssc/SerialPortBeanInfo
Event: 1.374 loading class jssc/SerialPortBeanInfo done
Event: 1.374 loading class jssc/SerialPortBeanInfo
Event: 1.374 loading class jssc/SerialPortBeanInfo done
Event: 1.374 loading class jssc/SerialPortCustomizer
Event: 1.374 loading class jssc/SerialPortCustomizer done
Event: 1.374 loading class jssc/SerialPortCustomizer
Event: 1.374 loading class jssc/SerialPortCustomizer done
Event: 1.374 loading class jssc/SerialPortCustomizer
Event: 1.374 loading class jssc/SerialPortCustomizer done


Dynamic libraries:
0x00007ff7b58d0000 - 0x00007ff7b5915000 	C:\Program Files\Java\jdk-11\bin\java.exe
0x00007ffce1a00000 - 0x00007ffce1bf0000 	C:\WINDOWS\SYSTEM32\ntdll.dll
0x00007ffce05d0000 - 0x00007ffce0682000 	C:\WINDOWS\System32\KERNEL32.DLL
0x00007ffcdec50000 - 0x00007ffcdeef4000 	C:\WINDOWS\System32\KERNELBASE.dll
0x00007ffcdfe30000 - 0x00007ffcdffc4000 	C:\WINDOWS\System32\USER32.dll
0x00007ffcdef00000 - 0x00007ffcdef21000 	C:\WINDOWS\System32\win32u.dll
0x00007ffce1950000 - 0x00007ffce1976000 	C:\WINDOWS\System32\GDI32.dll
0x00007ffcde9d0000 - 0x00007ffcdeb66000 	C:\WINDOWS\System32\gdi32full.dll
0x00007ffcdef30000 - 0x00007ffcdefce000 	C:\WINDOWS\System32\msvcp_win.dll
0x00007ffcdf170000 - 0x00007ffcdf26a000 	C:\WINDOWS\System32\ucrtbase.dll
0x00007ffcca5f0000 - 0x00007ffcca874000 	C:\WINDOWS\WinSxS\amd64_microsoft.windows.common-controls_6595b64144ccf1df_6.0.18362.959_none_e6c7bbbf130c62bb\COMCTL32.dll
0x00007ffce0fb0000 - 0x00007ffce104e000 	C:\WINDOWS\System32\msvcrt.dll
0x00007ffce0a40000 - 0x00007ffce0d75000 	C:\WINDOWS\System32\combase.dll
0x00007ffcdfbb0000 - 0x00007ffcdfcd0000 	C:\WINDOWS\System32\RPCRT4.dll
0x00007ffcde950000 - 0x00007ffcde9d0000 	C:\WINDOWS\System32\bcryptPrimitives.dll
0x00007ffce10c0000 - 0x00007ffce10ee000 	C:\WINDOWS\System32\IMM32.DLL
0x00007ffcd6d80000 - 0x00007ffcd6d96000 	C:\Program Files\Java\jdk-11\bin\vcruntime140.dll
0x00007ffcd5e40000 - 0x00007ffcd5eea000 	C:\Program Files\Java\jdk-11\bin\msvcp140.dll
0x00007ffc820e0000 - 0x00007ffc82c21000 	C:\Program Files\Java\jdk-11\bin\server\jvm.dll
0x00007ffce0520000 - 0x00007ffce05c3000 	C:\WINDOWS\System32\ADVAPI32.dll
0x00007ffcdfcd0000 - 0x00007ffcdfd67000 	C:\WINDOWS\System32\sechost.dll
0x00007ffce0510000 - 0x00007ffce0518000 	C:\WINDOWS\System32\PSAPI.DLL
0x00007ffcc9ac0000 - 0x00007ffcc9ac9000 	C:\WINDOWS\SYSTEM32\WSOCK32.dll
0x00007ffcd9010000 - 0x00007ffcd9034000 	C:\WINDOWS\SYSTEM32\WINMM.dll
0x00007ffce04a0000 - 0x00007ffce050f000 	C:\WINDOWS\System32\WS2_32.dll
0x00007ffcd5b90000 - 0x00007ffcd5b9a000 	C:\WINDOWS\SYSTEM32\VERSION.dll
0x00007ffcd84d0000 - 0x00007ffcd84fd000 	C:\WINDOWS\SYSTEM32\winmmbase.dll
0x00007ffcdf120000 - 0x00007ffcdf16a000 	C:\WINDOWS\System32\cfgmgr32.dll
0x00007ffcde8b0000 - 0x00007ffcde8c1000 	C:\WINDOWS\System32\kernel.appcore.dll
0x00007ffcd6130000 - 0x00007ffcd6141000 	C:\Program Files\Java\jdk-11\bin\verify.dll
0x00007ffcda170000 - 0x00007ffcda364000 	C:\WINDOWS\SYSTEM32\DBGHELP.DLL
0x00007ffcc9f10000 - 0x00007ffcc9f3a000 	C:\WINDOWS\SYSTEM32\dbgcore.DLL
0x00007ffcd5e10000 - 0x00007ffcd5e38000 	C:\Program Files\Java\jdk-11\bin\java.dll
0x00007ffcd43e0000 - 0x00007ffcd43f6000 	C:\Program Files\Java\jdk-11\bin\zip.dll
0x00007ffcd7bb0000 - 0x00007ffcd7bba000 	C:\Program Files\Java\jdk-11\bin\jimage.dll
0x00007ffce1240000 - 0x00007ffce1926000 	C:\WINDOWS\System32\SHELL32.dll
0x00007ffcdfa80000 - 0x00007ffcdfb29000 	C:\WINDOWS\System32\shcore.dll
0x00007ffcdf2f0000 - 0x00007ffcdfa72000 	C:\WINDOWS\System32\windows.storage.dll
0x00007ffcde8d0000 - 0x00007ffcde8f3000 	C:\WINDOWS\System32\profapi.dll
0x00007ffcde900000 - 0x00007ffcde94a000 	C:\WINDOWS\System32\powrprof.dll
0x00007ffcde880000 - 0x00007ffcde890000 	C:\WINDOWS\System32\UMPDC.dll
0x00007ffcdfdd0000 - 0x00007ffcdfe22000 	C:\WINDOWS\System32\shlwapi.dll
0x00007ffcdf2d0000 - 0x00007ffcdf2e7000 	C:\WINDOWS\System32\cryptsp.dll
0x00007ffccd8d0000 - 0x00007ffccd8e9000 	C:\Program Files\Java\jdk-11\bin\net.dll
0x00007ffcd3fe0000 - 0x00007ffcd40d0000 	C:\WINDOWS\SYSTEM32\WINHTTP.dll
0x00007ffcde0a0000 - 0x00007ffcde107000 	C:\WINDOWS\system32\mswsock.dll
0x00007ffcccd10000 - 0x00007ffcccd23000 	C:\Program Files\Java\jdk-11\bin\nio.dll
0x0000020332f50000 - 0x0000020332f53000 	C:\Users\svivan54\.openjfx\cache\13\api-ms-win-core-console-l1-1-0.dll
0x0000020332f60000 - 0x0000020332f63000 	C:\Users\svivan54\.openjfx\cache\13\api-ms-win-core-datetime-l1-1-0.dll
0x0000020332f70000 - 0x0000020332f73000 	C:\Users\svivan54\.openjfx\cache\13\api-ms-win-core-debug-l1-1-0.dll
0x0000020332f80000 - 0x0000020332f83000 	C:\Users\svivan54\.openjfx\cache\13\api-ms-win-core-errorhandling-l1-1-0.dll
0x0000020332f90000 - 0x0000020332f94000 	C:\Users\svivan54\.openjfx\cache\13\api-ms-win-core-file-l1-1-0.dll
0x0000020332fa0000 - 0x0000020332fa3000 	C:\Users\svivan54\.openjfx\cache\13\api-ms-win-core-file-l1-2-0.dll
0x0000020333780000 - 0x0000020333783000 	C:\Users\svivan54\.openjfx\cache\13\api-ms-win-core-file-l2-1-0.dll
0x0000020333790000 - 0x0000020333793000 	C:\Users\svivan54\.openjfx\cache\13\api-ms-win-core-handle-l1-1-0.dll
0x00000203337a0000 - 0x00000203337a3000 	C:\Users\svivan54\.openjfx\cache\13\api-ms-win-core-heap-l1-1-0.dll
0x00000203337b0000 - 0x00000203337b3000 	C:\Users\svivan54\.openjfx\cache\13\api-ms-win-core-interlocked-l1-1-0.dll
0x0000020354850000 - 0x0000020354853000 	C:\Users\svivan54\.openjfx\cache\13\api-ms-win-core-libraryloader-l1-1-0.dll
0x0000020354860000 - 0x0000020354863000 	C:\Users\svivan54\.openjfx\cache\13\api-ms-win-core-localization-l1-2-0.dll
0x0000020354870000 - 0x0000020354873000 	C:\Users\svivan54\.openjfx\cache\13\api-ms-win-core-memory-l1-1-0.dll
0x0000020354880000 - 0x0000020354883000 	C:\Users\svivan54\.openjfx\cache\13\api-ms-win-core-namedpipe-l1-1-0.dll
0x0000020354890000 - 0x0000020354893000 	C:\Users\svivan54\.openjfx\cache\13\api-ms-win-core-processenvironment-l1-1-0.dll
0x00000203548a0000 - 0x00000203548a3000 	C:\Users\svivan54\.openjfx\cache\13\api-ms-win-core-processthreads-l1-1-0.dll
0x00000203548b0000 - 0x00000203548b3000 	C:\Users\svivan54\.openjfx\cache\13\api-ms-win-core-processthreads-l1-1-1.dll
0x00000203548c0000 - 0x00000203548c3000 	C:\Users\svivan54\.openjfx\cache\13\api-ms-win-core-profile-l1-1-0.dll
0x00000203548d0000 - 0x00000203548d3000 	C:\Users\svivan54\.openjfx\cache\13\api-ms-win-core-rtlsupport-l1-1-0.dll
0x00000203548e0000 - 0x00000203548e3000 	C:\Users\svivan54\.openjfx\cache\13\api-ms-win-core-string-l1-1-0.dll
0x00000203548f0000 - 0x00000203548f3000 	C:\Users\svivan54\.openjfx\cache\13\api-ms-win-core-synch-l1-1-0.dll
0x0000020354900000 - 0x0000020354903000 	C:\Users\svivan54\.openjfx\cache\13\api-ms-win-core-synch-l1-2-0.dll
0x0000020354910000 - 0x0000020354913000 	C:\Users\svivan54\.openjfx\cache\13\api-ms-win-core-sysinfo-l1-1-0.dll
0x0000020354920000 - 0x0000020354923000 	C:\Users\svivan54\.openjfx\cache\13\api-ms-win-core-timezone-l1-1-0.dll
0x0000020354930000 - 0x0000020354933000 	C:\Users\svivan54\.openjfx\cache\13\api-ms-win-core-util-l1-1-0.dll
0x0000020354940000 - 0x0000020354943000 	C:\Users\svivan54\.openjfx\cache\13\api-ms-win-crt-conio-l1-1-0.dll
0x0000020354950000 - 0x0000020354954000 	C:\Users\svivan54\.openjfx\cache\13\api-ms-win-crt-convert-l1-1-0.dll
0x0000020354960000 - 0x0000020354963000 	C:\Users\svivan54\.openjfx\cache\13\api-ms-win-crt-environment-l1-1-0.dll
0x0000020354970000 - 0x0000020354973000 	C:\Users\svivan54\.openjfx\cache\13\api-ms-win-crt-filesystem-l1-1-0.dll
0x0000020354980000 - 0x0000020354983000 	C:\Users\svivan54\.openjfx\cache\13\api-ms-win-crt-heap-l1-1-0.dll
0x0000020354990000 - 0x0000020354993000 	C:\Users\svivan54\.openjfx\cache\13\api-ms-win-crt-locale-l1-1-0.dll
0x00000203549a0000 - 0x00000203549a5000 	C:\Users\svivan54\.openjfx\cache\13\api-ms-win-crt-math-l1-1-0.dll
0x00000203549b0000 - 0x00000203549b5000 	C:\Users\svivan54\.openjfx\cache\13\api-ms-win-crt-multibyte-l1-1-0.dll
0x00000203549c0000 - 0x00000203549d0000 	C:\Users\svivan54\.openjfx\cache\13\api-ms-win-crt-private-l1-1-0.dll
0x00000203549d0000 - 0x00000203549d3000 	C:\Users\svivan54\.openjfx\cache\13\api-ms-win-crt-process-l1-1-0.dll
0x00000203549e0000 - 0x00000203549e4000 	C:\Users\svivan54\.openjfx\cache\13\api-ms-win-crt-runtime-l1-1-0.dll
0x00000203549f0000 - 0x00000203549f4000 	C:\Users\svivan54\.openjfx\cache\13\api-ms-win-crt-stdio-l1-1-0.dll
0x0000020354a00000 - 0x0000020354a04000 	C:\Users\svivan54\.openjfx\cache\13\api-ms-win-crt-string-l1-1-0.dll
0x0000020354a10000 - 0x0000020354a13000 	C:\Users\svivan54\.openjfx\cache\13\api-ms-win-crt-time-l1-1-0.dll
0x0000020354a20000 - 0x0000020354a23000 	C:\Users\svivan54\.openjfx\cache\13\api-ms-win-crt-utility-l1-1-0.dll
0x00007ffcb1750000 - 0x00007ffcb184c000 	C:\Users\svivan54\.openjfx\cache\13\ucrtbase.dll
0x00007ffcd4370000 - 0x00007ffcd4385000 	C:\Users\svivan54\.openjfx\cache\13\vcruntime140.dll
0x00007ffcaecc0000 - 0x00007ffcaed5b000 	C:\Users\svivan54\.openjfx\cache\13\msvcp140.dll
0x00007ffcb1950000 - 0x00007ffcb19a1000 	C:\Users\svivan54\.openjfx\cache\13\concrt140.dll
0x00007ffcd4340000 - 0x00007ffcd4363000 	C:\Users\svivan54\.openjfx\cache\13\prism_d3d.dll
0x00007ffca4f50000 - 0x00007ffca5117000 	C:\WINDOWS\system32\d3d9.dll
0x00007ffcd9d10000 - 0x00007ffcd9d3d000 	C:\WINDOWS\SYSTEM32\dwmapi.dll
0x00007ffcdd520000 - 0x00007ffcdd540000 	C:\WINDOWS\SYSTEM32\dxcore.dll
0x00007ffcd9490000 - 0x00007ffcd9529000 	C:\WINDOWS\system32\uxtheme.dll
0x00007ffc971d0000 - 0x00007ffc973bb000 	C:\WINDOWS\System32\DriverStore\FileRepository\ki 129523.inf_amd64_32947eecf8f3e231\igdumdim64.dll
0x00007ffc82c30000 - 0x00007ffc861ad000 	C:\WINDOWS\System32\DriverStore\FileRepository\ki 129523.inf_amd64_32947eecf8f3e231\igd9dxva64.dll
0x00007ffce0d80000 - 0x00007ffce0ed7000 	C:\WINDOWS\System32\ole32.dll
0x00007ffce0ee0000 - 0x00007ffce0fa5000 	C:\WINDOWS\System32\OLEAUT32.dll
0x00007ffcc0630000 - 0x00007ffcc0675000 	C:\Users\svivan54\.openjfx\cache\13\glass.dll
0x00007ffce10f0000 - 0x00007ffce11c0000 	C:\WINDOWS\System32\COMDLG32.dll
0x00007ffce06a0000 - 0x00007ffce07d5000 	C:\WINDOWS\System32\MSCTF.dll
0x00007ffcd4c60000 - 0x00007ffcd4c84000 	C:\WINDOWS\System32\DriverStore\FileRepository\ki 129523.inf_amd64_32947eecf8f3e231\igdinfo64.dll
0x00007ffcce3b0000 - 0x00007ffcd02b1000 	C:\WINDOWS\System32\DriverStore\FileRepository\ki 129523.inf_amd64_32947eecf8f3e231\igc64.dll
0x00007ffccd880000 - 0x00007ffccd894000 	C:\Users\svivan54\.openjfx\cache\13\javafx_font.dll
0x00007ffccbd10000 - 0x00007ffccc00e000 	C:\WINDOWS\SYSTEM32\dwrite.dll
0x0000000071100000 - 0x0000000071125000 	C:\Users\svivan54\.jssc\windows\jSSC-2.8_x86_64.dll

dbghelp: loaded successfully - version: 4.0.5 - missing functions: none
symbol engine: initialized successfully - sym options: 0x614 - pdb path: .;C:\Program Files\Java\jdk-11\bin;C:\WINDOWS\SYSTEM32;C:\WINDOWS\WinSxS\amd64_microsoft.windows.common-controls_6595b64144ccf1df_6.0.18362.959_none_e6c7bbbf130c62bb;C:\Program Files\Java\jdk-11\bin\server;C:\Users\svivan54\.openjfx\cache\13;C:\WINDOWS\System32\DriverStore\FileRepository\ki 129523.inf_amd64_32947eecf8f3e231;C:\Users\svivan54\.jssc\windows

VM Arguments:
jvm_args: --add-modules=javafx.controls,javafx.fxml --module-path=C:\Users\svivan54\.gradle\caches\modules-2\files-2.1\org.openjfx\javafx-fxml\13\ee55786ffd820bb7c8dd43d127a54b1141639e29\javafx-fxml-13-win.jar;C:\Users\svivan54\.gradle\caches\modules-2\files-2.1\org.openjfx\javafx-controls\13\7524fd4ab57de51637adb0e99f0220a1ae0ae4dd\javafx-controls-13-win.jar;C:\Users\svivan54\.gradle\caches\modules-2\files-2.1\org.openjfx\javafx-graphics\13\bbcbc616702a086567585183efcb0ab8eb22a66b\javafx-graphics-13-win.jar;C:\Users\svivan54\.gradle\caches\modules-2\files-2.1\org.openjfx\javafx-base\13\6386f02a2b71d8b503c6ca3cd2d2dcb382ce86b4\javafx-base-13-win.jar -Dfile.encoding=windows-1251 -Duser.country=RU -Duser.language=ru -Duser.variant 
java_command: ru.bati4eli.pids.exchange.client.app.FxApplication
java_class_path (initial): C:\Users\svivan54\Nextcloud\PROJECTS\JAVA\ru.bati4eli.pids.exchange.client\build\classes\java\main;C:\Users\svivan54\Nextcloud\PROJECTS\JAVA\ru.bati4eli.pids.exchange.client\build\classes\groovy\main;C:\Users\svivan54\Nextcloud\PROJECTS\JAVA\ru.bati4eli.pids.exchange.client\build\resources\main;C:\Users\svivan54\.gradle\caches\modules-2\files-2.1\org.scream3r\jssc\2.8.0\7e8d93052a8743a7937a6d46854057ac1ce876c1\jssc-2.8.0.jar;C:\Users\svivan54\.gradle\caches\modules-2\files-2.1\de.jensd\fontawesomefx\8.9\84f2b42df0faaf553c847e58100840aaf4507a61\fontawesomefx-8.9.jar;C:\Users\svivan54\.gradle\caches\modules-2\files-2.1\org.codehaus.groovy\groovy-all\2.4.15\423a17aeb2f64bc6f76e8e44265a548bec80fd42\groovy-all-2.4.15.jar;C:\Users\svivan54\.gradle\caches\modules-2\files-2.1\org.openjfx\javafx-fxml\13\ee55786ffd820bb7c8dd43d127a54b1141639e29\javafx-fxml-13-win.jar;C:\Users\svivan54\.gradle\caches\modules-2\files-2.1\org.openjfx\javafx-controls\13\7524fd4ab57de51637adb0e99f0220a1ae0ae4dd\javafx-controls-13-win.jar;C:\Users\svivan54\.gradle\caches\modules-2\files-2.1\org.openjfx\javafx-controls\13\6cd7169d2a729846c35fba9dc65af23a10ca253b\javafx-controls-13.jar;C:\Users\svivan54\.gradle\caches\modules-2\files-2.1\org.openjfx\javafx-graphics\13\bbcbc616702a086567585183efcb0ab8eb22a66b\javafx-graphics-13-win.jar;C:\Users\svivan54\.gradle\caches\modules-2\files-2.1\org.openjfx\javafx-graphics\13\a9407212df2b75d557a509ec14a9e8e282494b4e\javafx-graphics-13.jar;C:\Users\svivan54\.gradle\caches\modules-2\files-2.1\org.openjfx\javafx-base\13\6386f02a2b71d8b503c6ca3cd2d2dcb382ce86b4\javafx-base-13-win.jar;C:\Users\svivan54\.gradle\caches\modules-2\files-2.1\org.openjfx\javafx-base\13\43c52e1d11b38514e9d2421ad98ca6a35de12b0\javafx-base-13.jar
Launcher Type: SUN_STANDARD

[Global flags]
     intx CICompilerCount                          = 4                                         {product} {ergonomic}
     uint ConcGCThreads                            = 2                                         {product} {ergonomic}
     uint G1ConcRefinementThreads                  = 8                                         {product} {ergonomic}
   size_t G1HeapRegionSize                         = 1048576                                   {product} {ergonomic}
    uintx GCDrainStackTargetSize                   = 64                                        {product} {ergonomic}
   size_t InitialHeapSize                          = 132120576                                 {product} {ergonomic}
   size_t MarkStackSize                            = 4194304                                   {product} {ergonomic}
   size_t MaxHeapSize                              = 2111832064                                {product} {ergonomic}
   size_t MaxNewSize                               = 1266679808                                {product} {ergonomic}
   size_t MinHeapDeltaBytes                        = 1048576                                   {product} {ergonomic}
    uintx NonNMethodCodeHeapSize                   = 5835340                                {pd product} {ergonomic}
    uintx NonProfiledCodeHeapSize                  = 122911450                              {pd product} {ergonomic}
    uintx ProfiledCodeHeapSize                     = 122911450                              {pd product} {ergonomic}
    uintx ReservedCodeCacheSize                    = 251658240                              {pd product} {ergonomic}
     bool SegmentedCodeCache                       = true                                      {product} {ergonomic}
     bool UseCompressedClassPointers               = true                                 {lp64_product} {ergonomic}
     bool UseCompressedOops                        = true                                 {lp64_product} {ergonomic}
     bool UseG1GC                                  = true                                      {product} {ergonomic}
     bool UseLargePagesIndividualAllocation        = false                                  {pd product} {ergonomic}

Logging:
Log output configuration:
 #0: stdout all=warning uptime,level,tags
 #1: stderr all=off uptime,level,tags

Environment Variables:
JAVA_HOME=C:\Program Files\Java\jdk-11
PATH=C:\Program Files\Common Files\Oracle\Java\javapath;C:\Program Files (x86)\Common Files\Oracle\Java\javapath;C:\WINDOWS\system32;C:\WINDOWS;C:\WINDOWS\System32\Wbem;C:\WINDOWS\System32\WindowsPowerShell\v1.0\;C:\WINDOWS\System32\OpenSSH\;C:\Program Files (x86)\Bitvise SSH Client;C:\Program Files\Docker\Docker\resources\bin;C:\ProgramData\DockerDesktop\version-bin;C:\Program Files\maven\apache-maven-3.6.3\bin;C:\Program Files\dotnet\;C:\Users\svivan54\AppData\Local\Microsoft\WindowsApps;C:\Users\svivan54\AppData\Local\Programs\Git\cmd;C:\Users\svivan54\.dotnet\tools
USERNAME=svivan54
OS=Windows_NT
PROCESSOR_IDENTIFIER=Intel64 Family 6 Model 142 Stepping 10, GenuineIntel



---------------  S Y S T E M  ---------------

OS: Windows 10 , 64 bit Build 18362 (10.0.18362.959)

CPU:total 8 (initial active 8) (4 cores per cpu, 2 threads per core) family 6 model 142 stepping 10, cmov, cx8, fxsr, mmx, sse, sse2, sse3, ssse3, sse4.1, sse4.2, popcnt, avx, avx2, aes, clmul, erms, rtm, 3dnowpref, lzcnt, ht, tsc, tscinvbit, bmi1, bmi2, adx, fma

Memory: 4k page, system-wide physical 8051M (1596M free)
TotalPageFile size 9872M (AvailPageFile size 1395M)
current process WorkingSet (physical memory assigned to process): 170M, peak: 170M
current process commit charge ("private bytes"): 290M, peak: 295M

vm_info: OpenJDK 64-Bit Server VM (11+28) for windows-amd64 JRE (11+28), built on Aug 23 2018 03:04:58 by "mach5one" with MS VC++ 15.5 (VS2017)

END.
