#
# A fatal error has been detected by the Java Runtime Environment:
#
#  EXCEPTION_ACCESS_VIOLATION (0xc0000005) at pc=0x000000007110b5db, pid=13012, tid=10480
#
# JRE version: OpenJDK Runtime Environment (11.0+28) (build 11+28)
# Java VM: OpenJDK 64-Bit Server VM (11+28, mixed mode, tiered, compressed oops, g1 gc, windows-amd64)
# Problematic frame:
# C  [jSSC-2.8_x86_64.dll+0xb5db]
#
# No core dump will be written. Minidumps are not enabled by default on client versions of Windows
#
# If you would like to submit a bug report, please visit:
#   http://bugreport.java.com/bugreport/crash.jsp
# The crash happened outside the Java Virtual Machine in native code.
# See problematic frame for where to report the bug.
#

---------------  S U M M A R Y ------------

Command Line: -Dfile.encoding=windows-1251 -Duser.country=RU -Duser.language=ru -Duser.variant ru.bati4eli.pids.exchange.client.examples.SerialPortReadLog

Host: Intel(R) Core(TM) i7-8650U CPU @ 1.90GHz, 8 cores, 7G,  Windows 10 , 64 bit Build 18362 (10.0.18362.959)
Time: Sun Sep 20 11:04:10 2020 RTZ 2 (ceia) elapsed time: 4 seconds (0d 0h 0m 4s)

---------------  T H R E A D  ---------------

Current thread (0x00000145eec28800):  JavaThread "AWT-EventQueue-0" [_thread_in_native, id=10480, stack(0x00000036c7800000,0x00000036c7900000)]

Stack: [0x00000036c7800000,0x00000036c7900000],  sp=0x00000036c78fb4e0,  free space=1005k
Native frames: (J=compiled Java code, j=interpreted, Vv=VM code, C=native code)
C  [jSSC-2.8_x86_64.dll+0xb5db]

Java frames: (J=compiled Java code, j=interpreted, Vv=VM code)
j  jssc.SerialNativeInterface.openPort(Ljava/lang/String;Z)J+0
j  jssc.SerialPort.openPort()Z+65
j  ru.bati4eli.pids.exchange.client.examples.SerialPortReadLog$1.actionPerformed(Ljava/awt/event/ActionEvent;)V+15
j  java.awt.Button.processActionEvent(Ljava/awt/event/ActionEvent;)V+11 java.desktop@11
j  java.awt.Button.processEvent(Ljava/awt/AWTEvent;)V+12 java.desktop@11
j  java.awt.Component.dispatchEventImpl(Ljava/awt/AWTEvent;)V+496 java.desktop@11
j  java.awt.Component.dispatchEvent(Ljava/awt/AWTEvent;)V+2 java.desktop@11
j  java.awt.EventQueue.dispatchEventImpl(Ljava/awt/AWTEvent;Ljava/lang/Object;)V+41 java.desktop@11
j  java.awt.EventQueue$4.run()Ljava/lang/Void;+32 java.desktop@11
j  java.awt.EventQueue$4.run()Ljava/lang/Object;+1 java.desktop@11
v  ~StubRoutines::call_stub
J 727  java.security.AccessController.doPrivileged(Ljava/security/PrivilegedAction;Ljava/security/AccessControlContext;)Ljava/lang/Object; java.base@11 (0 bytes) @ 0x00000145de65d326 [0x00000145de65d2c0+0x0000000000000066]
J 728 c1 java.security.ProtectionDomain$JavaSecurityAccessImpl.doIntersectionPrivilege(Ljava/security/PrivilegedAction;Ljava/security/AccessControlContext;Ljava/security/AccessControlContext;)Ljava/lang/Object; java.base@11 (22 bytes) @ 0x00000145d72079ac [0x00000145d72076a0+0x000000000000030c]
j  java.security.ProtectionDomain$JavaSecurityAccessImpl.doIntersectionPrivilege(Ljava/security/PrivilegedAction;Ljava/security/AccessControlContext;)Ljava/lang/Object;+6 java.base@11
j  java.awt.EventQueue$5.run()Ljava/lang/Void;+11 java.desktop@11
j  java.awt.EventQueue$5.run()Ljava/lang/Object;+1 java.desktop@11
v  ~StubRoutines::call_stub
J 727  java.security.AccessController.doPrivileged(Ljava/security/PrivilegedAction;Ljava/security/AccessControlContext;)Ljava/lang/Object; java.base@11 (0 bytes) @ 0x00000145de65d326 [0x00000145de65d2c0+0x0000000000000066]
J 728 c1 java.security.ProtectionDomain$JavaSecurityAccessImpl.doIntersectionPrivilege(Ljava/security/PrivilegedAction;Ljava/security/AccessControlContext;Ljava/security/AccessControlContext;)Ljava/lang/Object; java.base@11 (22 bytes) @ 0x00000145d72079ac [0x00000145d72076a0+0x000000000000030c]
j  java.awt.EventQueue.dispatchEvent(Ljava/awt/AWTEvent;)V+73 java.desktop@11
j  java.awt.EventDispatchThread.pumpOneEventForFilters(I)V+78 java.desktop@11
j  java.awt.EventDispatchThread.pumpEventsForFilter(ILjava/awt/Conditional;Ljava/awt/EventFilter;)V+35 java.desktop@11
j  java.awt.EventDispatchThread.pumpEventsForHierarchy(ILjava/awt/Conditional;Ljava/awt/Component;)V+11 java.desktop@11
j  java.awt.EventDispatchThread.pumpEvents(ILjava/awt/Conditional;)V+4 java.desktop@11
j  java.awt.EventDispatchThread.pumpEvents(Ljava/awt/Conditional;)V+3 java.desktop@11
j  java.awt.EventDispatchThread.run()V+9 java.desktop@11
v  ~StubRoutines::call_stub

siginfo: EXCEPTION_ACCESS_VIOLATION (0xc0000005), reading address 0xffffffffce91d345


Register to memory mapping:

RIP=0x000000007110b5db jSSC-2.8_x86_64.dll
RAX=0xffffffffce91d345 is an unknown value
RBX=0x00000036c78fb550 is pointing into the stack for thread: 0x00000145eec28800
RCX=0x00007ffce1a9c254 ntdll.dll
RDX=0x0 is NULL
RSP=0x00000036c78fb4e0 is pointing into the stack for thread: 0x00000145eec28800
RBP=0x00000036c78fb660 is pointing into the stack for thread: 0x00000145eec28800
RSI=0x00000145eec28b40 points into unknown readable memory
RDI=0x0000000000000474 is an unknown value
R8 =0x00000036c78fb3d8 is pointing into the stack for thread: 0x00000145eec28800
R9 =0x00000036c78fb4d0 is pointing into the stack for thread: 0x00000145eec28800
R10=0x0 is NULL
R11=0x0000000000000246 is an unknown value
R12=0x00000036c78fb720 is pointing into the stack for thread: 0x00000145eec28800
R13=0x00000145eefcc150 points into unknown readable memory
R14=0x00000036c78fb610 is pointing into the stack for thread: 0x00000145eec28800
R15=0x00000145eec28800 is a thread


Registers:
RAX=0xffffffffce91d345, RBX=0x00000036c78fb550, RCX=0x00007ffce1a9c254, RDX=0x0000000000000000
RSP=0x00000036c78fb4e0, RBP=0x00000036c78fb660, RSI=0x00000145eec28b40, RDI=0x0000000000000474
R8 =0x00000036c78fb3d8, R9 =0x00000036c78fb4d0, R10=0x0000000000000000, R11=0x0000000000000246
R12=0x00000036c78fb720, R13=0x00000145eefcc150, R14=0x00000036c78fb610, R15=0x00000145eec28800
RIP=0x000000007110b5db, EFLAGS=0x0000000000010206

Top of Stack: (sp=0x00000036c78fb4e0)
0x00000036c78fb4e0:   00000145eec87030 0000001de1a3fb91
0x00000036c78fb4f0:   000000007110b230 00000145eefcbf30
0x00000036c78fb500:   00000036c78fb660 0000000000000004
0x00000036c78fb510:   00000145eec28b40 0000000000000474
0x00000036c78fb520:   00000036c78fb660 0000000071112590
0x00000036c78fb530:   00000145eec28800 00000036c78fb610
0x00000036c78fb540:   00000145eefcc150 00000036c78fb720
0x00000036c78fb550:   00000145eefcc150 00007ffce1a3fb91
0x00000036c78fb560:   00000036c78fb590 00000145ccf50000
0x00000036c78fb570:   00000036c78fb660 0000000000000000
0x00000036c78fb580:   0000000071113500 0000000071113be8
0x00000036c78fb590:   00000036c78fb5c0 0000000071112641
0x00000036c78fb5a0:   00000036c78fb530 00000145eec28b40
0x00000036c78fb5b0:   0000000000000000 0000000000000000
0x00000036c78fb5c0:   00000036c78fb660 0000000071101595
0x00000036c78fb5d0:   000000000000001c 0000014500000000 

Instructions: (pc=0x000000007110b5db)
0x000000007110b5bb:   c5 0f 1f 40 00 55 57 56 53 48 83 ec 28 48 8b 05
0x000000007110b5cb:   39 33 01 00 48 89 cb 48 85 c0 0f 84 c5 00 00 00
0x000000007110b5db:   8b 38 85 ff 0f 88 ab 00 00 00 48 8b 05 1c 33 01
0x000000007110b5eb:   00 48 85 c0 0f 84 bc 00 00 00 8b 30 85 f6 74 57 



---------------  P R O C E S S  ---------------

Threads class SMR info:
_java_thread_list=0x00000145eed1dfb0, length=14, elements={
0x00000145edb71800, 0x00000145edb73000, 0x00000145edb8c800, 0x00000145edb8d800,
0x00000145edb8f800, 0x00000145edb92800, 0x00000145edb94000, 0x00000145ee65d800,
0x00000145ee654800, 0x00000145eea9d000, 0x00000145eeb4b800, 0x00000145eeb50800,
0x00000145eec28800, 0x00000145ce815000
}

Java Threads: ( => current thread )
  0x00000145edb71800 JavaThread "Reference Handler" daemon [_thread_blocked, id=16016, stack(0x00000036c6a00000,0x00000036c6b00000)]
  0x00000145edb73000 JavaThread "Finalizer" daemon [_thread_blocked, id=16344, stack(0x00000036c6b00000,0x00000036c6c00000)]
  0x00000145edb8c800 JavaThread "Signal Dispatcher" daemon [_thread_blocked, id=14928, stack(0x00000036c6c00000,0x00000036c6d00000)]
  0x00000145edb8d800 JavaThread "Attach Listener" daemon [_thread_blocked, id=3496, stack(0x00000036c6d00000,0x00000036c6e00000)]
  0x00000145edb8f800 JavaThread "C2 CompilerThread0" daemon [_thread_blocked, id=12284, stack(0x00000036c6e00000,0x00000036c6f00000)]
  0x00000145edb92800 JavaThread "C1 CompilerThread0" daemon [_thread_blocked, id=10376, stack(0x00000036c6f00000,0x00000036c7000000)]
  0x00000145edb94000 JavaThread "Sweeper thread" daemon [_thread_blocked, id=2228, stack(0x00000036c7000000,0x00000036c7100000)]
  0x00000145ee65d800 JavaThread "Service Thread" daemon [_thread_blocked, id=15744, stack(0x00000036c7100000,0x00000036c7200000)]
  0x00000145ee654800 JavaThread "Common-Cleaner" daemon [_thread_blocked, id=15992, stack(0x00000036c7300000,0x00000036c7400000)]
  0x00000145eea9d000 JavaThread "Java2D Disposer" daemon [_thread_blocked, id=6104, stack(0x00000036c7500000,0x00000036c7600000)]
  0x00000145eeb4b800 JavaThread "AWT-Shutdown" [_thread_blocked, id=3904, stack(0x00000036c7600000,0x00000036c7700000)]
  0x00000145eeb50800 JavaThread "AWT-Windows" daemon [_thread_in_native, id=15972, stack(0x00000036c7700000,0x00000036c7800000)]
=>0x00000145eec28800 JavaThread "AWT-EventQueue-0" [_thread_in_native, id=10480, stack(0x00000036c7800000,0x00000036c7900000)]
  0x00000145ce815000 JavaThread "DestroyJavaVM" [_thread_blocked, id=10920, stack(0x00000036c6300000,0x00000036c6400000)]

Other Threads:
  0x00000145edb4e000 VMThread "VM Thread" [stack: 0x00000036c6900000,0x00000036c6a00000] [id=13712]
  0x00000145ee64c000 WatcherThread [stack: 0x00000036c7200000,0x00000036c7300000] [id=4804]
  0x00000145ce82a800 GCTaskThread "GC Thread#0" [stack: 0x00000036c6400000,0x00000036c6500000] [id=7612]
  0x00000145ce85c800 ConcurrentGCThread "G1 Main Marker" [stack: 0x00000036c6500000,0x00000036c6600000] [id=3848]
  0x00000145ce85e800 ConcurrentGCThread "G1 Conc#0" [stack: 0x00000036c6600000,0x00000036c6700000] [id=11160]
  0x00000145ce8ee800 ConcurrentGCThread "G1 Refine#0" [stack: 0x00000036c6700000,0x00000036c6800000] [id=11380]
  0x00000145ed9b4800 ConcurrentGCThread "G1 Young RemSet Sampling" [stack: 0x00000036c6800000,0x00000036c6900000] [id=4944]

Threads with active compile tasks:

VM state:not at safepoint (normal execution)

VM Mutex/Monitor currently owned by a thread: None

Heap address: 0x0000000082200000, size: 2014 MB, Compressed Oops mode: 32-bit
Narrow klass base: 0x0000000000000000, Narrow klass shift: 3
Compressed class space size: 1073741824 Address: 0x0000000100000000

Heap:
 garbage-first heap   total 129024K, used 8192K [0x0000000082200000, 0x0000000100000000)
  region size 1024K, 9 young (9216K), 0 survivors (0K)
 Metaspace       used 11462K, capacity 11742K, committed 11776K, reserved 1060864K
  class space    used 1137K, capacity 1277K, committed 1280K, reserved 1048576K
Heap Regions: E=young(eden), S=young(survivor), O=old, HS=humongous(starts), HC=humongous(continues), CS=collection set, F=free, A=archive, TAMS=top-at-mark-start (previous, next)
|   0|0x0000000082200000, 0x0000000082200000, 0x0000000082300000|  0%| F|  |TAMS 0x0000000082200000, 0x0000000082200000| Untracked 
|   1|0x0000000082300000, 0x0000000082300000, 0x0000000082400000|  0%| F|  |TAMS 0x0000000082300000, 0x0000000082300000| Untracked 
|   2|0x0000000082400000, 0x0000000082400000, 0x0000000082500000|  0%| F|  |TAMS 0x0000000082400000, 0x0000000082400000| Untracked 
|   3|0x0000000082500000, 0x0000000082500000, 0x0000000082600000|  0%| F|  |TAMS 0x0000000082500000, 0x0000000082500000| Untracked 
|   4|0x0000000082600000, 0x0000000082600000, 0x0000000082700000|  0%| F|  |TAMS 0x0000000082600000, 0x0000000082600000| Untracked 
|   5|0x0000000082700000, 0x0000000082700000, 0x0000000082800000|  0%| F|  |TAMS 0x0000000082700000, 0x0000000082700000| Untracked 
|   6|0x0000000082800000, 0x0000000082800000, 0x0000000082900000|  0%| F|  |TAMS 0x0000000082800000, 0x0000000082800000| Untracked 
|   7|0x0000000082900000, 0x0000000082900000, 0x0000000082a00000|  0%| F|  |TAMS 0x0000000082900000, 0x0000000082900000| Untracked 
|   8|0x0000000082a00000, 0x0000000082a00000, 0x0000000082b00000|  0%| F|  |TAMS 0x0000000082a00000, 0x0000000082a00000| Untracked 
|   9|0x0000000082b00000, 0x0000000082b00000, 0x0000000082c00000|  0%| F|  |TAMS 0x0000000082b00000, 0x0000000082b00000| Untracked 
|  10|0x0000000082c00000, 0x0000000082c00000, 0x0000000082d00000|  0%| F|  |TAMS 0x0000000082c00000, 0x0000000082c00000| Untracked 
|  11|0x0000000082d00000, 0x0000000082d00000, 0x0000000082e00000|  0%| F|  |TAMS 0x0000000082d00000, 0x0000000082d00000| Untracked 
|  12|0x0000000082e00000, 0x0000000082e00000, 0x0000000082f00000|  0%| F|  |TAMS 0x0000000082e00000, 0x0000000082e00000| Untracked 
|  13|0x0000000082f00000, 0x0000000082f00000, 0x0000000083000000|  0%| F|  |TAMS 0x0000000082f00000, 0x0000000082f00000| Untracked 
|  14|0x0000000083000000, 0x0000000083000000, 0x0000000083100000|  0%| F|  |TAMS 0x0000000083000000, 0x0000000083000000| Untracked 
|  15|0x0000000083100000, 0x0000000083100000, 0x0000000083200000|  0%| F|  |TAMS 0x0000000083100000, 0x0000000083100000| Untracked 
|  16|0x0000000083200000, 0x0000000083200000, 0x0000000083300000|  0%| F|  |TAMS 0x0000000083200000, 0x0000000083200000| Untracked 
|  17|0x0000000083300000, 0x0000000083300000, 0x0000000083400000|  0%| F|  |TAMS 0x0000000083300000, 0x0000000083300000| Untracked 
|  18|0x0000000083400000, 0x0000000083400000, 0x0000000083500000|  0%| F|  |TAMS 0x0000000083400000, 0x0000000083400000| Untracked 
|  19|0x0000000083500000, 0x0000000083500000, 0x0000000083600000|  0%| F|  |TAMS 0x0000000083500000, 0x0000000083500000| Untracked 
|  20|0x0000000083600000, 0x0000000083600000, 0x0000000083700000|  0%| F|  |TAMS 0x0000000083600000, 0x0000000083600000| Untracked 
|  21|0x0000000083700000, 0x0000000083700000, 0x0000000083800000|  0%| F|  |TAMS 0x0000000083700000, 0x0000000083700000| Untracked 
|  22|0x0000000083800000, 0x0000000083800000, 0x0000000083900000|  0%| F|  |TAMS 0x0000000083800000, 0x0000000083800000| Untracked 
|  23|0x0000000083900000, 0x0000000083900000, 0x0000000083a00000|  0%| F|  |TAMS 0x0000000083900000, 0x0000000083900000| Untracked 
|  24|0x0000000083a00000, 0x0000000083a00000, 0x0000000083b00000|  0%| F|  |TAMS 0x0000000083a00000, 0x0000000083a00000| Untracked 
|  25|0x0000000083b00000, 0x0000000083b00000, 0x0000000083c00000|  0%| F|  |TAMS 0x0000000083b00000, 0x0000000083b00000| Untracked 
|  26|0x0000000083c00000, 0x0000000083c00000, 0x0000000083d00000|  0%| F|  |TAMS 0x0000000083c00000, 0x0000000083c00000| Untracked 
|  27|0x0000000083d00000, 0x0000000083d00000, 0x0000000083e00000|  0%| F|  |TAMS 0x0000000083d00000, 0x0000000083d00000| Untracked 
|  28|0x0000000083e00000, 0x0000000083e00000, 0x0000000083f00000|  0%| F|  |TAMS 0x0000000083e00000, 0x0000000083e00000| Untracked 
|  29|0x0000000083f00000, 0x0000000083f00000, 0x0000000084000000|  0%| F|  |TAMS 0x0000000083f00000, 0x0000000083f00000| Untracked 
|  30|0x0000000084000000, 0x0000000084000000, 0x0000000084100000|  0%| F|  |TAMS 0x0000000084000000, 0x0000000084000000| Untracked 
|  31|0x0000000084100000, 0x0000000084100000, 0x0000000084200000|  0%| F|  |TAMS 0x0000000084100000, 0x0000000084100000| Untracked 
|  32|0x0000000084200000, 0x0000000084200000, 0x0000000084300000|  0%| F|  |TAMS 0x0000000084200000, 0x0000000084200000| Untracked 
|  33|0x0000000084300000, 0x0000000084300000, 0x0000000084400000|  0%| F|  |TAMS 0x0000000084300000, 0x0000000084300000| Untracked 
|  34|0x0000000084400000, 0x0000000084400000, 0x0000000084500000|  0%| F|  |TAMS 0x0000000084400000, 0x0000000084400000| Untracked 
|  35|0x0000000084500000, 0x0000000084500000, 0x0000000084600000|  0%| F|  |TAMS 0x0000000084500000, 0x0000000084500000| Untracked 
|  36|0x0000000084600000, 0x0000000084600000, 0x0000000084700000|  0%| F|  |TAMS 0x0000000084600000, 0x0000000084600000| Untracked 
|  37|0x0000000084700000, 0x0000000084700000, 0x0000000084800000|  0%| F|  |TAMS 0x0000000084700000, 0x0000000084700000| Untracked 
|  38|0x0000000084800000, 0x0000000084800000, 0x0000000084900000|  0%| F|  |TAMS 0x0000000084800000, 0x0000000084800000| Untracked 
|  39|0x0000000084900000, 0x0000000084900000, 0x0000000084a00000|  0%| F|  |TAMS 0x0000000084900000, 0x0000000084900000| Untracked 
|  40|0x0000000084a00000, 0x0000000084a00000, 0x0000000084b00000|  0%| F|  |TAMS 0x0000000084a00000, 0x0000000084a00000| Untracked 
|  41|0x0000000084b00000, 0x0000000084b00000, 0x0000000084c00000|  0%| F|  |TAMS 0x0000000084b00000, 0x0000000084b00000| Untracked 
|  42|0x0000000084c00000, 0x0000000084c00000, 0x0000000084d00000|  0%| F|  |TAMS 0x0000000084c00000, 0x0000000084c00000| Untracked 
|  43|0x0000000084d00000, 0x0000000084d00000, 0x0000000084e00000|  0%| F|  |TAMS 0x0000000084d00000, 0x0000000084d00000| Untracked 
|  44|0x0000000084e00000, 0x0000000084e00000, 0x0000000084f00000|  0%| F|  |TAMS 0x0000000084e00000, 0x0000000084e00000| Untracked 
|  45|0x0000000084f00000, 0x0000000084f00000, 0x0000000085000000|  0%| F|  |TAMS 0x0000000084f00000, 0x0000000084f00000| Untracked 
|  46|0x0000000085000000, 0x0000000085000000, 0x0000000085100000|  0%| F|  |TAMS 0x0000000085000000, 0x0000000085000000| Untracked 
|  47|0x0000000085100000, 0x0000000085100000, 0x0000000085200000|  0%| F|  |TAMS 0x0000000085100000, 0x0000000085100000| Untracked 
|  48|0x0000000085200000, 0x0000000085200000, 0x0000000085300000|  0%| F|  |TAMS 0x0000000085200000, 0x0000000085200000| Untracked 
|  49|0x0000000085300000, 0x0000000085300000, 0x0000000085400000|  0%| F|  |TAMS 0x0000000085300000, 0x0000000085300000| Untracked 
|  50|0x0000000085400000, 0x0000000085400000, 0x0000000085500000|  0%| F|  |TAMS 0x0000000085400000, 0x0000000085400000| Untracked 
|  51|0x0000000085500000, 0x0000000085500000, 0x0000000085600000|  0%| F|  |TAMS 0x0000000085500000, 0x0000000085500000| Untracked 
|  52|0x0000000085600000, 0x0000000085600000, 0x0000000085700000|  0%| F|  |TAMS 0x0000000085600000, 0x0000000085600000| Untracked 
|  53|0x0000000085700000, 0x0000000085700000, 0x0000000085800000|  0%| F|  |TAMS 0x0000000085700000, 0x0000000085700000| Untracked 
|  54|0x0000000085800000, 0x0000000085800000, 0x0000000085900000|  0%| F|  |TAMS 0x0000000085800000, 0x0000000085800000| Untracked 
|  55|0x0000000085900000, 0x0000000085900000, 0x0000000085a00000|  0%| F|  |TAMS 0x0000000085900000, 0x0000000085900000| Untracked 
|  56|0x0000000085a00000, 0x0000000085a00000, 0x0000000085b00000|  0%| F|  |TAMS 0x0000000085a00000, 0x0000000085a00000| Untracked 
|  57|0x0000000085b00000, 0x0000000085b00000, 0x0000000085c00000|  0%| F|  |TAMS 0x0000000085b00000, 0x0000000085b00000| Untracked 
|  58|0x0000000085c00000, 0x0000000085c00000, 0x0000000085d00000|  0%| F|  |TAMS 0x0000000085c00000, 0x0000000085c00000| Untracked 
|  59|0x0000000085d00000, 0x0000000085d00000, 0x0000000085e00000|  0%| F|  |TAMS 0x0000000085d00000, 0x0000000085d00000| Untracked 
|  60|0x0000000085e00000, 0x0000000085e00000, 0x0000000085f00000|  0%| F|  |TAMS 0x0000000085e00000, 0x0000000085e00000| Untracked 
|  61|0x0000000085f00000, 0x0000000085f00000, 0x0000000086000000|  0%| F|  |TAMS 0x0000000085f00000, 0x0000000085f00000| Untracked 
|  62|0x0000000086000000, 0x0000000086000000, 0x0000000086100000|  0%| F|  |TAMS 0x0000000086000000, 0x0000000086000000| Untracked 
|  63|0x0000000086100000, 0x0000000086100000, 0x0000000086200000|  0%| F|  |TAMS 0x0000000086100000, 0x0000000086100000| Untracked 
|  64|0x0000000086200000, 0x0000000086200000, 0x0000000086300000|  0%| F|  |TAMS 0x0000000086200000, 0x0000000086200000| Untracked 
|  65|0x0000000086300000, 0x0000000086300000, 0x0000000086400000|  0%| F|  |TAMS 0x0000000086300000, 0x0000000086300000| Untracked 
|  66|0x0000000086400000, 0x0000000086400000, 0x0000000086500000|  0%| F|  |TAMS 0x0000000086400000, 0x0000000086400000| Untracked 
|  67|0x0000000086500000, 0x0000000086500000, 0x0000000086600000|  0%| F|  |TAMS 0x0000000086500000, 0x0000000086500000| Untracked 
|  68|0x0000000086600000, 0x0000000086600000, 0x0000000086700000|  0%| F|  |TAMS 0x0000000086600000, 0x0000000086600000| Untracked 
|  69|0x0000000086700000, 0x0000000086700000, 0x0000000086800000|  0%| F|  |TAMS 0x0000000086700000, 0x0000000086700000| Untracked 
|  70|0x0000000086800000, 0x0000000086800000, 0x0000000086900000|  0%| F|  |TAMS 0x0000000086800000, 0x0000000086800000| Untracked 
|  71|0x0000000086900000, 0x0000000086900000, 0x0000000086a00000|  0%| F|  |TAMS 0x0000000086900000, 0x0000000086900000| Untracked 
|  72|0x0000000086a00000, 0x0000000086a00000, 0x0000000086b00000|  0%| F|  |TAMS 0x0000000086a00000, 0x0000000086a00000| Untracked 
|  73|0x0000000086b00000, 0x0000000086b00000, 0x0000000086c00000|  0%| F|  |TAMS 0x0000000086b00000, 0x0000000086b00000| Untracked 
|  74|0x0000000086c00000, 0x0000000086c00000, 0x0000000086d00000|  0%| F|  |TAMS 0x0000000086c00000, 0x0000000086c00000| Untracked 
|  75|0x0000000086d00000, 0x0000000086d00000, 0x0000000086e00000|  0%| F|  |TAMS 0x0000000086d00000, 0x0000000086d00000| Untracked 
|  76|0x0000000086e00000, 0x0000000086e00000, 0x0000000086f00000|  0%| F|  |TAMS 0x0000000086e00000, 0x0000000086e00000| Untracked 
|  77|0x0000000086f00000, 0x0000000086f00000, 0x0000000087000000|  0%| F|  |TAMS 0x0000000086f00000, 0x0000000086f00000| Untracked 
|  78|0x0000000087000000, 0x0000000087000000, 0x0000000087100000|  0%| F|  |TAMS 0x0000000087000000, 0x0000000087000000| Untracked 
|  79|0x0000000087100000, 0x0000000087100000, 0x0000000087200000|  0%| F|  |TAMS 0x0000000087100000, 0x0000000087100000| Untracked 
|  80|0x0000000087200000, 0x0000000087200000, 0x0000000087300000|  0%| F|  |TAMS 0x0000000087200000, 0x0000000087200000| Untracked 
|  81|0x0000000087300000, 0x0000000087300000, 0x0000000087400000|  0%| F|  |TAMS 0x0000000087300000, 0x0000000087300000| Untracked 
|  82|0x0000000087400000, 0x0000000087400000, 0x0000000087500000|  0%| F|  |TAMS 0x0000000087400000, 0x0000000087400000| Untracked 
|  83|0x0000000087500000, 0x0000000087500000, 0x0000000087600000|  0%| F|  |TAMS 0x0000000087500000, 0x0000000087500000| Untracked 
|  84|0x0000000087600000, 0x0000000087600000, 0x0000000087700000|  0%| F|  |TAMS 0x0000000087600000, 0x0000000087600000| Untracked 
|  85|0x0000000087700000, 0x0000000087700000, 0x0000000087800000|  0%| F|  |TAMS 0x0000000087700000, 0x0000000087700000| Untracked 
|  86|0x0000000087800000, 0x0000000087800000, 0x0000000087900000|  0%| F|  |TAMS 0x0000000087800000, 0x0000000087800000| Untracked 
|  87|0x0000000087900000, 0x0000000087900000, 0x0000000087a00000|  0%| F|  |TAMS 0x0000000087900000, 0x0000000087900000| Untracked 
|  88|0x0000000087a00000, 0x0000000087a00000, 0x0000000087b00000|  0%| F|  |TAMS 0x0000000087a00000, 0x0000000087a00000| Untracked 
|  89|0x0000000087b00000, 0x0000000087b00000, 0x0000000087c00000|  0%| F|  |TAMS 0x0000000087b00000, 0x0000000087b00000| Untracked 
|  90|0x0000000087c00000, 0x0000000087c00000, 0x0000000087d00000|  0%| F|  |TAMS 0x0000000087c00000, 0x0000000087c00000| Untracked 
|  91|0x0000000087d00000, 0x0000000087d00000, 0x0000000087e00000|  0%| F|  |TAMS 0x0000000087d00000, 0x0000000087d00000| Untracked 
|  92|0x0000000087e00000, 0x0000000087e00000, 0x0000000087f00000|  0%| F|  |TAMS 0x0000000087e00000, 0x0000000087e00000| Untracked 
|  93|0x0000000087f00000, 0x0000000087f00000, 0x0000000088000000|  0%| F|  |TAMS 0x0000000087f00000, 0x0000000087f00000| Untracked 
|  94|0x0000000088000000, 0x0000000088000000, 0x0000000088100000|  0%| F|  |TAMS 0x0000000088000000, 0x0000000088000000| Untracked 
|  95|0x0000000088100000, 0x0000000088100000, 0x0000000088200000|  0%| F|  |TAMS 0x0000000088100000, 0x0000000088100000| Untracked 
|  96|0x0000000088200000, 0x0000000088200000, 0x0000000088300000|  0%| F|  |TAMS 0x0000000088200000, 0x0000000088200000| Untracked 
|  97|0x0000000088300000, 0x0000000088300000, 0x0000000088400000|  0%| F|  |TAMS 0x0000000088300000, 0x0000000088300000| Untracked 
|  98|0x0000000088400000, 0x0000000088400000, 0x0000000088500000|  0%| F|  |TAMS 0x0000000088400000, 0x0000000088400000| Untracked 
|  99|0x0000000088500000, 0x0000000088500000, 0x0000000088600000|  0%| F|  |TAMS 0x0000000088500000, 0x0000000088500000| Untracked 
| 100|0x0000000088600000, 0x0000000088600000, 0x0000000088700000|  0%| F|  |TAMS 0x0000000088600000, 0x0000000088600000| Untracked 
| 101|0x0000000088700000, 0x0000000088700000, 0x0000000088800000|  0%| F|  |TAMS 0x0000000088700000, 0x0000000088700000| Untracked 
| 102|0x0000000088800000, 0x0000000088800000, 0x0000000088900000|  0%| F|  |TAMS 0x0000000088800000, 0x0000000088800000| Untracked 
| 103|0x0000000088900000, 0x0000000088900000, 0x0000000088a00000|  0%| F|  |TAMS 0x0000000088900000, 0x0000000088900000| Untracked 
| 104|0x0000000088a00000, 0x0000000088a00000, 0x0000000088b00000|  0%| F|  |TAMS 0x0000000088a00000, 0x0000000088a00000| Untracked 
| 105|0x0000000088b00000, 0x0000000088b00000, 0x0000000088c00000|  0%| F|  |TAMS 0x0000000088b00000, 0x0000000088b00000| Untracked 
| 106|0x0000000088c00000, 0x0000000088c00000, 0x0000000088d00000|  0%| F|  |TAMS 0x0000000088c00000, 0x0000000088c00000| Untracked 
| 107|0x0000000088d00000, 0x0000000088d00000, 0x0000000088e00000|  0%| F|  |TAMS 0x0000000088d00000, 0x0000000088d00000| Untracked 
| 108|0x0000000088e00000, 0x0000000088e00000, 0x0000000088f00000|  0%| F|  |TAMS 0x0000000088e00000, 0x0000000088e00000| Untracked 
| 109|0x0000000088f00000, 0x0000000088f00000, 0x0000000089000000|  0%| F|  |TAMS 0x0000000088f00000, 0x0000000088f00000| Untracked 
| 110|0x0000000089000000, 0x0000000089000000, 0x0000000089100000|  0%| F|  |TAMS 0x0000000089000000, 0x0000000089000000| Untracked 
| 111|0x0000000089100000, 0x0000000089100000, 0x0000000089200000|  0%| F|  |TAMS 0x0000000089100000, 0x0000000089100000| Untracked 
| 112|0x0000000089200000, 0x0000000089200000, 0x0000000089300000|  0%| F|  |TAMS 0x0000000089200000, 0x0000000089200000| Untracked 
| 113|0x0000000089300000, 0x0000000089300000, 0x0000000089400000|  0%| F|  |TAMS 0x0000000089300000, 0x0000000089300000| Untracked 
| 114|0x0000000089400000, 0x0000000089400000, 0x0000000089500000|  0%| F|  |TAMS 0x0000000089400000, 0x0000000089400000| Untracked 
| 115|0x0000000089500000, 0x0000000089500000, 0x0000000089600000|  0%| F|  |TAMS 0x0000000089500000, 0x0000000089500000| Untracked 
| 116|0x0000000089600000, 0x0000000089600000, 0x0000000089700000|  0%| F|  |TAMS 0x0000000089600000, 0x0000000089600000| Untracked 
| 117|0x0000000089700000, 0x000000008977b630, 0x0000000089800000| 48%| E|  |TAMS 0x0000000089700000, 0x0000000089700000| Complete 
| 118|0x0000000089800000, 0x0000000089900000, 0x0000000089900000|100%| E|CS|TAMS 0x0000000089800000, 0x0000000089800000| Complete 
| 119|0x0000000089900000, 0x0000000089a00000, 0x0000000089a00000|100%| E|CS|TAMS 0x0000000089900000, 0x0000000089900000| Complete 
| 120|0x0000000089a00000, 0x0000000089b00000, 0x0000000089b00000|100%| E|CS|TAMS 0x0000000089a00000, 0x0000000089a00000| Complete 
| 121|0x0000000089b00000, 0x0000000089c00000, 0x0000000089c00000|100%| E|CS|TAMS 0x0000000089b00000, 0x0000000089b00000| Complete 
| 122|0x0000000089c00000, 0x0000000089d00000, 0x0000000089d00000|100%| E|CS|TAMS 0x0000000089c00000, 0x0000000089c00000| Complete 
| 123|0x0000000089d00000, 0x0000000089e00000, 0x0000000089e00000|100%| E|CS|TAMS 0x0000000089d00000, 0x0000000089d00000| Complete 
| 124|0x0000000089e00000, 0x0000000089f00000, 0x0000000089f00000|100%| E|CS|TAMS 0x0000000089e00000, 0x0000000089e00000| Complete 
| 125|0x0000000089f00000, 0x000000008a000000, 0x000000008a000000|100%| E|CS|TAMS 0x0000000089f00000, 0x0000000089f00000| Complete 

Card table byte_map: [0x00000145e69a0000,0x00000145e6d90000] _byte_map_base: 0x00000145e658f000

Marking Bits (Prev, Next): (CMBitMap*) 0x00000145ce853bf8, (CMBitMap*) 0x00000145ce853c30
 Prev Bits: [0x00000145e7180000, 0x00000145e90f8000)
 Next Bits: [0x00000145e9100000, 0x00000145eb078000)

Polling page: 0x00000145ccef0000

Metaspace:

Usage:
  Non-class:     10.22 MB capacity,    10.08 MB ( 99%) used,   112.74 KB (  1%) free+waste,    26.69 KB ( <1%) overhead. 
      Class:      1.25 MB capacity,     1.11 MB ( 89%) used,   127.00 KB ( 10%) free+waste,    12.94 KB (  1%) overhead. 
       Both:     11.47 MB capacity,    11.19 MB ( 98%) used,   239.74 KB (  2%) free+waste,    39.63 KB ( <1%) overhead. 

Virtual space:
  Non-class space:       12.00 MB reserved,      10.25 MB ( 85%) committed 
      Class space:        1.00 GB reserved,       1.25 MB ( <1%) committed 
             Both:        1.01 GB reserved,      11.50 MB (  1%) committed 

Chunk freelists:
   Non-Class:  3.88 KB
       Class:  384 bytes
        Both:  4.25 KB

CodeHeap 'non-profiled nmethods': size=120000Kb used=258Kb max_used=258Kb free=119741Kb
 bounds [0x00000145de620000, 0x00000145de890000, 0x00000145e5b50000]
CodeHeap 'profiled nmethods': size=120000Kb used=1225Kb max_used=1225Kb free=118775Kb
 bounds [0x00000145d70f0000, 0x00000145d7360000, 0x00000145de620000]
CodeHeap 'non-nmethods': size=5760Kb used=1159Kb max_used=1180Kb free=4601Kb
 bounds [0x00000145d6b50000, 0x00000145d6dc0000, 0x00000145d70f0000]
 total_blobs=1436 nmethods=782 adapters=413
 compilation: enabled
              stopped_count=0, restarted_count=0
 full_count=0

Compilation events (10 events):
Event: 4.306 Thread 0x00000145edb8f800  778       4       java.util.zip.ZipUtils::LG (22 bytes)
Event: 4.307 Thread 0x00000145edb92800  779       3       java.lang.String::startsWith (7 bytes)
Event: 4.307 Thread 0x00000145edb92800 nmethod 779 0x00000145d7220b10 code [0x00000145d7220cc0, 0x00000145d7220e70]
Event: 4.307 Thread 0x00000145edb8f800 nmethod 778 0x00000145de65ff90 code [0x00000145de660120, 0x00000145de6601f8]
Event: 4.307 Thread 0x00000145edb8f800  780       4       java.lang.String::getBytes (44 bytes)
Event: 4.308 Thread 0x00000145edb8f800 nmethod 780 0x00000145de660310 code [0x00000145de6604a0, 0x00000145de6605b8]
Event: 4.309 Thread 0x00000145edb92800  782       3       java.lang.StringLatin1::toLowerCase (180 bytes)
Event: 4.309 Thread 0x00000145edb92800 nmethod 782 0x00000145d7220f10 code [0x00000145d72211c0, 0x00000145d7221f20]
Event: 4.309 Thread 0x00000145edb92800  781       1       java.util.zip.Inflater$InflaterZStreamRef::address (5 bytes)
Event: 4.310 Thread 0x00000145edb92800 nmethod 781 0x00000145de660710 code [0x00000145de6608c0, 0x00000145de6609d8]

GC Heap History (0 events):
No events

Deoptimization events (2 events):
Event: 0.075 Thread 0x00000145ce815000 Uncommon trap: reason=unstable_if action=reinterpret pc=0x00000145de625270 method=java.lang.String.hashCode()I @ 14 c2
Event: 0.256 Thread 0x00000145ce815000 Uncommon trap: reason=unstable_if action=reinterpret pc=0x00000145de635ff8 method=java.lang.String.isLatin1()Z @ 10 c2

Classes redefined (0 events):
No events

Internal exceptions (10 events):
Event: 0.163 Thread 0x00000145ce815000 Exception <a 'java/lang/NoSuchMethodError'{0x0000000089cbcb90}: java.lang.invoke.DirectMethodHandle$Holder.invokeStatic(Ljava/lang/Object;Ljava/lang/Object;Ljava/lang/Object;Ljava/lang/Object;I)Ljava/lang/Object;> (0x0000000089cbcb90) thrown at [t:/worksp
Event: 0.170 Thread 0x00000145ce815000 Exception <a 'java/io/FileNotFoundException'{0x0000000089b1ff40}> (0x0000000089b1ff40) thrown at [t:/workspace/open/src/hotspot/share/prims/jni.cpp, line 615]
Event: 0.207 Thread 0x00000145eeb50800 Exception <a 'java/lang/NoSuchMethodError'{0x0000000089bfb790}: java.lang.invoke.DirectMethodHandle$Holder.invokeSpecial(Ljava/lang/Object;Ljava/lang/Object;)V> (0x0000000089bfb790) thrown at [t:/workspace/open/src/hotspot/share/interpreter/linkResolver.c
Event: 0.210 Thread 0x00000145ce815000 Exception <a 'java/lang/NoSuchMethodError'{0x0000000089bcdc48}: java.lang.invoke.DirectMethodHandle$Holder.invokeStatic(Ljava/lang/Object;Ljava/lang/Object;Ljava/lang/Object;Ljava/lang/Object;Ljava/lang/Object;Ljava/lang/Object;Ljava/lang/Object;Ljava/lan
Event: 0.211 Thread 0x00000145ce815000 Exception <a 'java/lang/NoSuchMethodError'{0x0000000089be7ba0}: java.lang.invoke.DirectMethodHandle$Holder.invokeStatic(Ljava/lang/Object;Ljava/lang/Object;Ljava/lang/Object;Ljava/lang/Object;Ljava/lang/Object;Ljava/lang/Object;Ljava/lang/Object;Ljava/lan
Event: 0.240 Thread 0x00000145ce815000 Exception <a 'java/lang/NoSuchMethodError'{0x000000008990bf58}: java.lang.invoke.DirectMethodHandle$Holder.invokeStaticInit(Ljava/lang/Object;)V> (0x000000008990bf58) thrown at [t:/workspace/open/src/hotspot/share/interpreter/linkResolver.cpp, line 772]
Event: 0.273 Thread 0x00000145ce815000 Exception <a 'java/lang/NoSuchMethodError'{0x000000008987b1e0}: java.lang.invoke.DirectMethodHandle$Holder.invokeStatic(Ljava/lang/Object;Ljava/lang/Object;Ljava/lang/Object;Ljava/lang/Object;Ljava/lang/Object;Ljava/lang/Object;Ljava/lang/Object;Ljava/lan
Event: 0.274 Thread 0x00000145ce815000 Exception <a 'java/lang/NoSuchMethodError'{0x0000000089899798}: java.lang.invoke.DirectMethodHandle$Holder.invokeStatic(Ljava/lang/Object;Ljava/lang/Object;Ljava/lang/Object;Ljava/lang/Object;Ljava/lang/Object;Ljava/lang/Object;Ljava/lang/Object;Ljava/lan
Event: 0.275 Thread 0x00000145ce815000 Exception <a 'java/lang/NoSuchMethodError'{0x00000000898b8728}: java.lang.invoke.DirectMethodHandle$Holder.invokeStatic(Ljava/lang/Object;Ljava/lang/Object;Ljava/lang/Object;Ljava/lang/Object;Ljava/lang/Object;Ljava/lang/Object;Ljava/lang/Object;Ljava/lan
Event: 0.276 Thread 0x00000145ce815000 Exception <a 'java/lang/NoSuchMethodError'{0x00000000898c46d8}: java.lang.invoke.Invokers$Holder.linkToTargetMethod(Ljava/lang/Object;ILjava/lang/Object;)Ljava/lang/Object;> (0x00000000898c46d8) thrown at [t:/workspace/open/src/hotspot/share/interpreter/l

Events (10 events):
Event: 4.308 Executing VM operation: RevokeBias
Event: 4.308 Executing VM operation: RevokeBias done
Event: 4.308 loading class java/lang/InterruptedException
Event: 4.308 loading class java/lang/InterruptedException done
Event: 4.309 loading class jssc/SerialPortTimeoutException
Event: 4.309 loading class jssc/SerialPortTimeoutException done
Event: 4.309 loading class java/lang/SecurityException
Event: 4.309 loading class java/lang/SecurityException done
Event: 4.309 loading class jssc/SerialNativeInterface
Event: 4.309 loading class jssc/SerialNativeInterface done


Dynamic libraries:
0x00007ff7b58d0000 - 0x00007ff7b5915000 	C:\Program Files\Java\jdk-11\bin\java.exe
0x00007ffce1a00000 - 0x00007ffce1bf0000 	C:\WINDOWS\SYSTEM32\ntdll.dll
0x00007ffce05d0000 - 0x00007ffce0682000 	C:\WINDOWS\System32\KERNEL32.DLL
0x00007ffcdec50000 - 0x00007ffcdeef4000 	C:\WINDOWS\System32\KERNELBASE.dll
0x00007ffcdfe30000 - 0x00007ffcdffc4000 	C:\WINDOWS\System32\USER32.dll
0x00007ffcdef00000 - 0x00007ffcdef21000 	C:\WINDOWS\System32\win32u.dll
0x00007ffce1950000 - 0x00007ffce1976000 	C:\WINDOWS\System32\GDI32.dll
0x00007ffcde9d0000 - 0x00007ffcdeb66000 	C:\WINDOWS\System32\gdi32full.dll
0x00007ffcdef30000 - 0x00007ffcdefce000 	C:\WINDOWS\System32\msvcp_win.dll
0x00007ffcdf170000 - 0x00007ffcdf26a000 	C:\WINDOWS\System32\ucrtbase.dll
0x00007ffcca5f0000 - 0x00007ffcca874000 	C:\WINDOWS\WinSxS\amd64_microsoft.windows.common-controls_6595b64144ccf1df_6.0.18362.959_none_e6c7bbbf130c62bb\COMCTL32.dll
0x00007ffce0fb0000 - 0x00007ffce104e000 	C:\WINDOWS\System32\msvcrt.dll
0x00007ffce0a40000 - 0x00007ffce0d75000 	C:\WINDOWS\System32\combase.dll
0x00007ffcdfbb0000 - 0x00007ffcdfcd0000 	C:\WINDOWS\System32\RPCRT4.dll
0x00007ffcde950000 - 0x00007ffcde9d0000 	C:\WINDOWS\System32\bcryptPrimitives.dll
0x00007ffce10c0000 - 0x00007ffce10ee000 	C:\WINDOWS\System32\IMM32.DLL
0x00007ffcd6d80000 - 0x00007ffcd6d96000 	C:\Program Files\Java\jdk-11\bin\vcruntime140.dll
0x00007ffcd5e40000 - 0x00007ffcd5eea000 	C:\Program Files\Java\jdk-11\bin\msvcp140.dll
0x00007ffc820e0000 - 0x00007ffc82c21000 	C:\Program Files\Java\jdk-11\bin\server\jvm.dll
0x00007ffce0520000 - 0x00007ffce05c3000 	C:\WINDOWS\System32\ADVAPI32.dll
0x00007ffcdfcd0000 - 0x00007ffcdfd67000 	C:\WINDOWS\System32\sechost.dll
0x00007ffce0510000 - 0x00007ffce0518000 	C:\WINDOWS\System32\PSAPI.DLL
0x00007ffcc9ac0000 - 0x00007ffcc9ac9000 	C:\WINDOWS\SYSTEM32\WSOCK32.dll
0x00007ffcd9010000 - 0x00007ffcd9034000 	C:\WINDOWS\SYSTEM32\WINMM.dll
0x00007ffce04a0000 - 0x00007ffce050f000 	C:\WINDOWS\System32\WS2_32.dll
0x00007ffcd5b90000 - 0x00007ffcd5b9a000 	C:\WINDOWS\SYSTEM32\VERSION.dll
0x00007ffcd84d0000 - 0x00007ffcd84fd000 	C:\WINDOWS\SYSTEM32\winmmbase.dll
0x00007ffcdf120000 - 0x00007ffcdf16a000 	C:\WINDOWS\System32\cfgmgr32.dll
0x00007ffcde8b0000 - 0x00007ffcde8c1000 	C:\WINDOWS\System32\kernel.appcore.dll
0x00007ffcd6130000 - 0x00007ffcd6141000 	C:\Program Files\Java\jdk-11\bin\verify.dll
0x00007ffcda170000 - 0x00007ffcda364000 	C:\WINDOWS\SYSTEM32\DBGHELP.DLL
0x00007ffcc9f10000 - 0x00007ffcc9f3a000 	C:\WINDOWS\SYSTEM32\dbgcore.DLL
0x00007ffcd5e10000 - 0x00007ffcd5e38000 	C:\Program Files\Java\jdk-11\bin\java.dll
0x00007ffcd43e0000 - 0x00007ffcd43f6000 	C:\Program Files\Java\jdk-11\bin\zip.dll
0x00007ffcd7bb0000 - 0x00007ffcd7bba000 	C:\Program Files\Java\jdk-11\bin\jimage.dll
0x00007ffce1240000 - 0x00007ffce1926000 	C:\WINDOWS\System32\SHELL32.dll
0x00007ffcdfa80000 - 0x00007ffcdfb29000 	C:\WINDOWS\System32\shcore.dll
0x00007ffcdf2f0000 - 0x00007ffcdfa72000 	C:\WINDOWS\System32\windows.storage.dll
0x00007ffcde8d0000 - 0x00007ffcde8f3000 	C:\WINDOWS\System32\profapi.dll
0x00007ffcde900000 - 0x00007ffcde94a000 	C:\WINDOWS\System32\powrprof.dll
0x00007ffcde880000 - 0x00007ffcde890000 	C:\WINDOWS\System32\UMPDC.dll
0x00007ffcdfdd0000 - 0x00007ffcdfe22000 	C:\WINDOWS\System32\shlwapi.dll
0x00007ffcdf2d0000 - 0x00007ffcdf2e7000 	C:\WINDOWS\System32\cryptsp.dll
0x00007ffccd8d0000 - 0x00007ffccd8e9000 	C:\Program Files\Java\jdk-11\bin\net.dll
0x00007ffcd3fe0000 - 0x00007ffcd40d0000 	C:\WINDOWS\SYSTEM32\WINHTTP.dll
0x00007ffcde0a0000 - 0x00007ffcde107000 	C:\WINDOWS\system32\mswsock.dll
0x00007ffcccd10000 - 0x00007ffcccd23000 	C:\Program Files\Java\jdk-11\bin\nio.dll
0x00007ffcb6ae0000 - 0x00007ffcb6c7e000 	C:\Program Files\Java\jdk-11\bin\awt.dll
0x00007ffce0ee0000 - 0x00007ffce0fa5000 	C:\WINDOWS\System32\OLEAUT32.dll
0x00007ffcd7420000 - 0x00007ffcd79e0000 	C:\WINDOWS\SYSTEM32\d2d1.dll
0x00007ffcd8d40000 - 0x00007ffcd8dcf000 	C:\WINDOWS\SYSTEM32\apphelp.dll
0x00007ffcd9d10000 - 0x00007ffcd9d3d000 	C:\WINDOWS\system32\DWMAPI.DLL
0x00007ffcd9490000 - 0x00007ffcd9529000 	C:\WINDOWS\system32\uxtheme.dll
0x00007ffcc7f10000 - 0x00007ffcc8066000 	C:\WINDOWS\system32\opengl32.dll
0x00007ffcc7d10000 - 0x00007ffcc7d3c000 	C:\WINDOWS\SYSTEM32\GLU32.dll
0x00007ffcdd520000 - 0x00007ffcdd540000 	C:\WINDOWS\SYSTEM32\dxcore.dll
0x00007ffce06a0000 - 0x00007ffce07d5000 	C:\WINDOWS\System32\MSCTF.dll
0x00007ffce0d80000 - 0x00007ffce0ed7000 	C:\WINDOWS\System32\ole32.dll
0x00007ffcc8520000 - 0x00007ffcc85a0000 	C:\Program Files\Java\jdk-11\bin\freetype.dll
0x00007ffcb6a70000 - 0x00007ffcb6adf000 	C:\Program Files\Java\jdk-11\bin\fontmanager.dll
0x00007ffcd49b0000 - 0x00007ffcd4a4e000 	C:\WINDOWS\System32\TextInputFramework.dll
0x00007ffcd55a0000 - 0x00007ffcd58ca000 	C:\WINDOWS\System32\CoreUIComponents.dll
0x00007ffcd8c60000 - 0x00007ffcd8d34000 	C:\WINDOWS\System32\CoreMessaging.dll
0x00007ffcdd870000 - 0x00007ffcdd8a1000 	C:\WINDOWS\SYSTEM32\ntmarta.dll
0x00007ffcd69d0000 - 0x00007ffcd6b23000 	C:\WINDOWS\SYSTEM32\wintypes.dll
0x0000000071100000 - 0x0000000071125000 	C:\Users\svivan54\.jssc\windows\jSSC-2.8_x86_64.dll

dbghelp: loaded successfully - version: 4.0.5 - missing functions: none
symbol engine: initialized successfully - sym options: 0x614 - pdb path: .;C:\Program Files\Java\jdk-11\bin;C:\WINDOWS\SYSTEM32;C:\WINDOWS\WinSxS\amd64_microsoft.windows.common-controls_6595b64144ccf1df_6.0.18362.959_none_e6c7bbbf130c62bb;C:\Program Files\Java\jdk-11\bin\server;C:\Users\svivan54\.jssc\windows

VM Arguments:
jvm_args: -Dfile.encoding=windows-1251 -Duser.country=RU -Duser.language=ru -Duser.variant 
java_command: ru.bati4eli.pids.exchange.client.examples.SerialPortReadLog
java_class_path (initial): C:\Users\svivan54\Nextcloud\PROJECTS\JAVA\ru.bati4eli.pids.exchange.client\build\classes\java\main;C:\Users\svivan54\Nextcloud\PROJECTS\JAVA\ru.bati4eli.pids.exchange.client\build\classes\groovy\main;C:\Users\svivan54\Nextcloud\PROJECTS\JAVA\ru.bati4eli.pids.exchange.client\build\resources\main;C:\Users\svivan54\.gradle\caches\modules-2\files-2.1\org.scream3r\jssc\2.8.0\7e8d93052a8743a7937a6d46854057ac1ce876c1\jssc-2.8.0.jar;C:\Users\svivan54\.gradle\caches\modules-2\files-2.1\de.jensd\fontawesomefx\8.9\84f2b42df0faaf553c847e58100840aaf4507a61\fontawesomefx-8.9.jar;C:\Users\svivan54\.gradle\caches\modules-2\files-2.1\org.codehaus.groovy\groovy-all\2.4.15\423a17aeb2f64bc6f76e8e44265a548bec80fd42\groovy-all-2.4.15.jar;C:\Users\svivan54\.gradle\caches\modules-2\files-2.1\org.openjfx\javafx-fxml\13\ee55786ffd820bb7c8dd43d127a54b1141639e29\javafx-fxml-13-win.jar;C:\Users\svivan54\.gradle\caches\modules-2\files-2.1\org.openjfx\javafx-controls\13\7524fd4ab57de51637adb0e99f0220a1ae0ae4dd\javafx-controls-13-win.jar;C:\Users\svivan54\.gradle\caches\modules-2\files-2.1\org.openjfx\javafx-controls\13\6cd7169d2a729846c35fba9dc65af23a10ca253b\javafx-controls-13.jar;C:\Users\svivan54\.gradle\caches\modules-2\files-2.1\org.openjfx\javafx-graphics\13\bbcbc616702a086567585183efcb0ab8eb22a66b\javafx-graphics-13-win.jar;C:\Users\svivan54\.gradle\caches\modules-2\files-2.1\org.openjfx\javafx-graphics\13\a9407212df2b75d557a509ec14a9e8e282494b4e\javafx-graphics-13.jar;C:\Users\svivan54\.gradle\caches\modules-2\files-2.1\org.openjfx\javafx-base\13\6386f02a2b71d8b503c6ca3cd2d2dcb382ce86b4\javafx-base-13-win.jar;C:\Users\svivan54\.gradle\caches\modules-2\files-2.1\org.openjfx\javafx-base\13\43c52e1d11b38514e9d2421ad98ca6a35de12b0\javafx-base-13.jar
Launcher Type: SUN_STANDARD

[Global flags]
     intx CICompilerCount                          = 4                                         {product} {ergonomic}
     uint ConcGCThreads                            = 2                                         {product} {ergonomic}
     uint G1ConcRefinementThreads                  = 8                                         {product} {ergonomic}
   size_t G1HeapRegionSize                         = 1048576                                   {product} {ergonomic}
    uintx GCDrainStackTargetSize                   = 64                                        {product} {ergonomic}
   size_t InitialHeapSize                          = 132120576                                 {product} {ergonomic}
   size_t MarkStackSize                            = 4194304                                   {product} {ergonomic}
   size_t MaxHeapSize                              = 2111832064                                {product} {ergonomic}
   size_t MaxNewSize                               = 1266679808                                {product} {ergonomic}
   size_t MinHeapDeltaBytes                        = 1048576                                   {product} {ergonomic}
    uintx NonNMethodCodeHeapSize                   = 5835340                                {pd product} {ergonomic}
    uintx NonProfiledCodeHeapSize                  = 122911450                              {pd product} {ergonomic}
    uintx ProfiledCodeHeapSize                     = 122911450                              {pd product} {ergonomic}
    uintx ReservedCodeCacheSize                    = 251658240                              {pd product} {ergonomic}
     bool SegmentedCodeCache                       = true                                      {product} {ergonomic}
     bool UseCompressedClassPointers               = true                                 {lp64_product} {ergonomic}
     bool UseCompressedOops                        = true                                 {lp64_product} {ergonomic}
     bool UseG1GC                                  = true                                      {product} {ergonomic}
     bool UseLargePagesIndividualAllocation        = false                                  {pd product} {ergonomic}

Logging:
Log output configuration:
 #0: stdout all=warning uptime,level,tags
 #1: stderr all=off uptime,level,tags

Environment Variables:
JAVA_HOME=C:\Program Files\Java\jdk-11
PATH=C:\Program Files\Common Files\Oracle\Java\javapath;C:\Program Files (x86)\Common Files\Oracle\Java\javapath;C:\WINDOWS\system32;C:\WINDOWS;C:\WINDOWS\System32\Wbem;C:\WINDOWS\System32\WindowsPowerShell\v1.0\;C:\WINDOWS\System32\OpenSSH\;C:\Program Files (x86)\Bitvise SSH Client;C:\Program Files\Docker\Docker\resources\bin;C:\ProgramData\DockerDesktop\version-bin;C:\Program Files\maven\apache-maven-3.6.3\bin;C:\Program Files\dotnet\;C:\Users\svivan54\AppData\Local\Microsoft\WindowsApps;C:\Users\svivan54\AppData\Local\Programs\Git\cmd;C:\Users\svivan54\.dotnet\tools
USERNAME=svivan54
OS=Windows_NT
PROCESSOR_IDENTIFIER=Intel64 Family 6 Model 142 Stepping 10, GenuineIntel



---------------  S Y S T E M  ---------------

OS: Windows 10 , 64 bit Build 18362 (10.0.18362.959)

CPU:total 8 (initial active 8) (4 cores per cpu, 2 threads per core) family 6 model 142 stepping 10, cmov, cx8, fxsr, mmx, sse, sse2, sse3, ssse3, sse4.1, sse4.2, popcnt, avx, avx2, aes, clmul, erms, rtm, 3dnowpref, lzcnt, ht, tsc, tscinvbit, bmi1, bmi2, adx, fma

Memory: 4k page, system-wide physical 8051M (1667M free)
TotalPageFile size 9503M (AvailPageFile size 1992M)
current process WorkingSet (physical memory assigned to process): 61M, peak: 61M
current process commit charge ("private bytes"): 219M, peak: 221M

vm_info: OpenJDK 64-Bit Server VM (11+28) for windows-amd64 JRE (11+28), built on Aug 23 2018 03:04:58 by "mach5one" with MS VC++ 15.5 (VS2017)

END.
